[INFO] 18:00:51:187 cpu/(6622:6622): INICIANDO LOG CPU...
[INFO] 18:00:51:188 cpu/(6622:6622): CREANDO CONFIG CPU...
[ERROR] 18:00:51:188 cpu/(6622:6622): NO SE PUDO CREAR EL CONFIG...
[INFO] 18:06:37:637 cpu/(6844:6844): INICIANDO LOG CPU...
[INFO] 18:06:37:638 cpu/(6844:6844): CREANDO CONFIG CPU...
[ERROR] 18:06:37:638 cpu/(6844:6844): NO SE PUDO CREAR EL CONFIG...
[INFO] 18:09:36:848 cpu/(7013:7013): INICIANDO LOG CPU...
[INFO] 18:09:36:849 cpu/(7013:7013): CREANDO CONFIG CPU...
[ERROR] 18:09:36:849 cpu/(7013:7013): NO SE PUDO CREAR EL CONFIG...
[INFO] 18:10:05:443 cpu/(7053:7053): INICIANDO LOG CPU...
[INFO] 18:10:05:444 cpu/(7053:7053): CREANDO CONFIG CPU...
[INFO] 18:10:05:444 cpu/(7053:7053): Listo para escuchar a mi cliente
[INFO] 18:10:05:445 cpu/(7053:7054): Listo para escuchar a mi cliente
[INFO] 18:10:23:992 cpu/(7055:7055): INICIANDO LOG CPU...
[INFO] 18:10:23:992 cpu/(7055:7055): CREANDO CONFIG CPU...
[INFO] 18:10:23:993 cpu/(7055:7055): Listo para escuchar a mi cliente
[INFO] 18:10:23:993 cpu/(7055:7056): Listo para escuchar a mi cliente
[INFO] 18:11:36:617 cpu/(7102:7102): INICIANDO LOG CPU...
[INFO] 18:11:36:617 cpu/(7102:7102): CREANDO CONFIG CPU...
[INFO] 18:11:36:617 cpu/(7102:7102): Listo para escuchar a mi cliente
[INFO] 18:11:36:617 cpu/(7102:7103): Listo para escuchar a mi cliente
[INFO] 18:11:39:376 cpu/(7102:7103): Se conecto un cliente!
[INFO] 18:11:39:376 cpu/(7102:7103): Recibo mensaje de handshake 123
[INFO] 18:11:39:376 cpu/(7102:7103): Envio mensaje de handshake 124
[INFO] 18:11:39:384 cpu/(7102:7102): Se conecto un cliente!
[INFO] 18:11:39:384 cpu/(7102:7102): Recibo mensaje de handshake 456
[INFO] 18:11:39:384 cpu/(7102:7102): Envio mensaje de handshake 457
[INFO] 18:11:51:887 cpu/(7124:7124): INICIANDO LOG CPU...
[INFO] 18:11:51:887 cpu/(7124:7124): CREANDO CONFIG CPU...
[INFO] 18:11:51:888 cpu/(7124:7124): Listo para escuchar a mi cliente
[INFO] 18:11:51:888 cpu/(7124:7125): Listo para escuchar a mi cliente
[INFO] 18:12:10:208 cpu/(7167:7167): INICIANDO LOG CPU...
[INFO] 18:12:10:209 cpu/(7167:7167): CREANDO CONFIG CPU...
[INFO] 18:12:10:209 cpu/(7167:7167): Listo para escuchar a mi cliente
[INFO] 18:12:10:209 cpu/(7167:7168): Listo para escuchar a mi cliente
[INFO] 18:12:56:577 cpu/(7208:7208): INICIANDO LOG CPU...
[INFO] 18:12:56:577 cpu/(7208:7208): CREANDO CONFIG CPU...
[INFO] 18:12:56:577 cpu/(7208:7208): Listo para escuchar a mi cliente
[INFO] 18:12:56:577 cpu/(7208:7209): Listo para escuchar a mi cliente
[INFO] 18:18:08:503 cpu/(7518:7518): INICIANDO LOG CPU...
[INFO] 18:18:08:504 cpu/(7518:7518): CREANDO CONFIG CPU...
[INFO] 18:18:08:504 cpu/(7518:7518): Listo para escuchar a mi cliente
[INFO] 18:18:08:505 cpu/(7518:7519): Listo para escuchar a mi cliente
[INFO] 18:23:22:268 cpu/(8120:8120): INICIANDO LOG CPU...
[INFO] 18:23:22:269 cpu/(8120:8120): CREANDO CONFIG CPU...
[INFO] 18:23:22:269 cpu/(8120:8120): Listo para escuchar a mi cliente
[INFO] 18:23:22:269 cpu/(8120:8121): Listo para escuchar a mi cliente
[INFO] 18:25:44:356 cpu/(8120:8121): Se conecto un cliente!
[INFO] 18:25:44:356 cpu/(8120:8121): Recibo mensaje de handshake 123
[INFO] 18:25:44:356 cpu/(8120:8121): Envio mensaje de handshake 124
[INFO] 18:25:44:361 cpu/(8120:8120): Se conecto un cliente!
[INFO] 18:25:44:361 cpu/(8120:8120): Recibo mensaje de handshake 456
[INFO] 18:25:44:361 cpu/(8120:8120): Envio mensaje de handshake 457
[INFO] 17:23:10:885 cpu/(6337:6337): INICIANDO LOG CPU...
[INFO] 17:23:10:893 cpu/(6337:6337): CREANDO CONFIG CPU...
[INFO] 17:23:10:894 cpu/(6337:6337): Listo para escuchar a mi cliente
[INFO] 17:23:10:894 cpu/(6337:6338): Listo para escuchar a mi cliente
[INFO] 17:23:25:856 cpu/(6394:6394): INICIANDO LOG CPU...
[INFO] 17:23:25:856 cpu/(6394:6394): CREANDO CONFIG CPU...
[INFO] 17:23:25:856 cpu/(6394:6394): Listo para escuchar a mi cliente
[INFO] 17:23:25:857 cpu/(6394:6395): Listo para escuchar a mi cliente
[INFO] 17:23:31:631 cpu/(6398:6398): INICIANDO LOG CPU...
[INFO] 17:23:31:631 cpu/(6398:6398): CREANDO CONFIG CPU...
[INFO] 17:23:31:631 cpu/(6398:6398): Listo para escuchar a mi cliente
[INFO] 17:23:31:631 cpu/(6398:6399): Listo para escuchar a mi cliente
[INFO] 17:23:37:695 cpu/(6398:6399): Se conecto un cliente!
[INFO] 17:23:37:695 cpu/(6398:6399): Recibo mensaje de handshake 123
[INFO] 17:23:37:696 cpu/(6398:6399): Envio mensaje de handshake 124
[INFO] 17:23:37:698 cpu/(6398:6398): Se conecto un cliente!
[INFO] 17:23:37:698 cpu/(6398:6398): Recibo mensaje de handshake 456
[INFO] 17:23:37:698 cpu/(6398:6398): Envio mensaje de handshake 457
[INFO] 17:35:25:432 cpu/(7015:7015): INICIANDO LOG CPU...
[INFO] 17:35:25:434 cpu/(7015:7015): CREANDO CONFIG CPU...
[INFO] 17:35:25:435 cpu/(7015:7015): Listo para escuchar a mi cliente
[INFO] 17:35:25:435 cpu/(7015:7016): Listo para escuchar a mi cliente
[INFO] 17:59:09:168 cpu/(7450:7450): INICIANDO LOG CPU...
[INFO] 17:59:09:169 cpu/(7450:7450): CREANDO CONFIG CPU...
[INFO] 17:59:09:169 cpu/(7450:7450): Listo para escuchar a mi cliente
[INFO] 17:59:09:169 cpu/(7450:7451): Listo para escuchar a mi cliente
[INFO] 17:59:20:299 cpu/(7450:7450): Se conecto un cliente!
[INFO] 17:59:20:304 cpu/(7450:7451): Se conecto un cliente!
[INFO] 17:59:20:305 cpu/(7450:7451): Recibo mensaje de handshake 123
[INFO] 17:59:20:305 cpu/(7450:7451): Envio mensaje de handshake 124
[INFO] 17:59:20:306 cpu/(7450:7450): Recibo mensaje de handshake 456
[INFO] 17:59:20:306 cpu/(7450:7450): Envio mensaje de handshake 457
[INFO] 20:17:37:887 cpu/(5051:5051): INICIANDO LOG CPU...
[INFO] 20:17:37:913 cpu/(5051:5051): CREANDO CONFIG CPU...
[ERROR] 20:17:37:913 cpu/(5051:5051): NO SE PUDO CREAR EL CONFIG...
[INFO] 20:18:10:101 cpu/(5137:5137): INICIANDO LOG CPU...
[INFO] 20:18:10:101 cpu/(5137:5137): CREANDO CONFIG CPU...
[ERROR] 20:18:10:101 cpu/(5137:5137): NO SE PUDO CREAR EL CONFIG...
[INFO] 20:19:39:262 cpu/(5160:5160): INICIANDO LOG CPU...
[INFO] 20:19:39:262 cpu/(5160:5160): CREANDO CONFIG CPU...
[ERROR] 20:19:39:262 cpu/(5160:5160): NO SE PUDO CREAR EL CONFIG...
