[INFO] 19:42:17:882 memoria/(10826:10826): INICIANDO LOG memoria...
[INFO] 19:42:17:884 memoria/(10826:10826): CREANDO CONFIG memoria...
[ERROR] 19:42:17:884 memoria/(10826:10826): NO SE PUDO CREAR EL CONFIG...
[INFO] 19:42:42:195 memoria/(10838:10838): INICIANDO LOG memoria...
[INFO] 19:42:42:196 memoria/(10838:10838): CREANDO CONFIG memoria...
[ERROR] 19:42:42:196 memoria/(10838:10838): NO SE PUDO CREAR EL CONFIG...
[INFO] 19:42:48:267 memoria/(10880:10880): INICIANDO LOG memoria...
[INFO] 19:42:48:268 memoria/(10880:10880): CREANDO CONFIG memoria...
[ERROR] 19:42:48:268 memoria/(10880:10880): NO SE PUDO CREAR EL CONFIG...
[INFO] 19:43:19:869 memoria/(10940:10940): INICIANDO LOG memoria...
[INFO] 19:43:19:869 memoria/(10940:10940): CREANDO CONFIG memoria...
[INFO] 19:43:25:021 memoria/(10941:10941): INICIANDO LOG memoria...
[INFO] 19:43:25:022 memoria/(10941:10941): CREANDO CONFIG memoria...
[INFO] 19:45:27:145 memoria/(11097:11097): INICIANDO LOG memoria...
[INFO] 19:45:27:145 memoria/(11097:11097): CREANDO CONFIG memoria...
[INFO] 19:45:35:690 memoria/(11125:11125): INICIANDO LOG memoria...
[INFO] 19:45:35:690 memoria/(11125:11125): CREANDO CONFIG memoria...
[INFO] 19:47:40:554 memoria/(11237:11237): INICIANDO LOG memoria...
[INFO] 19:47:40:554 memoria/(11237:11237): CREANDO CONFIG memoria...
[INFO] 19:57:08:241 memoria/(11892:11892): INICIANDO LOG memoria...
[INFO] 19:57:08:241 memoria/(11892:11892): CREANDO CONFIG memoria...
[INFO] 19:57:26:329 memoria/(11941:11941): INICIANDO LOG memoria...
[INFO] 19:57:26:331 memoria/(11941:11941): CREANDO CONFIG memoria...
[INFO] 19:57:28:426 memoria/(11941:11943): SE CONECTO UN CLIENTE!!!
[INFO] 19:57:55:067 memoria/(11998:11998): INICIANDO LOG memoria...
[INFO] 19:57:55:068 memoria/(11998:11998): CREANDO CONFIG memoria...
[INFO] 19:58:00:587 memoria/(11999:11999): INICIANDO LOG memoria...
[INFO] 19:58:00:587 memoria/(11999:11999): CREANDO CONFIG memoria...
[INFO] 19:58:12:109 memoria/(12000:12000): INICIANDO LOG memoria...
[INFO] 19:58:12:109 memoria/(12000:12000): CREANDO CONFIG memoria...
[INFO] 19:58:22:140 memoria/(12001:12001): INICIANDO LOG memoria...
[INFO] 19:58:22:140 memoria/(12001:12001): CREANDO CONFIG memoria...
[INFO] 19:58:45:926 memoria/(12002:12002): INICIANDO LOG memoria...
[INFO] 19:58:45:926 memoria/(12002:12002): CREANDO CONFIG memoria...
[INFO] 18:59:12:546 memoria/(6283:6283): INICIANDO LOG memoria...
[INFO] 18:59:12:561 memoria/(6283:6283): CREANDO CONFIG memoria...
[INFO] 19:06:21:125 memoria/(6922:6922): INICIANDO LOG memoria...
[INFO] 19:06:21:125 memoria/(6922:6922): CREANDO CONFIG memoria...
[INFO] 19:06:28:930 memoria/(6926:6926): INICIANDO LOG memoria...
[INFO] 19:06:28:930 memoria/(6926:6926): CREANDO CONFIG memoria...
[INFO] 19:07:57:520 memoria/(7010:7010): INICIANDO LOG memoria...
[INFO] 19:07:57:520 memoria/(7010:7010): CREANDO CONFIG memoria...
[INFO] 19:07:57:520 memoria/(7010:7010): Listo para escuchar a mi cliente
[INFO] 19:13:32:573 memoria/(7674:7674): INICIANDO LOG memoria...
[INFO] 19:13:32:573 memoria/(7674:7674): CREANDO CONFIG memoria...
[INFO] 19:13:32:573 memoria/(7674:7674): Listo para escuchar a mi cliente
[INFO] 19:13:35:146 memoria/(7674:7674): Se conecto un cliente!
[INFO] 19:13:35:286 memoria/(7674:7678): SE CONECTO UN CLIENTE!!!
[INFO] 19:15:38:466 memoria/(7843:7843): INICIANDO LOG memoria...
[INFO] 19:15:38:466 memoria/(7843:7843): CREANDO CONFIG memoria...
[INFO] 19:15:38:467 memoria/(7843:7843): Listo para escuchar a mi cliente
[INFO] 19:27:38:102 memoria/(9213:9213): INICIANDO LOG memoria...
[INFO] 19:27:38:104 memoria/(9213:9213): CREANDO CONFIG memoria...
[INFO] 19:27:38:105 memoria/(9213:9213): Listo para escuchar a mi cliente
[INFO] 19:29:48:050 memoria/(9403:9403): INICIANDO LOG memoria...
[INFO] 19:29:48:051 memoria/(9403:9403): CREANDO CONFIG memoria...
[INFO] 19:29:48:051 memoria/(9403:9403): Listo para escuchar a mi cliente
[INFO] 19:31:05:814 memoria/(9524:9524): INICIANDO LOG memoria...
[INFO] 19:31:05:814 memoria/(9524:9524): CREANDO CONFIG memoria...
[INFO] 19:31:05:815 memoria/(9524:9524): Listo para escuchar a mi cliente
[INFO] 19:36:45:226 memoria/(9876:9876): INICIANDO LOG memoria...
[INFO] 19:36:45:227 memoria/(9876:9876): CREANDO CONFIG memoria...
[INFO] 19:36:45:227 memoria/(9876:9876): Listo para escuchar a mi cliente
[INFO] 19:42:17:617 memoria/(10325:10325): INICIANDO LOG memoria...
[INFO] 19:42:17:618 memoria/(10325:10325): CREANDO CONFIG memoria...
[INFO] 19:42:17:618 memoria/(10325:10325): Listo para escuchar a mi cliente
[INFO] 19:46:29:932 memoria/(10773:10773): INICIANDO LOG memoria...
[INFO] 19:46:29:935 memoria/(10773:10773): CREANDO CONFIG memoria...
[INFO] 19:46:29:937 memoria/(10773:10773): Listo para escuchar a mi cliente
[INFO] 19:47:17:373 memoria/(10826:10826): INICIANDO LOG memoria...
[INFO] 19:47:17:373 memoria/(10826:10826): CREANDO CONFIG memoria...
[INFO] 19:47:17:373 memoria/(10826:10826): Listo para escuchar a mi cliente
[INFO] 19:49:05:249 memoria/(10962:10962): INICIANDO LOG memoria...
[INFO] 19:49:05:249 memoria/(10962:10962): CREANDO CONFIG memoria...
[INFO] 19:49:05:249 memoria/(10962:10962): Listo para escuchar a mi cliente
[INFO] 20:00:40:812 memoria/(11456:11456): INICIANDO LOG memoria...
[INFO] 20:00:40:813 memoria/(11456:11456): CREANDO CONFIG memoria...
[INFO] 20:00:40:813 memoria/(11456:11456): Listo para escuchar a mi cliente
[INFO] 18:13:12:095 memoria/(7186:7186): INICIANDO LOG memoria...
[INFO] 18:13:12:096 memoria/(7186:7186): CREANDO CONFIG memoria...
[INFO] 18:13:12:096 memoria/(7186:7186): Listo para escuchar a mi cliente
[INFO] 18:20:09:743 memoria/(7633:7633): INICIANDO LOG memoria...
[INFO] 18:20:09:744 memoria/(7633:7633): CREANDO CONFIG memoria...
[INFO] 18:20:09:744 memoria/(7633:7633): Listo para escuchar a mi cliente
[INFO] 18:25:27:387 memoria/(8007:8007): INICIANDO LOG memoria...
[INFO] 18:25:27:387 memoria/(8007:8007): CREANDO CONFIG memoria...
[INFO] 18:25:27:387 memoria/(8007:8007): Listo para escuchar a mi cliente
[INFO] 18:35:38:170 memoria/(8535:8535): INICIANDO LOG memoria...
[INFO] 18:35:38:170 memoria/(8535:8535): CREANDO CONFIG memoria...
[INFO] 18:35:38:170 memoria/(8535:8535): Listo para escuchar a mi cliente
[INFO] 18:39:07:739 memoria/(8864:8864): INICIANDO LOG memoria...
[INFO] 18:39:07:739 memoria/(8864:8864): CREANDO CONFIG memoria...
[INFO] 18:39:07:739 memoria/(8864:8864): Listo para escuchar a mi cliente
[INFO] 18:44:46:997 memoria/(9327:9327): INICIANDO LOG memoria...
[INFO] 18:44:46:997 memoria/(9327:9327): CREANDO CONFIG memoria...
[INFO] 18:44:46:997 memoria/(9327:9327): Listo para escuchar a mi cliente
[INFO] 18:45:00:564 memoria/(9356:9356): INICIANDO LOG memoria...
[INFO] 18:45:00:565 memoria/(9356:9356): CREANDO CONFIG memoria...
[INFO] 18:45:00:565 memoria/(9356:9356): Listo para escuchar a mi cliente
[INFO] 18:46:04:598 memoria/(9433:9433): INICIANDO LOG memoria...
[INFO] 18:46:04:598 memoria/(9433:9433): CREANDO CONFIG memoria...
[INFO] 18:46:04:599 memoria/(9433:9433): Listo para escuchar a mi cliente
[INFO] 18:47:54:553 memoria/(9521:9521): INICIANDO LOG memoria...
[INFO] 18:47:54:554 memoria/(9521:9521): CREANDO CONFIG memoria...
[INFO] 18:47:54:554 memoria/(9521:9521): Listo para escuchar a mi cliente
[INFO] 18:55:22:911 memoria/(10024:10024): INICIANDO LOG memoria...
[INFO] 18:55:22:911 memoria/(10024:10024): CREANDO CONFIG memoria...
[INFO] 18:55:22:911 memoria/(10024:10024): Listo para escuchar a mi cliente
[INFO] 18:57:35:430 memoria/(10176:10176): INICIANDO LOG memoria...
[INFO] 18:57:35:430 memoria/(10176:10176): CREANDO CONFIG memoria...
[INFO] 18:57:35:431 memoria/(10176:10176): Listo para escuchar a mi cliente
[INFO] 18:58:39:032 memoria/(10251:10251): INICIANDO LOG memoria...
[INFO] 18:58:39:033 memoria/(10251:10251): CREANDO CONFIG memoria...
[INFO] 18:58:39:033 memoria/(10251:10251): Listo para escuchar a mi cliente
[INFO] 19:01:48:254 memoria/(10493:10493): INICIANDO LOG memoria...
[INFO] 19:01:48:255 memoria/(10493:10493): CREANDO CONFIG memoria...
[INFO] 19:01:48:257 memoria/(10493:10493): Listo para escuchar a mi cliente
[INFO] 19:05:17:589 memoria/(10685:10685): INICIANDO LOG memoria...
[INFO] 19:05:17:590 memoria/(10685:10685): CREANDO CONFIG memoria...
[INFO] 19:05:17:590 memoria/(10685:10685): Listo para escuchar a mi cliente
[INFO] 19:09:08:397 memoria/(10848:10848): INICIANDO LOG memoria...
[INFO] 19:09:08:398 memoria/(10848:10848): CREANDO CONFIG memoria...
[INFO] 19:09:08:398 memoria/(10848:10848): Listo para escuchar a mi cliente
[INFO] 20:56:09:091 memoria/(12007:12007): INICIANDO LOG memoria...
[INFO] 20:56:09:092 memoria/(12007:12007): CREANDO CONFIG memoria...
[INFO] 20:56:09:093 memoria/(12007:12007): Listo para escuchar a mi cliente
[INFO] 21:05:05:843 memoria/(12198:12198): INICIANDO LOG memoria...
[INFO] 21:05:05:843 memoria/(12198:12198): CREANDO CONFIG memoria...
[INFO] 21:05:05:843 memoria/(12198:12198): Listo para escuchar a mi cliente
[INFO] 21:24:37:038 memoria/(12598:12598): INICIANDO LOG memoria...
[INFO] 21:24:37:044 memoria/(12598:12598): CREANDO CONFIG memoria...
[INFO] 21:24:37:045 memoria/(12598:12598): Listo para escuchar a mi cliente
[INFO] 21:43:38:799 memoria/(13498:13498): INICIANDO LOG memoria...
[INFO] 21:43:38:800 memoria/(13498:13498): CREANDO CONFIG memoria...
[INFO] 21:43:38:800 memoria/(13498:13498): Listo para escuchar a mi cliente
[INFO] 21:44:12:100 memoria/(13537:13537): INICIANDO LOG memoria...
[INFO] 21:44:12:101 memoria/(13537:13537): CREANDO CONFIG memoria...
[INFO] 21:44:12:101 memoria/(13537:13537): Listo para escuchar a mi cliente
[INFO] 21:50:44:054 memoria/(14180:14180): INICIANDO LOG memoria...
[INFO] 21:50:44:054 memoria/(14180:14180): CREANDO CONFIG memoria...
[INFO] 21:50:44:054 memoria/(14180:14180): Listo para escuchar a mi cliente
[INFO] 16:55:08:863 memoria/(5105:5105): INICIANDO LOG memoria...
[INFO] 16:55:08:872 memoria/(5105:5105): CREANDO CONFIG memoria...
[INFO] 16:55:08:872 memoria/(5105:5105): Listo para escuchar a mi cliente
[INFO] 16:55:14:841 memoria/(5105:5105): Se conecto un cliente!
[INFO] 16:55:14:842 memoria/(5105:5109): SE CONECTO UN CLIENTE!!!
[INFO] 16:55:14:842 memoria/(5105:5109): ENVIAR TRADUCCIONES
[INFO] 19:48:14:119 memoria/(5066:5066): INICIANDO LOG memoria...
[INFO] 19:48:14:127 memoria/(5066:5066): CREANDO CONFIG memoria...
[INFO] 19:48:14:129 memoria/(5066:5066): Listo para escuchar a mi cliente
[INFO] 19:48:53:612 memoria/(5085:5085): INICIANDO LOG memoria...
[INFO] 19:48:53:613 memoria/(5085:5085): CREANDO CONFIG memoria...
[INFO] 19:48:53:613 memoria/(5085:5085): Listo para escuchar a mi cliente
[INFO] 19:48:54:699 memoria/(5085:5085): Se conecto un cliente!
[INFO] 19:48:54:699 memoria/(5085:5087): SE CONECTO UN CLIENTE!!!
[INFO] 19:48:58:251 memoria/(5085:5085): Se conecto un cliente!
[INFO] 19:48:58:252 memoria/(5085:5089): SE CONECTO UN CLIENTE!!!
[ERROR] 19:48:58:252 memoria/(5085:5089): PETICION DESCONOCIDA
[INFO] 19:48:59:395 memoria/(5085:5085): Se conecto un cliente!
[INFO] 19:48:59:395 memoria/(5085:5091): SE CONECTO UN CLIENTE!!!
[ERROR] 19:48:59:395 memoria/(5085:5091): PETICION DESCONOCIDA
[INFO] 19:48:59:883 memoria/(5085:5085): Se conecto un cliente!
[INFO] 19:48:59:883 memoria/(5085:5093): SE CONECTO UN CLIENTE!!!
[ERROR] 19:48:59:883 memoria/(5085:5093): PETICION DESCONOCIDA
[INFO] 19:53:58:102 memoria/(5564:5564): INICIANDO LOG memoria...
[INFO] 19:53:58:103 memoria/(5564:5564): CREANDO CONFIG memoria...
[INFO] 19:53:58:103 memoria/(5564:5564): Listo para escuchar a mi cliente
[INFO] 19:53:59:368 memoria/(5564:5564): Se conecto un cliente!
[INFO] 19:53:59:370 memoria/(5564:5566): SE CONECTO UN CLIENTE!!!
[INFO] 19:53:59:370 memoria/(5564:5566): Tama単o tabla:
[INFO] 19:53:59:370 memoria/(5564:5566): 2
[INFO] 19:54:05:197 memoria/(5564:5564): Se conecto un cliente!
[INFO] 19:54:05:199 memoria/(5564:5570): SE CONECTO UN CLIENTE!!!
[ERROR] 19:54:05:199 memoria/(5564:5570): PETICION DESCONOCIDA
[INFO] 19:54:08:919 memoria/(5564:5564): Se conecto un cliente!
[INFO] 19:54:08:920 memoria/(5564:5573): SE CONECTO UN CLIENTE!!!
[ERROR] 19:54:08:920 memoria/(5564:5573): PETICION DESCONOCIDA
[INFO] 19:59:52:837 memoria/(6079:6079): INICIANDO LOG memoria...
[INFO] 19:59:52:837 memoria/(6079:6079): CREANDO CONFIG memoria...
[INFO] 19:59:52:837 memoria/(6079:6079): Listo para escuchar a mi cliente
[INFO] 19:59:54:322 memoria/(6079:6079): Se conecto un cliente!
[INFO] 19:59:54:322 memoria/(6079:6081): SE CONECTO UN CLIENTE!!!
[INFO] 19:59:54:323 memoria/(6079:6081): Tama単o tabla: 2
[INFO] 18:22:06:285 memoria/(6249:6249): INICIANDO LOG memoria...
[INFO] 18:22:06:304 memoria/(6249:6249): CREANDO CONFIG memoria...
[INFO] 18:22:06:304 memoria/(6249:6249): Listo para escuchar a mi cliente
[INFO] 18:22:09:581 memoria/(6249:6249): Se conecto un cliente!
[INFO] 18:22:09:581 memoria/(6249:6251): SE CONECTO UN CLIENTE!!!
[INFO] 18:22:09:581 memoria/(6249:6251): Tama単o tabla: 2
[INFO] 18:22:25:678 memoria/(6255:6255): INICIANDO LOG memoria...
[INFO] 18:22:25:678 memoria/(6255:6255): CREANDO CONFIG memoria...
[INFO] 18:22:25:679 memoria/(6255:6255): Listo para escuchar a mi cliente
[INFO] 18:24:44:450 memoria/(6383:6383): INICIANDO LOG memoria...
[INFO] 18:24:44:450 memoria/(6383:6383): CREANDO CONFIG memoria...
[INFO] 18:24:44:451 memoria/(6383:6383): Listo para escuchar a mi cliente
[INFO] 18:25:53:477 memoria/(6433:6433): INICIANDO LOG memoria...
[INFO] 18:25:53:478 memoria/(6433:6433): CREANDO CONFIG memoria...
[INFO] 18:25:53:478 memoria/(6433:6433): Listo para escuchar a mi cliente
[INFO] 18:43:10:631 memoria/(6932:6932): INICIANDO LOG memoria...
[INFO] 18:43:10:631 memoria/(6932:6932): CREANDO CONFIG memoria...
[INFO] 18:43:10:631 memoria/(6932:6932): Listo para escuchar a mi cliente
[INFO] 19:01:01:101 memoria/(7171:7171): INICIANDO LOG memoria...
[INFO] 19:01:01:102 memoria/(7171:7171): CREANDO CONFIG memoria...
[INFO] 19:01:01:102 memoria/(7171:7171): Listo para escuchar a mi cliente
[INFO] 19:02:46:473 memoria/(7246:7246): INICIANDO LOG memoria...
[INFO] 19:02:46:473 memoria/(7246:7246): CREANDO CONFIG memoria...
[INFO] 19:02:46:473 memoria/(7246:7246): Listo para escuchar a mi cliente
[INFO] 19:02:47:769 memoria/(7246:7246): Se conecto un cliente!
[INFO] 19:02:47:769 memoria/(7246:7248): SE CONECTO UN CLIENTE!!!
[INFO] 19:02:47:769 memoria/(7246:7248): Tama単o tabla: 2
[INFO] 19:06:29:143 memoria/(7354:7354): INICIANDO LOG memoria...
[INFO] 19:06:29:144 memoria/(7354:7354): CREANDO CONFIG memoria...
[INFO] 19:06:29:144 memoria/(7354:7354): Listo para escuchar a mi cliente
[INFO] 19:06:51:043 memoria/(7364:7364): INICIANDO LOG memoria...
[INFO] 19:06:51:043 memoria/(7364:7364): CREANDO CONFIG memoria...
[INFO] 19:06:51:043 memoria/(7364:7364): Listo para escuchar a mi cliente
[INFO] 19:33:09:361 memoria/(6021:6021): INICIANDO LOG memoria...
[INFO] 19:33:09:378 memoria/(6021:6021): CREANDO CONFIG memoria...
[INFO] 19:33:09:378 memoria/(6021:6021): Listo para escuchar a mi cliente
[INFO] 17:33:43:712 memoria/(4435:4435): INICIANDO LOG memoria...
[INFO] 17:33:43:734 memoria/(4435:4435): CREANDO CONFIG memoria...
[INFO] 17:33:43:734 memoria/(4435:4435): Listo para escuchar a mi cliente
[INFO] 17:33:46:817 memoria/(4435:4435): Se conecto un cliente!
[INFO] 17:33:46:817 memoria/(4435:4442): SE CONECTO UN CLIENTE!!!
[INFO] 17:34:49:861 memoria/(4536:4536): INICIANDO LOG memoria...
[INFO] 17:34:49:862 memoria/(4536:4536): CREANDO CONFIG memoria...
[INFO] 17:34:49:862 memoria/(4536:4536): Listo para escuchar a mi cliente
[INFO] 17:34:51:423 memoria/(4536:4536): Se conecto un cliente!
[INFO] 17:34:51:423 memoria/(4536:4538): SE CONECTO UN CLIENTE!!!
[INFO] 17:35:02:062 memoria/(4542:4542): INICIANDO LOG memoria...
[INFO] 17:35:02:062 memoria/(4542:4542): CREANDO CONFIG memoria...
[INFO] 17:35:02:062 memoria/(4542:4542): Listo para escuchar a mi cliente
[INFO] 17:38:18:997 memoria/(4829:4829): INICIANDO LOG memoria...
[INFO] 17:38:18:997 memoria/(4829:4829): CREANDO CONFIG memoria...
[INFO] 17:38:18:997 memoria/(4829:4829): Listo para escuchar a mi cliente
[INFO] 17:38:20:335 memoria/(4829:4829): Se conecto un cliente!
[INFO] 17:38:20:338 memoria/(4829:4831): SE CONECTO UN CLIENTE!!!
[ERROR] 17:38:20:338 memoria/(4829:4831): PETICION DESCONOCIDA
[INFO] 17:39:23:594 memoria/(4829:4829): Se conecto un cliente!
[INFO] 17:39:23:594 memoria/(4829:4861): SE CONECTO UN CLIENTE!!!
[ERROR] 17:39:23:595 memoria/(4829:4861): PETICION DESCONOCIDA
[INFO] 17:39:50:722 memoria/(4945:4945): INICIANDO LOG memoria...
[INFO] 17:39:50:722 memoria/(4945:4945): CREANDO CONFIG memoria...
[INFO] 17:39:50:722 memoria/(4945:4945): Listo para escuchar a mi cliente
[INFO] 17:39:52:331 memoria/(4945:4945): Se conecto un cliente!
[INFO] 17:39:52:332 memoria/(4945:4947): SE CONECTO UN CLIENTE!!!
[ERROR] 17:39:52:332 memoria/(4945:4947): PETICION DESCONOCIDA
[INFO] 17:40:40:794 memoria/(5059:5059): INICIANDO LOG memoria...
[INFO] 17:40:40:794 memoria/(5059:5059): CREANDO CONFIG memoria...
[INFO] 17:40:40:795 memoria/(5059:5059): Listo para escuchar a mi cliente
[INFO] 17:40:42:052 memoria/(5059:5059): Se conecto un cliente!
[INFO] 17:40:42:052 memoria/(5059:5061): SE CONECTO UN CLIENTE!!!
[ERROR] 17:40:42:053 memoria/(5059:5061): PETICION DESCONOCIDA
[INFO] 17:41:05:680 memoria/(5157:5157): INICIANDO LOG memoria...
[INFO] 17:41:05:681 memoria/(5157:5157): CREANDO CONFIG memoria...
[INFO] 17:41:05:682 memoria/(5157:5157): Listo para escuchar a mi cliente
[INFO] 17:41:06:939 memoria/(5157:5157): Se conecto un cliente!
[INFO] 17:41:06:939 memoria/(5157:5159): SE CONECTO UN CLIENTE!!!
[ERROR] 17:41:06:940 memoria/(5157:5159): PETICION DESCONOCIDA
[INFO] 17:41:42:402 memoria/(5222:5222): INICIANDO LOG memoria...
[INFO] 17:41:42:403 memoria/(5222:5222): CREANDO CONFIG memoria...
[INFO] 17:41:42:403 memoria/(5222:5222): Listo para escuchar a mi cliente
[INFO] 17:41:44:359 memoria/(5222:5222): Se conecto un cliente!
[ERROR] 17:41:44:359 memoria/(5222:5224): PROCESAR PETICION CPU
[INFO] 17:41:44:359 memoria/(5222:5224): SE CONECTO UN CLIENTE!!!
[ERROR] 17:41:44:360 memoria/(5222:5224): PETICION DESCONOCIDA
[INFO] 17:42:52:377 memoria/(5307:5307): INICIANDO LOG memoria...
[INFO] 17:42:52:377 memoria/(5307:5307): CREANDO CONFIG memoria...
[INFO] 17:42:52:377 memoria/(5307:5307): Listo para escuchar a mi cliente
[INFO] 17:42:53:743 memoria/(5307:5307): Se conecto un cliente!
[DEBUG] 17:42:53:746 memoria/(5307:5309): PROCESANDO PETICION DE CPU...
[INFO] 17:42:53:746 memoria/(5307:5309): SE CONECTO UN CLIENTE!!!
[ERROR] 17:42:53:746 memoria/(5307:5309): PETICION DESCONOCIDA
[INFO] 18:39:09:283 memoria/(8910:8910): INICIANDO LOG memoria...
[INFO] 18:39:09:284 memoria/(8910:8910): CREANDO CONFIG memoria...
[INFO] 18:39:09:284 memoria/(8910:8910): Listo para escuchar a mi cliente
[INFO] 18:39:11:981 memoria/(8910:8910): Se conecto un cliente!
[DEBUG] 18:39:11:981 memoria/(8910:8912): PROCESANDO PETICION DE KERNEL...
[ERROR] 18:39:11:981 memoria/(8910:8912): PETICION DESCONOCIDA
[INFO] 18:51:32:598 memoria/(9671:9671): INICIANDO LOG memoria...
[INFO] 18:51:32:599 memoria/(9671:9671): CREANDO CONFIG memoria...
[INFO] 18:51:32:599 memoria/(9671:9671): Listo para escuchar a mi cliente
[INFO] 19:49:17:426 memoria/(10634:10634): INICIANDO LOG memoria...
[INFO] 19:49:17:430 memoria/(10634:10634): CREANDO CONFIG memoria...
[INFO] 19:49:17:430 memoria/(10634:10634): Listo para escuchar a mi cliente
[INFO] 19:49:24:621 memoria/(10634:10634): Se conecto un cliente!
[DEBUG] 19:49:24:623 memoria/(10634:10679): PROCESANDO PETICION DE KERNEL...
[DEBUG] 19:49:26:554 memoria/(10634:10679): PETICION RECIBIDA: 'NUEVO PROCESO EN READY'
[DEBUG] 19:49:26:554 memoria/(10634:10679): Iniciando tabla de paginas
[INFO] 21:07:23:349 memoria/(13670:13670): INICIANDO LOG memoria...
[INFO] 21:07:23:350 memoria/(13670:13670): CREANDO CONFIG memoria...
[INFO] 21:07:23:350 memoria/(13670:13670): Listo para escuchar a mi cliente
[INFO] 21:07:24:646 memoria/(13670:13670): Se conecto un cliente!
[DEBUG] 21:07:24:647 memoria/(13670:13672): PROCESANDO PETICION DE KERNEL...
[DEBUG] 21:07:24:647 memoria/(13670:13672): PETICION RECIBIDA: 'NUEVO PROCESO EN READY'
[DEBUG] 21:07:24:648 memoria/(13670:13672): Iniciando tabla de paginas
[INFO] 21:07:24:649 memoria/(13670:13670): Se conecto un cliente!
[DEBUG] 21:07:24:649 memoria/(13670:13673): PROCESANDO PETICION DE KERNEL...
[INFO] 21:25:36:264 memoria/(15340:15340): INICIANDO LOG memoria...
[INFO] 21:25:36:265 memoria/(15340:15340): CREANDO CONFIG memoria...
[INFO] 21:25:36:265 memoria/(15340:15340): Listo para escuchar a mi cliente
[INFO] 21:25:38:612 memoria/(15340:15340): Se conecto un cliente!
[DEBUG] 21:25:38:612 memoria/(15340:15343): PROCESANDO PETICION DE KERNEL...
[DEBUG] 21:25:38:612 memoria/(15340:15343): PETICION RECIBIDA: 'NUEVO PROCESO EN READY'
[DEBUG] 21:25:38:612 memoria/(15340:15343): Iniciando tabla de paginas
[INFO] 21:25:38:613 memoria/(15340:15340): Se conecto un cliente!
[DEBUG] 21:25:38:613 memoria/(15340:15344): PROCESANDO PETICION DE KERNEL...
[DEBUG] 21:25:38:613 memoria/(15340:15344): PATH:
[DEBUG] 21:25:38:613 memoria/(15340:15344): swap/1.swap
[INFO] 21:25:53:797 memoria/(15348:15348): INICIANDO LOG memoria...
[INFO] 21:25:53:865 memoria/(15348:15348): CREANDO CONFIG memoria...
[INFO] 21:25:53:882 memoria/(15348:15348): Listo para escuchar a mi cliente
[INFO] 21:26:06:341 memoria/(15353:15353): INICIANDO LOG memoria...
[INFO] 21:26:06:413 memoria/(15353:15353): CREANDO CONFIG memoria...
[INFO] 21:26:06:428 memoria/(15353:15353): Listo para escuchar a mi cliente
[INFO] 21:26:25:661 memoria/(15359:15359): INICIANDO LOG memoria...
[INFO] 21:26:25:729 memoria/(15359:15359): CREANDO CONFIG memoria...
[INFO] 21:26:25:744 memoria/(15359:15359): Listo para escuchar a mi cliente
[INFO] 21:26:51:740 memoria/(15373:15373): INICIANDO LOG memoria...
[INFO] 21:26:51:807 memoria/(15373:15373): CREANDO CONFIG memoria...
[INFO] 21:26:51:822 memoria/(15373:15373): Listo para escuchar a mi cliente
[INFO] 21:26:54:747 memoria/(15373:15373): Se conecto un cliente!
[DEBUG] 21:26:54:768 memoria/(15373:15375): PROCESANDO PETICION DE KERNEL...
[DEBUG] 21:26:54:771 memoria/(15373:15375): PETICION RECIBIDA: 'NUEVO PROCESO EN READY'
[DEBUG] 21:26:54:772 memoria/(15373:15375): Iniciando tabla de paginas
[INFO] 21:26:54:774 memoria/(15373:15373): Se conecto un cliente!
[DEBUG] 21:26:54:782 memoria/(15373:15376): PROCESANDO PETICION DE KERNEL...
[DEBUG] 21:26:54:786 memoria/(15373:15376): PATH:
[DEBUG] 21:26:54:786 memoria/(15373:15376): swap/1.swap
[INFO] 21:56:31:610 memoria/(17322:17322): INICIANDO LOG memoria...
[INFO] 21:56:31:678 memoria/(17322:17322): CREANDO CONFIG memoria...
[INFO] 21:56:31:693 memoria/(17322:17322): Listo para escuchar a mi cliente
[INFO] 21:56:34:095 memoria/(17322:17322): Se conecto un cliente!
[DEBUG] 21:56:34:104 memoria/(17322:17324): PROCESANDO PETICION DE KERNEL...
[DEBUG] 21:56:34:106 memoria/(17322:17324): PETICION RECIBIDA: 'NUEVO PROCESO EN READY'
[DEBUG] 21:56:34:108 memoria/(17322:17324): Iniciando tabla de paginas
[INFO] 21:56:34:111 memoria/(17322:17322): Se conecto un cliente!
[DEBUG] 21:56:34:113 memoria/(17322:17325): PROCESANDO PETICION DE KERNEL...
[INFO] 21:56:34:118 memoria/(17322:17325): ESCRIBIENDO ENTRADA TABLA
[INFO] 20:05:23:174 memoria/(6236:6236): INICIANDO LOG memoria...
[INFO] 20:05:23:185 memoria/(6236:6236): CREANDO CONFIG memoria...
[INFO] 20:05:23:186 memoria/(6236:6236): Listo para escuchar a mi cliente
[INFO] 20:05:36:081 memoria/(6236:6236): Se conecto un cliente!
[DEBUG] 20:05:36:085 memoria/(6236:6268): PROCESANDO PETICION DE KERNEL...
[DEBUG] 20:05:41:536 memoria/(6236:6268): PETICION RECIBIDA: 'NUEVO PROCESO EN READY'
[DEBUG] 20:05:41:537 memoria/(6236:6268): Iniciando tabla de paginas
[INFO] 20:05:50:585 memoria/(6236:6236): Se conecto un cliente!
[DEBUG] 20:05:50:587 memoria/(6236:6278): PROCESANDO PETICION DE KERNEL...
[INFO] 20:07:05:035 memoria/(6391:6391): INICIANDO LOG memoria...
[INFO] 20:07:05:036 memoria/(6391:6391): CREANDO CONFIG memoria...
[INFO] 20:07:05:036 memoria/(6391:6391): Listo para escuchar a mi cliente
[INFO] 20:07:07:248 memoria/(6391:6391): Se conecto un cliente!
[DEBUG] 20:07:07:248 memoria/(6391:6394): PROCESANDO PETICION DE KERNEL...
[DEBUG] 20:07:10:283 memoria/(6391:6394): PETICION RECIBIDA: 'NUEVO PROCESO EN READY'
[DEBUG] 20:07:10:283 memoria/(6391:6394): Iniciando tabla de paginas
[INFO] 20:07:11:653 memoria/(6391:6391): Se conecto un cliente!
[DEBUG] 20:07:11:653 memoria/(6391:6399): PROCESANDO PETICION DE KERNEL...
[INFO] 20:09:49:924 memoria/(6587:6587): INICIANDO LOG memoria...
[INFO] 20:09:49:929 memoria/(6587:6587): CREANDO CONFIG memoria...
[INFO] 20:09:49:929 memoria/(6587:6587): Listo para escuchar a mi cliente
[INFO] 20:09:51:584 memoria/(6587:6587): Se conecto un cliente!
[DEBUG] 20:09:51:589 memoria/(6587:6588): PROCESANDO PETICION DE KERNEL...
[DEBUG] 20:09:52:615 memoria/(6587:6588): PETICION RECIBIDA: 'NUEVO PROCESO EN READY'
[DEBUG] 20:09:52:615 memoria/(6587:6588): Iniciando tabla de paginas
[INFO] 20:09:54:816 memoria/(6587:6587): Se conecto un cliente!
[DEBUG] 20:09:54:817 memoria/(6587:6594): PROCESANDO PETICION DE KERNEL...
[INFO] 20:11:21:300 memoria/(6685:6685): INICIANDO LOG memoria...
[INFO] 20:11:21:300 memoria/(6685:6685): CREANDO CONFIG memoria...
[INFO] 20:11:21:300 memoria/(6685:6685): Listo para escuchar a mi cliente
[INFO] 20:11:27:640 memoria/(6685:6685): Se conecto un cliente!
[DEBUG] 20:11:27:644 memoria/(6685:6713): PROCESANDO PETICION DE KERNEL...
[DEBUG] 20:11:28:255 memoria/(6685:6713): PETICION RECIBIDA: 'NUEVO PROCESO EN READY'
[DEBUG] 20:11:28:255 memoria/(6685:6713): Iniciando tabla de paginas
[INFO] 20:11:29:318 memoria/(6685:6685): Se conecto un cliente!
[DEBUG] 20:11:29:319 memoria/(6685:6718): PROCESANDO PETICION DE KERNEL...
[INFO] 20:12:21:904 memoria/(6766:6766): INICIANDO LOG memoria...
[INFO] 20:12:21:905 memoria/(6766:6766): CREANDO CONFIG memoria...
[INFO] 20:12:21:905 memoria/(6766:6766): Listo para escuchar a mi cliente
[INFO] 20:12:58:908 memoria/(6858:6858): INICIANDO LOG memoria...
[INFO] 20:12:58:908 memoria/(6858:6858): CREANDO CONFIG memoria...
[INFO] 20:12:58:908 memoria/(6858:6858): Listo para escuchar a mi cliente
[INFO] 20:13:03:186 memoria/(6858:6858): Se conecto un cliente!
[DEBUG] 20:13:03:186 memoria/(6858:6885): PROCESANDO PETICION DE KERNEL...
[DEBUG] 20:13:04:122 memoria/(6858:6885): PETICION RECIBIDA: 'NUEVO PROCESO EN READY'
[DEBUG] 20:13:04:122 memoria/(6858:6885): Iniciando tabla de paginas
[INFO] 20:13:07:561 memoria/(6858:6858): Se conecto un cliente!
[DEBUG] 20:13:07:562 memoria/(6858:6892): PROCESANDO PETICION DE KERNEL...
[INFO] 20:14:05:423 memoria/(7004:7004): INICIANDO LOG memoria...
[INFO] 20:14:05:425 memoria/(7004:7004): CREANDO CONFIG memoria...
[INFO] 20:14:05:425 memoria/(7004:7004): Listo para escuchar a mi cliente
[INFO] 20:14:06:603 memoria/(7004:7004): Se conecto un cliente!
[DEBUG] 20:14:06:605 memoria/(7004:7007): PROCESANDO PETICION DE KERNEL...
[DEBUG] 20:14:07:425 memoria/(7004:7007): PETICION RECIBIDA: 'NUEVO PROCESO EN READY'
[DEBUG] 20:14:07:426 memoria/(7004:7007): Iniciando tabla de paginas
[INFO] 20:14:08:247 memoria/(7004:7004): Se conecto un cliente!
[DEBUG] 20:14:08:247 memoria/(7004:7013): PROCESANDO PETICION DE KERNEL...
[INFO] 20:16:48:051 memoria/(7108:7108): INICIANDO LOG memoria...
[INFO] 20:16:48:052 memoria/(7108:7108): CREANDO CONFIG memoria...
[INFO] 20:16:48:052 memoria/(7108:7108): Listo para escuchar a mi cliente
[INFO] 20:16:50:080 memoria/(7108:7108): Se conecto un cliente!
[DEBUG] 20:16:50:080 memoria/(7108:7109): PROCESANDO PETICION DE KERNEL...
[DEBUG] 20:16:50:579 memoria/(7108:7109): PETICION RECIBIDA: 'NUEVO PROCESO EN READY'
[DEBUG] 20:16:50:579 memoria/(7108:7109): Iniciando tabla de paginas
[INFO] 20:16:51:261 memoria/(7108:7108): Se conecto un cliente!
[DEBUG] 20:16:51:262 memoria/(7108:7114): PROCESANDO PETICION DE KERNEL...
[INFO] 20:17:56:572 memoria/(7150:7150): INICIANDO LOG memoria...
[INFO] 20:17:56:572 memoria/(7150:7150): CREANDO CONFIG memoria...
[INFO] 20:17:56:573 memoria/(7150:7150): Listo para escuchar a mi cliente
[INFO] 20:18:00:833 memoria/(7150:7150): Se conecto un cliente!
[DEBUG] 20:18:00:836 memoria/(7150:7194): PROCESANDO PETICION DE KERNEL...
[DEBUG] 20:18:01:225 memoria/(7150:7194): PETICION RECIBIDA: 'NUEVO PROCESO EN READY'
[DEBUG] 20:18:01:226 memoria/(7150:7194): Iniciando tabla de paginas
[INFO] 20:18:01:762 memoria/(7150:7150): Se conecto un cliente!
[DEBUG] 20:18:01:763 memoria/(7150:7199): PROCESANDO PETICION DE KERNEL...
[INFO] 20:22:20:607 memoria/(7301:7301): INICIANDO LOG memoria...
[INFO] 20:22:20:608 memoria/(7301:7301): CREANDO CONFIG memoria...
[INFO] 20:22:20:608 memoria/(7301:7301): Listo para escuchar a mi cliente
[INFO] 20:23:06:257 memoria/(7301:7301): Se conecto un cliente!
[DEBUG] 20:23:06:258 memoria/(7301:7430): PROCESANDO PETICION DE KERNEL...
[DEBUG] 20:23:07:267 memoria/(7301:7430): PETICION RECIBIDA: 'NUEVO PROCESO EN READY'
[DEBUG] 20:23:07:268 memoria/(7301:7430): Iniciando tabla de paginas
[INFO] 20:23:10:239 memoria/(7301:7301): Se conecto un cliente!
[DEBUG] 20:23:10:244 memoria/(7301:7437): PROCESANDO PETICION DE KERNEL...
[INFO] 20:32:31:606 memoria/(7776:7776): INICIANDO LOG memoria...
[INFO] 20:32:31:607 memoria/(7776:7776): CREANDO CONFIG memoria...
[INFO] 20:32:31:607 memoria/(7776:7776): Listo para escuchar a mi cliente
[INFO] 20:32:46:617 memoria/(7776:7776): Se conecto un cliente!
[DEBUG] 20:32:46:617 memoria/(7776:7839): PROCESANDO PETICION DE KERNEL...
[DEBUG] 20:32:47:689 memoria/(7776:7839): PETICION RECIBIDA: 'NUEVO PROCESO EN READY'
[DEBUG] 20:32:47:689 memoria/(7776:7839): Iniciando tabla de paginas
[INFO] 20:32:48:242 memoria/(7776:7776): Se conecto un cliente!
[DEBUG] 20:32:48:243 memoria/(7776:7844): PROCESANDO PETICION DE KERNEL...
[INFO] 20:32:55:156 memoria/(7860:7860): INICIANDO LOG memoria...
[INFO] 20:32:55:156 memoria/(7860:7860): CREANDO CONFIG memoria...
[INFO] 20:32:55:156 memoria/(7860:7860): Listo para escuchar a mi cliente
[INFO] 20:33:16:909 memoria/(7949:7949): INICIANDO LOG memoria...
[INFO] 20:33:16:909 memoria/(7949:7949): CREANDO CONFIG memoria...
[INFO] 20:33:16:909 memoria/(7949:7949): Listo para escuchar a mi cliente
[INFO] 20:33:32:662 memoria/(8006:8006): INICIANDO LOG memoria...
[INFO] 20:33:32:663 memoria/(8006:8006): CREANDO CONFIG memoria...
[INFO] 20:33:32:663 memoria/(8006:8006): Listo para escuchar a mi cliente
[INFO] 20:33:57:406 memoria/(8035:8035): INICIANDO LOG memoria...
[INFO] 20:33:57:406 memoria/(8035:8035): CREANDO CONFIG memoria...
[INFO] 20:33:57:406 memoria/(8035:8035): Listo para escuchar a mi cliente
[INFO] 20:34:04:035 memoria/(8035:8035): Se conecto un cliente!
[DEBUG] 20:34:04:037 memoria/(8035:8062): PROCESANDO PETICION DE KERNEL...
[DEBUG] 20:34:04:623 memoria/(8035:8062): PETICION RECIBIDA: 'NUEVO PROCESO EN READY'
[DEBUG] 20:34:04:623 memoria/(8035:8062): Iniciando tabla de paginas
[INFO] 20:34:05:292 memoria/(8035:8035): Se conecto un cliente!
[DEBUG] 20:34:05:294 memoria/(8035:8067): PROCESANDO PETICION DE KERNEL...
[INFO] 20:48:42:464 memoria/(9121:9121): INICIANDO LOG memoria...
[INFO] 20:48:42:465 memoria/(9121:9121): CREANDO CONFIG memoria...
[INFO] 20:48:42:465 memoria/(9121:9121): Listo para escuchar a mi cliente
[INFO] 20:51:47:177 memoria/(9332:9332): INICIANDO LOG memoria...
[INFO] 20:51:47:179 memoria/(9332:9332): CREANDO CONFIG memoria...
[INFO] 20:51:47:179 memoria/(9332:9332): Listo para escuchar a mi cliente
[INFO] 20:52:01:811 memoria/(9338:9338): INICIANDO LOG memoria...
[INFO] 20:52:01:811 memoria/(9338:9338): CREANDO CONFIG memoria...
[INFO] 20:52:01:812 memoria/(9338:9338): Listo para escuchar a mi cliente
[INFO] 20:52:03:400 memoria/(9338:9338): Se conecto un cliente!
[DEBUG] 20:52:03:400 memoria/(9338:9340): PROCESANDO PETICION DE KERNEL...
[DEBUG] 20:52:03:400 memoria/(9338:9340): PETICION RECIBIDA: 'NUEVO PROCESO EN READY'
[DEBUG] 20:52:03:400 memoria/(9338:9340): Iniciando tabla de paginas
[INFO] 20:52:03:400 memoria/(9338:9338): Se conecto un cliente!
[DEBUG] 20:52:03:401 memoria/(9338:9341): PROCESANDO PETICION DE KERNEL...
[INFO] 21:07:18:175 memoria/(9911:9911): INICIANDO LOG memoria...
[INFO] 21:07:18:175 memoria/(9911:9911): CREANDO CONFIG memoria...
[INFO] 21:07:18:175 memoria/(9911:9911): Listo para escuchar a mi cliente
[INFO] 21:07:27:751 memoria/(9911:9911): Se conecto un cliente!
[DEBUG] 21:07:27:754 memoria/(9911:9939): PROCESANDO PETICION DE KERNEL...
[DEBUG] 21:07:28:156 memoria/(9911:9939): PETICION RECIBIDA: 'NUEVO PROCESO EN READY'
[DEBUG] 21:07:28:156 memoria/(9911:9939): Iniciando tabla de paginas
[INFO] 21:07:39:687 memoria/(9911:9911): Se conecto un cliente!
[DEBUG] 21:07:39:689 memoria/(9911:9948): PROCESANDO PETICION DE KERNEL...
[INFO] 21:09:22:993 memoria/(10019:10019): INICIANDO LOG memoria...
[INFO] 21:09:22:993 memoria/(10019:10019): CREANDO CONFIG memoria...
[INFO] 21:09:22:994 memoria/(10019:10019): Listo para escuchar a mi cliente
[INFO] 21:09:38:909 memoria/(10019:10019): Se conecto un cliente!
[DEBUG] 21:09:38:910 memoria/(10019:10094): PROCESANDO PETICION DE KERNEL...
[DEBUG] 21:09:38:910 memoria/(10019:10094): PETICION RECIBIDA: 'NUEVO PROCESO EN READY'
[DEBUG] 21:09:38:910 memoria/(10019:10094): Iniciando tabla de paginas
[INFO] 21:09:43:910 memoria/(10019:10019): Se conecto un cliente!
[DEBUG] 21:09:43:910 memoria/(10019:10096): PROCESANDO PETICION DE KERNEL...
[INFO] 21:12:04:295 memoria/(10272:10272): INICIANDO LOG memoria...
[INFO] 21:12:04:296 memoria/(10272:10272): CREANDO CONFIG memoria...
[INFO] 21:12:04:296 memoria/(10272:10272): Listo para escuchar a mi cliente
[INFO] 21:12:06:885 memoria/(10272:10272): Se conecto un cliente!
[DEBUG] 21:12:06:885 memoria/(10272:10283): PROCESANDO PETICION DE KERNEL...
[DEBUG] 21:12:06:885 memoria/(10272:10283): PETICION RECIBIDA: 'NUEVO PROCESO EN READY'
[DEBUG] 21:12:06:885 memoria/(10272:10283): Iniciando tabla de paginas
[INFO] 21:12:11:886 memoria/(10272:10272): Se conecto un cliente!
[DEBUG] 21:12:11:886 memoria/(10272:10287): PROCESANDO PETICION DE KERNEL...
[INFO] 21:12:29:858 memoria/(10295:10295): INICIANDO LOG memoria...
[INFO] 21:12:29:860 memoria/(10295:10295): CREANDO CONFIG memoria...
[INFO] 21:12:29:861 memoria/(10295:10295): Listo para escuchar a mi cliente
[INFO] 21:12:31:549 memoria/(10295:10295): Se conecto un cliente!
[DEBUG] 21:12:31:550 memoria/(10295:10323): PROCESANDO PETICION DE KERNEL...
[DEBUG] 21:12:31:550 memoria/(10295:10323): PETICION RECIBIDA: 'NUEVO PROCESO EN READY'
[DEBUG] 21:12:31:550 memoria/(10295:10323): Iniciando tabla de paginas
[INFO] 21:12:36:550 memoria/(10295:10295): Se conecto un cliente!
[DEBUG] 21:12:36:550 memoria/(10295:10325): PROCESANDO PETICION DE KERNEL...
[INFO] 21:13:13:368 memoria/(10361:10361): INICIANDO LOG memoria...
[INFO] 21:13:13:369 memoria/(10361:10361): CREANDO CONFIG memoria...
[INFO] 21:13:13:369 memoria/(10361:10361): Listo para escuchar a mi cliente
[INFO] 21:13:21:606 memoria/(10361:10361): Se conecto un cliente!
[DEBUG] 21:13:21:606 memoria/(10361:10408): PROCESANDO PETICION DE KERNEL...
[DEBUG] 21:13:21:606 memoria/(10361:10408): PETICION RECIBIDA: 'NUEVO PROCESO EN READY'
[DEBUG] 21:13:21:606 memoria/(10361:10408): Iniciando tabla de paginas
[INFO] 21:13:26:607 memoria/(10361:10361): Se conecto un cliente!
[DEBUG] 21:13:26:607 memoria/(10361:10410): PROCESANDO PETICION DE KERNEL...
[INFO] 21:14:30:915 memoria/(10510:10510): INICIANDO LOG memoria...
[INFO] 21:14:30:916 memoria/(10510:10510): CREANDO CONFIG memoria...
[INFO] 21:14:30:916 memoria/(10510:10510): Listo para escuchar a mi cliente
[INFO] 21:14:35:836 memoria/(10510:10510): Se conecto un cliente!
[DEBUG] 21:14:35:837 memoria/(10510:10542): PROCESANDO PETICION DE KERNEL...
[DEBUG] 21:14:35:837 memoria/(10510:10542): PETICION RECIBIDA: 'NUEVO PROCESO EN READY'
[DEBUG] 21:14:35:837 memoria/(10510:10542): Iniciando tabla de paginas
[INFO] 21:14:40:837 memoria/(10510:10510): Se conecto un cliente!
[DEBUG] 21:14:40:838 memoria/(10510:10544): PROCESANDO PETICION DE KERNEL...
[INFO] 21:17:06:879 memoria/(10733:10733): INICIANDO LOG memoria...
[INFO] 21:17:06:879 memoria/(10733:10733): CREANDO CONFIG memoria...
[INFO] 21:17:06:879 memoria/(10733:10733): Listo para escuchar a mi cliente
[INFO] 21:17:08:914 memoria/(10733:10733): Se conecto un cliente!
[DEBUG] 21:17:08:915 memoria/(10733:10735): PROCESANDO PETICION DE KERNEL...
[DEBUG] 21:17:08:915 memoria/(10733:10735): PETICION RECIBIDA: 'NUEVO PROCESO EN READY'
[DEBUG] 21:17:08:915 memoria/(10733:10735): Iniciando tabla de paginas
[INFO] 21:17:13:915 memoria/(10733:10733): Se conecto un cliente!
[DEBUG] 21:17:13:915 memoria/(10733:10738): PROCESANDO PETICION DE KERNEL...
[INFO] 21:17:21:272 memoria/(10742:10742): INICIANDO LOG memoria...
[INFO] 21:17:21:272 memoria/(10742:10742): CREANDO CONFIG memoria...
[INFO] 21:17:21:272 memoria/(10742:10742): Listo para escuchar a mi cliente
[INFO] 21:17:27:646 memoria/(10748:10748): INICIANDO LOG memoria...
[INFO] 21:17:27:646 memoria/(10748:10748): CREANDO CONFIG memoria...
[INFO] 21:17:27:646 memoria/(10748:10748): Listo para escuchar a mi cliente
[INFO] 21:19:18:379 memoria/(10983:10983): INICIANDO LOG memoria...
[INFO] 21:19:18:379 memoria/(10983:10983): CREANDO CONFIG memoria...
[INFO] 21:19:18:379 memoria/(10983:10983): Listo para escuchar a mi cliente
[INFO] 21:19:19:828 memoria/(10983:10983): Se conecto un cliente!
[DEBUG] 21:19:19:828 memoria/(10983:10985): PROCESANDO PETICION DE KERNEL...
[DEBUG] 21:19:19:828 memoria/(10983:10985): PETICION RECIBIDA: 'NUEVO PROCESO EN READY'
[DEBUG] 21:19:19:828 memoria/(10983:10985): Iniciando tabla de paginas
[INFO] 21:19:24:828 memoria/(10983:10983): Se conecto un cliente!
[DEBUG] 21:19:24:828 memoria/(10983:10986): PROCESANDO PETICION DE KERNEL...
[INFO] 16:44:48:111 memoria/(3751:3751): INICIANDO LOG memoria...
[INFO] 16:44:48:121 memoria/(3751:3751): CREANDO CONFIG memoria...
[INFO] 16:44:48:122 memoria/(3751:3751): Listo para escuchar a mi cliente
[INFO] 16:46:49:992 memoria/(3819:3819): INICIANDO LOG memoria...
[INFO] 16:46:49:992 memoria/(3819:3819): CREANDO CONFIG memoria...
[INFO] 16:46:49:992 memoria/(3819:3819): Listo para escuchar a mi cliente
[INFO] 16:46:54:515 memoria/(3819:3819): Se conecto un cliente!
[DEBUG] 16:46:54:518 memoria/(3819:3846): PROCESANDO PETICION DE KERNEL...
[DEBUG] 16:46:54:518 memoria/(3819:3846): PETICION RECIBIDA: 'NUEVO PROCESO EN READY'
[DEBUG] 16:46:54:518 memoria/(3819:3846): Iniciando tabla de paginas
[INFO] 16:46:59:515 memoria/(3819:3819): Se conecto un cliente!
[DEBUG] 16:46:59:516 memoria/(3819:3850): PROCESANDO PETICION DE KERNEL...
[INFO] 17:35:43:740 memoria/(6024:6024): INICIANDO LOG memoria...
[INFO] 17:35:43:740 memoria/(6024:6024): CREANDO CONFIG memoria...
[INFO] 17:35:43:741 memoria/(6024:6024): Listo para escuchar a mi cliente
[INFO] 17:35:45:386 memoria/(6024:6024): Se conecto un cliente!
[DEBUG] 17:35:45:388 memoria/(6024:6026): PROCESANDO PETICION DE KERNEL...
[DEBUG] 17:35:45:388 memoria/(6024:6026): PETICION RECIBIDA: 'NUEVO PROCESO EN READY'
[DEBUG] 17:35:45:388 memoria/(6024:6026): Iniciando tabla de paginas
[INFO] 17:35:50:388 memoria/(6024:6024): Se conecto un cliente!
[DEBUG] 17:35:50:388 memoria/(6024:6027): PROCESANDO PETICION DE KERNEL...
[INFO] 17:07:11:904 memoria/(3987:3987): INICIANDO LOG memoria...
[INFO] 17:07:11:934 memoria/(3987:3987): CREANDO CONFIG memoria...
[INFO] 17:07:11:934 memoria/(3987:3987): Listo para escuchar a mi cliente
[INFO] 17:07:26:256 memoria/(3987:3987): Se conecto un cliente!
[DEBUG] 17:07:26:257 memoria/(3987:3996): PROCESANDO PETICION DE KERNEL...
[DEBUG] 17:07:26:257 memoria/(3987:3996): PETICION RECIBIDA: 'NUEVO PROCESO EN READY'
[DEBUG] 17:07:26:257 memoria/(3987:3996): Iniciando tabla de paginas
[INFO] 17:07:58:280 memoria/(4002:4002): INICIANDO LOG memoria...
[INFO] 17:07:58:281 memoria/(4002:4002): CREANDO CONFIG memoria...
[INFO] 17:07:58:281 memoria/(4002:4002): Listo para escuchar a mi cliente
[INFO] 17:07:59:348 memoria/(4002:4002): Se conecto un cliente!
[DEBUG] 17:07:59:348 memoria/(4002:4004): PROCESANDO PETICION DE KERNEL...
[DEBUG] 17:07:59:348 memoria/(4002:4004): PETICION RECIBIDA: 'NUEVO PROCESO EN READY'
[DEBUG] 17:07:59:348 memoria/(4002:4004): Iniciando tabla de paginas
[INFO] 19:06:50:268 memoria/(7108:7108): INICIANDO LOG memoria...
[INFO] 19:06:50:291 memoria/(7108:7108): CREANDO CONFIG memoria...
[INFO] 19:06:50:291 memoria/(7108:7108): Listo para escuchar a mi cliente
[DEBUG] 19:06:51:657 memoria/(7108:7108): INT HANDLER
[DEBUG] 19:06:54:544 memoria/(7108:7108): INT HANDLER
[DEBUG] 19:06:55:545 memoria/(7108:7108): INT HANDLER
[DEBUG] 19:06:56:367 memoria/(7108:7108): INT HANDLER
[DEBUG] 19:06:57:015 memoria/(7108:7108): INT HANDLER
[DEBUG] 19:06:57:367 memoria/(7108:7108): INT HANDLER
[DEBUG] 19:06:57:567 memoria/(7108:7108): INT HANDLER
[DEBUG] 19:06:57:871 memoria/(7108:7108): INT HANDLER
[DEBUG] 19:06:58:041 memoria/(7108:7108): INT HANDLER
[DEBUG] 19:06:58:201 memoria/(7108:7108): INT HANDLER
[DEBUG] 19:06:58:361 memoria/(7108:7108): INT HANDLER
[DEBUG] 19:06:58:529 memoria/(7108:7108): INT HANDLER
[DEBUG] 19:06:58:687 memoria/(7108:7108): INT HANDLER
[DEBUG] 19:06:58:839 memoria/(7108:7108): INT HANDLER
[DEBUG] 19:06:58:990 memoria/(7108:7108): INT HANDLER
[DEBUG] 19:06:59:144 memoria/(7108:7108): INT HANDLER
[DEBUG] 19:06:59:311 memoria/(7108:7108): INT HANDLER
[DEBUG] 19:06:59:463 memoria/(7108:7108): INT HANDLER
[DEBUG] 19:06:59:615 memoria/(7108:7108): INT HANDLER
[DEBUG] 19:06:59:791 memoria/(7108:7108): INT HANDLER
[DEBUG] 19:06:59:927 memoria/(7108:7108): INT HANDLER
[DEBUG] 19:07:00:135 memoria/(7108:7108): INT HANDLER
[DEBUG] 19:07:00:303 memoria/(7108:7108): INT HANDLER
[DEBUG] 19:07:00:585 memoria/(7108:7108): INT HANDLER
[DEBUG] 19:07:13:649 memoria/(7108:7108): INT HANDLER
[INFO] 19:07:21:907 memoria/(7156:7156): INICIANDO LOG memoria...
[INFO] 19:07:21:907 memoria/(7156:7156): CREANDO CONFIG memoria...
[INFO] 19:07:21:908 memoria/(7156:7156): Listo para escuchar a mi cliente
[DEBUG] 19:07:23:906 memoria/(7156:7156): INT HANDLER
[DEBUG] 19:07:24:928 memoria/(7156:7156): INT HANDLER
[DEBUG] 19:07:25:464 memoria/(7156:7156): INT HANDLER
[DEBUG] 19:07:25:664 memoria/(7156:7156): INT HANDLER
[DEBUG] 19:07:25:829 memoria/(7156:7156): INT HANDLER
[DEBUG] 19:07:25:960 memoria/(7156:7156): INT HANDLER
[DEBUG] 19:07:36:080 memoria/(7156:7156): INT HANDLER
[DEBUG] 19:07:37:424 memoria/(7156:7156): INT HANDLER
[INFO] 19:07:48:998 memoria/(7192:7192): INICIANDO LOG memoria...
[INFO] 19:07:49:001 memoria/(7192:7192): CREANDO CONFIG memoria...
[INFO] 19:07:49:001 memoria/(7192:7192): Listo para escuchar a mi cliente
[DEBUG] 19:07:50:362 memoria/(7192:7192): INT HANDLER
[DEBUG] 19:07:51:570 memoria/(7192:7192): INT HANDLER
[DEBUG] 19:07:51:753 memoria/(7192:7192): INT HANDLER
[DEBUG] 19:07:51:899 memoria/(7192:7192): INT HANDLER
[DEBUG] 19:07:52:051 memoria/(7192:7192): INT HANDLER
[DEBUG] 19:07:52:201 memoria/(7192:7192): INT HANDLER
[DEBUG] 19:07:52:330 memoria/(7192:7192): INT HANDLER
[DEBUG] 19:07:52:473 memoria/(7192:7192): INT HANDLER
[DEBUG] 19:07:52:627 memoria/(7192:7192): INT HANDLER
[DEBUG] 19:07:52:770 memoria/(7192:7192): INT HANDLER
[DEBUG] 19:07:52:937 memoria/(7192:7192): INT HANDLER
[DEBUG] 19:07:53:123 memoria/(7192:7192): INT HANDLER
[DEBUG] 19:07:53:322 memoria/(7192:7192): INT HANDLER
[INFO] 19:07:59:132 memoria/(7193:7193): INICIANDO LOG memoria...
[INFO] 19:07:59:132 memoria/(7193:7193): CREANDO CONFIG memoria...
[INFO] 19:07:59:132 memoria/(7193:7193): Listo para escuchar a mi cliente
[DEBUG] 19:08:00:785 memoria/(7193:7193): INT HANDLER
[INFO] 19:09:08:385 memoria/(7260:7260): INICIANDO LOG memoria...
[INFO] 19:09:08:386 memoria/(7260:7260): CREANDO CONFIG memoria...
[INFO] 19:09:08:386 memoria/(7260:7260): Listo para escuchar a mi cliente
[DEBUG] 19:09:09:957 memoria/(7260:7260): INT HANDLER: 0 2
[DEBUG] 19:09:13:444 memoria/(7260:7260): INT HANDLER: 1 2
[DEBUG] 19:09:14:645 memoria/(7260:7260): INT HANDLER: 1 2
[DEBUG] 19:09:15:644 memoria/(7260:7260): INT HANDLER: 1 2
[DEBUG] 19:09:16:582 memoria/(7260:7260): INT HANDLER: 1 2
[DEBUG] 19:09:16:765 memoria/(7260:7260): INT HANDLER: 1 2
[DEBUG] 19:09:16:926 memoria/(7260:7260): INT HANDLER: 1 2
[DEBUG] 19:09:17:084 memoria/(7260:7260): INT HANDLER: 1 2
[DEBUG] 19:09:17:261 memoria/(7260:7260): INT HANDLER: 1 2
[DEBUG] 19:09:17:612 memoria/(7260:7260): INT HANDLER: 1 2
[DEBUG] 19:09:18:214 memoria/(7260:7260): INT HANDLER: 1 2
[DEBUG] 19:09:18:396 memoria/(7260:7260): INT HANDLER: 1 2
[DEBUG] 19:09:18:821 memoria/(7260:7260): INT HANDLER: 1 2
[DEBUG] 19:09:19:022 memoria/(7260:7260): INT HANDLER: 1 2
[DEBUG] 19:09:19:517 memoria/(7260:7260): INT HANDLER: 1 2
[DEBUG] 19:09:20:030 memoria/(7260:7260): INT HANDLER: 1 2
[DEBUG] 19:09:22:134 memoria/(7260:7260): INT HANDLER: 1 2
[DEBUG] 19:09:22:302 memoria/(7260:7260): INT HANDLER: 1 2
[DEBUG] 19:09:22:462 memoria/(7260:7260): INT HANDLER: 1 2
[DEBUG] 19:09:22:620 memoria/(7260:7260): INT HANDLER: 1 2
[DEBUG] 19:09:22:758 memoria/(7260:7260): INT HANDLER: 1 2
[DEBUG] 19:09:22:900 memoria/(7260:7260): INT HANDLER: 1 2
[DEBUG] 19:09:23:046 memoria/(7260:7260): INT HANDLER: 1 2
[DEBUG] 19:09:23:222 memoria/(7260:7260): INT HANDLER: 1 2
[DEBUG] 19:09:31:300 memoria/(7260:7260): INT HANDLER: 1 2
[INFO] 19:10:43:184 memoria/(7399:7399): INICIANDO LOG memoria...
[INFO] 19:10:43:184 memoria/(7399:7399): CREANDO CONFIG memoria...
[INFO] 19:10:43:184 memoria/(7399:7399): Listo para escuchar a mi cliente
[DEBUG] 19:11:05:232 memoria/(7399:7399): INT HANDLER: 0 2
[DEBUG] 19:11:06:833 memoria/(7399:7399): INT HANDLER: 1 2
[DEBUG] 19:11:07:809 memoria/(7399:7399): INT HANDLER: 1 2
[DEBUG] 19:11:19:016 memoria/(7399:7399): INT HANDLER: 1 2
[DEBUG] 19:11:26:113 memoria/(7399:7399): INT HANDLER: 1 2
[INFO] 19:12:10:711 memoria/(7421:7421): INICIANDO LOG memoria...
[INFO] 19:12:10:712 memoria/(7421:7421): CREANDO CONFIG memoria...
[INFO] 19:12:10:712 memoria/(7421:7421): Listo para escuchar a mi cliente
[DEBUG] 19:12:16:770 memoria/(7421:7421): INT HANDLER: 0 2
[DEBUG] 19:12:17:867 memoria/(7421:7421): INT HANDLER: 1 2
[DEBUG] 19:12:18:908 memoria/(7421:7421): INT HANDLER: 1 2
[DEBUG] 19:12:19:708 memoria/(7421:7421): INT HANDLER: 1 2
[DEBUG] 19:31:20:731 memoria/(7421:7421): INT HANDLER: 1 2
[INFO] 18:00:05:860 memoria/(6566:6566): INICIANDO LOG memoria...
[INFO] 18:00:05:861 memoria/(6566:6566): CREANDO CONFIG memoria...
[INFO] 18:00:05:861 memoria/(6566:6566): Listo para escuchar a mi cliente
