[INFO] 23:19:47:674 consola/(4438:4438): INICIANDO LOG consola...
[INFO] 23:19:47:675 consola/(4438:4438): CREANDO CONFIG consola...
[INFO] 23:20:29:648 consola/(4643:4643): INICIANDO LOG consola...
[INFO] 23:20:29:649 consola/(4643:4643): CREANDO CONFIG consola...
[INFO] 23:21:45:823 consola/(5261:5261): INICIANDO LOG consola...
[INFO] 23:21:45:823 consola/(5261:5261): CREANDO CONFIG consola...
[INFO] 23:22:50:468 consola/(5768:5768): INICIANDO LOG consola...
[INFO] 23:22:50:469 consola/(5768:5768): CREANDO CONFIG consola...
[INFO] 23:23:33:539 consola/(6109:6109): INICIANDO LOG consola...
[INFO] 23:23:33:540 consola/(6109:6109): CREANDO CONFIG consola...
[INFO] 23:37:39:598 consola/(7818:7818): INICIANDO LOG consola...
[INFO] 23:37:39:598 consola/(7818:7818): CREANDO CONFIG consola...
[INFO] 23:45:30:853 consola/(10211:10211): INICIANDO LOG consola...
[INFO] 23:45:30:853 consola/(10211:10211): CREANDO CONFIG consola...
[INFO] 23:46:09:340 consola/(10524:10524): INICIANDO LOG consola...
[INFO] 23:46:09:341 consola/(10524:10524): CREANDO CONFIG consola...
[INFO] 23:49:12:682 consola/(11362:11362): INICIANDO LOG consola...
[INFO] 23:49:12:682 consola/(11362:11362): CREANDO CONFIG consola...
[INFO] 23:49:44:672 consola/(11653:11653): INICIANDO LOG consola...
[INFO] 23:49:44:672 consola/(11653:11653): CREANDO CONFIG consola...
[INFO] 23:49:49:393 consola/(11654:11654): INICIANDO LOG consola...
[INFO] 23:49:49:393 consola/(11654:11654): CREANDO CONFIG consola...
[INFO] 23:50:25:485 consola/(12015:12015): INICIANDO LOG consola...
[INFO] 23:50:25:486 consola/(12015:12015): CREANDO CONFIG consola...
[INFO] 23:52:44:814 consola/(12673:12673): INICIANDO LOG consola...
[INFO] 23:52:44:814 consola/(12673:12673): CREANDO CONFIG consola...
[INFO] 23:53:12:382 consola/(12949:12949): INICIANDO LOG consola...
[INFO] 23:53:12:383 consola/(12949:12949): CREANDO CONFIG consola...
[INFO] 23:54:08:903 consola/(13826:13826): INICIANDO LOG consola...
[INFO] 23:54:08:903 consola/(13826:13826): CREANDO CONFIG consola...
[INFO] 23:56:50:964 consola/(14925:14925): INICIANDO LOG consola...
[INFO] 23:56:50:965 consola/(14925:14925): CREANDO CONFIG consola...
[INFO] 23:58:31:158 consola/(15679:15679): INICIANDO LOG consola...
[INFO] 23:58:31:159 consola/(15679:15679): CREANDO CONFIG consola...
[INFO] 23:59:56:738 consola/(16387:16387): INICIANDO LOG consola...
[INFO] 23:59:56:738 consola/(16387:16387): CREANDO CONFIG consola...
[INFO] 00:01:03:399 consola/(16996:16996): INICIANDO LOG consola...
[INFO] 00:01:03:399 consola/(16996:16996): CREANDO CONFIG consola...
[INFO] 00:09:55:528 consola/(17995:17995): INICIANDO LOG consola...
[INFO] 00:09:55:529 consola/(17995:17995): CREANDO CONFIG consola...
[INFO] 00:10:16:868 consola/(18091:18091): INICIANDO LOG consola...
[INFO] 00:10:16:868 consola/(18091:18091): CREANDO CONFIG consola...
[INFO] 00:15:40:203 consola/(23904:23904): INICIANDO LOG consola...
[INFO] 00:15:40:204 consola/(23904:23904): CREANDO CONFIG consola...
[INFO] 00:16:40:337 consola/(24434:24434): INICIANDO LOG consola...
[INFO] 00:16:40:339 consola/(24434:24434): CREANDO CONFIG consola...
[INFO] 00:22:45:584 consola/(25192:25192): INICIANDO LOG consola...
[INFO] 00:22:45:584 consola/(25192:25192): CREANDO CONFIG consola...
[INFO] 00:31:17:62 consola/(30029:30029): INICIANDO LOG consola...
[INFO] 00:31:17:62 consola/(30029:30029): CREANDO CONFIG consola...
[INFO] 00:31:27:264 consola/(30032:30032): INICIANDO LOG consola...
[INFO] 00:31:27:264 consola/(30032:30032): CREANDO CONFIG consola...
[INFO] 00:31:33:197 consola/(30033:30033): INICIANDO LOG consola...
[INFO] 00:31:33:197 consola/(30033:30033): CREANDO CONFIG consola...
[INFO] 00:31:34:319 consola/(30034:30034): INICIANDO LOG consola...
[INFO] 00:31:34:319 consola/(30034:30034): CREANDO CONFIG consola...
[INFO] 00:31:35:51 consola/(30035:30035): INICIANDO LOG consola...
[INFO] 00:31:35:51 consola/(30035:30035): CREANDO CONFIG consola...
[INFO] 00:31:36:401 consola/(30036:30036): INICIANDO LOG consola...
[INFO] 00:31:36:401 consola/(30036:30036): CREANDO CONFIG consola...
[INFO] 00:31:37:190 consola/(30037:30037): INICIANDO LOG consola...
[INFO] 00:31:37:191 consola/(30037:30037): CREANDO CONFIG consola...
[INFO] 00:31:37:868 consola/(30038:30038): INICIANDO LOG consola...
[INFO] 00:31:37:869 consola/(30038:30038): CREANDO CONFIG consola...
[INFO] 00:31:38:552 consola/(30039:30039): INICIANDO LOG consola...
[INFO] 00:31:38:552 consola/(30039:30039): CREANDO CONFIG consola...
[INFO] 00:31:39:224 consola/(30040:30040): INICIANDO LOG consola...
[INFO] 00:31:39:225 consola/(30040:30040): CREANDO CONFIG consola...
[INFO] 00:31:41:301 consola/(30041:30041): INICIANDO LOG consola...
[INFO] 00:31:41:302 consola/(30041:30041): CREANDO CONFIG consola...
[INFO] 00:32:46:89 consola/(30580:30580): INICIANDO LOG consola...
[INFO] 00:32:46:89 consola/(30580:30580): CREANDO CONFIG consola...
[INFO] 00:41:52:460 consola/(31337:31337): INICIANDO LOG consola...
[INFO] 00:41:52:460 consola/(31337:31337): CREANDO CONFIG consola...
[INFO] 00:47:00:59 consola/(32419:32419): INICIANDO LOG consola...
[INFO] 00:47:00:59 consola/(32419:32419): CREANDO CONFIG consola...
[INFO] 00:48:14:812 consola/(672:672): INICIANDO LOG consola...
[INFO] 00:48:14:812 consola/(672:672): CREANDO CONFIG consola...
[INFO] 00:50:37:420 consola/(1791:1791): INICIANDO LOG consola...
[INFO] 00:50:37:420 consola/(1791:1791): CREANDO CONFIG consola...
[INFO] 16:06:10:80 consola/(9524:9524): INICIANDO LOG consola...
[INFO] 16:06:10:80 consola/(9524:9524): CREANDO CONFIG consola...
[INFO] 16:06:48:177 consola/(9816:9816): INICIANDO LOG consola...
[INFO] 16:06:48:177 consola/(9816:9816): CREANDO CONFIG consola...
[INFO] 16:08:30:231 consola/(10578:10578): INICIANDO LOG consola...
[INFO] 16:08:30:232 consola/(10578:10578): CREANDO CONFIG consola...
[INFO] 16:10:57:816 consola/(11226:11226): INICIANDO LOG consola...
[INFO] 16:10:57:816 consola/(11226:11226): CREANDO CONFIG consola...
[INFO] 16:11:29:663 consola/(11334:11334): INICIANDO LOG consola...
[INFO] 16:11:29:663 consola/(11334:11334): CREANDO CONFIG consola...
[INFO] 16:11:42:399 consola/(11397:11397): INICIANDO LOG consola...
[INFO] 16:11:42:400 consola/(11397:11397): CREANDO CONFIG consola...
[INFO] 16:15:51:508 consola/(11920:11920): INICIANDO LOG consola...
[INFO] 16:15:51:510 consola/(11920:11920): CREANDO CONFIG consola...
[INFO] 16:17:11:118 consola/(12710:12710): INICIANDO LOG consola...
[INFO] 16:17:11:118 consola/(12710:12710): CREANDO CONFIG consola...
[INFO] 16:20:07:581 consola/(13843:13843): INICIANDO LOG consola...
[INFO] 16:20:07:582 consola/(13843:13843): CREANDO CONFIG consola...
[INFO] 16:21:40:481 consola/(14379:14379): INICIANDO LOG consola...
[INFO] 16:21:40:482 consola/(14379:14379): CREANDO CONFIG consola...
[INFO] 16:32:57:680 consola/(15992:15992): INICIANDO LOG consola...
[INFO] 16:32:57:722 consola/(15992:15992): CREANDO CONFIG consola...
[INFO] 16:32:57:722 consola/(15992:15992): El arhivo de codigo es el siguiente: NO_OP 5
I/O 3000
WRITE 4 42
COPY 0 4
READ 0
EXIT
[INFO] 16:33:30:440 consola/(16177:16177): INICIANDO LOG consola...
[INFO] 16:33:30:440 consola/(16177:16177): CREANDO CONFIG consola...
[INFO] 16:33:30:441 consola/(16177:16177): El arhivo de codigo es el siguiente: NO_OP 5
I/O 3000
WRITE 4 42
COPY 0 4
READ 0
EXIT
[INFO] 16:37:59:239 consola/(17227:17227): INICIANDO LOG consola...
[INFO] 16:37:59:282 consola/(17227:17227): CREANDO CONFIG consola...
[INFO] 16:37:59:294 consola/(17227:17227): El arhivo de codigo es el siguiente: NO_OP 5
I/O 3000
WRITE 4 42
COPY 0 4
READ 0
EXIT
[INFO] 16:40:48:986 consola/(18243:18243): INICIANDO LOG consola...
[INFO] 16:40:48:987 consola/(18243:18243): CREANDO CONFIG consola...
[INFO] 16:40:48:992 consola/(18243:18243): El arhivo de codigo es el siguiente: NO_OP 5
I/O 3000
WRITE 4 42
COPY 0 4
READ 0
EXIT
[INFO] 16:42:50:578 consola/(19037:19037): INICIANDO LOG consola...
[INFO] 16:42:50:579 consola/(19037:19037): CREANDO CONFIG consola...
[INFO] 16:42:50:587 consola/(19037:19037): El arhivo de codigo es el siguiente: NO_OP 5
I/O 3000
WRITE 4 42
COPY 0 4
READ 0
EXIT
[INFO] 16:44:03:31 consola/(19503:19503): INICIANDO LOG consola...
[INFO] 16:44:03:32 consola/(19503:19503): CREANDO CONFIG consola...
[INFO] 16:44:03:33 consola/(19503:19503): El arhivo de codigo es el siguiente: NO_OP 5
I/O 3000
WRITE 4 42
COPY 0 4
READ 0
EXIT
[INFO] 16:47:24:744 consola/(20495:20495): INICIANDO LOG consola...
[INFO] 16:47:24:744 consola/(20495:20495): CREANDO CONFIG consola...
[INFO] 16:47:24:745 consola/(20495:20495): El arhivo de codigo es el siguiente: NO_OP 5
I/O 3000
WRITE 4 42
COPY 0 4
READ 0
EXIT
[INFO] 16:48:19:29 consola/(20886:20886): INICIANDO LOG consola...
[INFO] 16:48:19:29 consola/(20886:20886): CREANDO CONFIG consola...
[INFO] 16:48:19:30 consola/(20886:20886): El arhivo de codigo es el siguiente: NO_OP 5
I/O 3000
WRITE 4 42
COPY 0 4
READ 0
EXIT
[INFO] 17:53:20:116 consola/(21453:21453): INICIANDO LOG consola...
[INFO] 17:53:20:117 consola/(21453:21453): CREANDO CONFIG consola...
[INFO] 17:53:20:118 consola/(21453:21453): El arhivo de codigo es el siguiente: NO_OP 5
I/O 3000
WRITE 4 42
COPY 0 4
READ 0
EXIT
[INFO] 17:54:36:167 consola/(21784:21784): INICIANDO LOG consola...
[INFO] 17:54:36:167 consola/(21784:21784): CREANDO CONFIG consola...
[INFO] 17:54:36:168 consola/(21784:21784): El arhivo de codigo es el siguiente: NO_OP 5
I/O 3000
WRITE 4 42
COPY 0 4
READ 0
EXIT
[INFO] 17:58:28:204 consola/(22290:22290): INICIANDO LOG consola...
[INFO] 17:58:28:204 consola/(22290:22290): CREANDO CONFIG consola...
[INFO] 17:58:28:206 consola/(22290:22290): El arhivo de codigo es el siguiente: NO_OP 5
I/O 3000
WRITE 4 42
COPY 0 4
READ 0
EXIT
[INFO] 17:58:56:403 consola/(22387:22387): INICIANDO LOG consola...
[INFO] 17:58:56:404 consola/(22387:22387): CREANDO CONFIG consola...
[INFO] 17:58:56:405 consola/(22387:22387): El arhivo de codigo es el siguiente: NO_OP 5
I/O 3000
WRITE 4 42
COPY 0 4
READ 0
EXIT
[INFO] 17:59:44:468 consola/(22975:22975): INICIANDO LOG consola...
[INFO] 17:59:44:469 consola/(22975:22975): CREANDO CONFIG consola...
[INFO] 17:59:44:471 consola/(22975:22975): El arhivo de codigo es el siguiente: NO_OP 5
I/O 3000
WRITE 4 42
COPY 0 4
READ 0
EXIT
[INFO] 18:01:39:664 consola/(23621:23621): INICIANDO LOG consola...
[INFO] 18:01:39:666 consola/(23621:23621): CREANDO CONFIG consola...
[INFO] 18:01:39:676 consola/(23621:23621): El arhivo de codigo es el siguiente: NO_OP 5
I/O 3000
WRITE 4 42
COPY 0 4
READ 0
EXIT
[INFO] 18:04:10:248 consola/(24273:24273): INICIANDO LOG consola...
[INFO] 18:04:10:248 consola/(24273:24273): CREANDO CONFIG consola...
[INFO] 18:04:10:249 consola/(24273:24273): El arhivo de codigo es el siguiente: NO_OP 5
I/O 3000
WRITE 4 42
COPY 0 4
READ 0
EXIT
[INFO] 18:04:27:709 consola/(24379:24379): INICIANDO LOG consola...
[INFO] 18:04:27:723 consola/(24379:24379): CREANDO CONFIG consola...
[INFO] 18:04:27:736 consola/(24379:24379): El arhivo de codigo es el siguiente: NO_OP 5
I/O 3000
WRITE 4 42
COPY 0 4
READ 0
EXIT
[INFO] 18:05:17:750 consola/(24752:24752): INICIANDO LOG consola...
[INFO] 18:05:17:751 consola/(24752:24752): CREANDO CONFIG consola...
[INFO] 18:05:17:752 consola/(24752:24752): El arhivo de codigo es el siguiente: NO_OP 5
I/O 3000
WRITE 4 42
COPY 0 4
READ 0
EXIT
[INFO] 18:08:07:879 consola/(25344:25344): INICIANDO LOG consola...
[INFO] 18:08:07:880 consola/(25344:25344): CREANDO CONFIG consola...
[INFO] 18:08:07:882 consola/(25344:25344): El arhivo de codigo es el siguiente: NO_OP 5
I/O 3000
WRITE 4 42
COPY 0 4
READ 0
EXIT0
[INFO] 18:22:44:600 consola/(26542:26542): INICIANDO LOG consola...
[INFO] 18:22:44:601 consola/(26542:26542): CREANDO CONFIG consola...
[INFO] 18:22:44:601 consola/(26542:26542): El arhivo de codigo es el siguiente: NO_OP 5
I/O 3000
WRITE 4 42
COPY 0 4
READ 0
EXIT
[INFO] 18:23:18:65 consola/(26848:26848): INICIANDO LOG consola...
[INFO] 18:23:18:67 consola/(26848:26848): CREANDO CONFIG consola...
[INFO] 18:23:18:68 consola/(26848:26848): El arhivo de codigo es el siguiente: NO_OP 5
I/O 3000
WRITE 4 42
COPY 0 4
READ 0
EXIT
[INFO] 18:26:37:556 consola/(27240:27240): INICIANDO LOG consola...
[INFO] 18:26:37:556 consola/(27240:27240): CREANDO CONFIG consola...
[INFO] 18:26:37:558 consola/(27240:27240): El arhivo de codigo es el siguiente: NO_OP 5
I/O 3000
WRITE 4 42
COPY 0 4
READ 0
EXIT
[INFO] 18:28:20:981 consola/(28052:28052): INICIANDO LOG consola...
[INFO] 18:28:20:998 consola/(28052:28052): CREANDO CONFIG consola...
[INFO] 18:28:21:44 consola/(28052:28052): El archivo de codigo es el siguiente: NO_OP 5
I/O 3000
WRITE 4 42
COPY 0 4
READ 0
EXIT
[INFO] 18:32:15:782 consola/(28961:28961): INICIANDO LOG consola...
[INFO] 18:32:15:782 consola/(28961:28961): CREANDO CONFIG consola...
[INFO] 18:32:15:783 consola/(28961:28961): El archivo de codigo es el siguiente: NO_OP 5
I/O 3000
WRITE 4 42
COPY 0 4
READ 0
EXIT
[INFO] 18:34:43:239 consola/(29812:29812): INICIANDO LOG consola...
[INFO] 18:34:43:254 consola/(29812:29812): CREANDO CONFIG consola...
[INFO] 18:34:43:278 consola/(29812:29812): El archivo de codigo es el siguiente: NO_OP 5
I/O 3000
WRITE 4 42
COPY 0 4
READ 0
EXIT
[INFO] 18:35:59:450 consola/(30559:30559): INICIANDO LOG consola...
[INFO] 18:35:59:450 consola/(30559:30559): CREANDO CONFIG consola...
[INFO] 18:35:59:451 consola/(30559:30559): El archivo de codigo es el siguiente: NO_OP 5
I/O 3000
WRITE 4 42
COPY 0 4
READ 0
EXIT
[INFO] 18:37:36:538 consola/(31115:31115): INICIANDO LOG consola...
[INFO] 18:37:36:538 consola/(31115:31115): CREANDO CONFIG consola...
[INFO] 18:37:36:539 consola/(31115:31115): El archivo de codigo es el siguiente: NO_OP 5
I/O 3000
WRITE 4 42
COPY 0 4
READ 0
EXIT
[INFO] 18:39:48:94 consola/(31259:31259): INICIANDO LOG consola...
[INFO] 18:39:48:94 consola/(31259:31259): CREANDO CONFIG consola...
[INFO] 18:39:48:95 consola/(31259:31259): El archivo de codigo es el siguiente: NO_OP 5
I/O 3000
WRITE 4 42
COPY 0 4
READ 0
EXIT
[INFO] 17:16:41:931 consola/(5456:5456): INICIANDO LOG consola...
[INFO] 17:16:41:931 consola/(5456:5456): CREANDO CONFIG consola...
[INFO] 17:16:41:932 consola/(5456:5456): El archivo de codigo es el siguiente: NO_OP 5
I/O 3000
WRITE 4 42
COPY 0 4
READ 0
EXIT
[INFO] 17:16:41:933 consola/(5456:5456): Kernel devolvio: 0
[INFO] 17:16:41:933 consola/(5456:5456): El tamanio del espacio de memoria es: 100
[INFO] 17:17:55:844 consola/(5561:5561): INICIANDO LOG consola...
[INFO] 17:17:55:851 consola/(5561:5561): CREANDO CONFIG consola...
[INFO] 17:17:55:853 consola/(5561:5561): El archivo de codigo es el siguiente: NO_OP 5
I/O 3000
WRITE 4 42
COPY 0 4
READ 0
EXIT
[INFO] 17:17:55:869 consola/(5561:5561): Kernel devolvio: 0
[INFO] 17:17:55:869 consola/(5561:5561): El tamanio del espacio de memoria es: 100
[INFO] 17:25:59:40 consola/(5823:5823): INICIANDO LOG consola...
[INFO] 17:25:59:41 consola/(5823:5823): CREANDO CONFIG consola...
[INFO] 17:25:59:42 consola/(5823:5823): El archivo de codigo es el siguiente: NO_OP 5
I/O 3000
WRITE 4 42
COPY 0 4
READ 0
EXIT
[INFO] 17:29:06:16 consola/(5918:5918): INICIANDO LOG consola...
[INFO] 17:29:06:18 consola/(5918:5918): CREANDO CONFIG consola...
[INFO] 17:29:06:19 consola/(5918:5918): El archivo de codigo es el siguiente: NO_OP 5
I/O 3000
WRITE 4 42
COPY 0 4
READ 0
EXIT
[INFO] 17:29:06:34 consola/(5918:5918): Kernel devolvio: 0
[INFO] 17:29:06:35 consola/(5918:5918): El tamanio del espacio de memoria es: 100
