[INFO] 19:34:41:422 kernel/(12165:12165): INICIANDO LOG kernel...
[INFO] 19:34:41:422 kernel/(12165:12165): Se Inicializan semaforos
[INFO] 19:34:41:422 kernel/(12165:12165): Se Inician Hilos
[INFO] 19:44:54:346 kernel/(12482:12482): INICIANDO LOG kernel...
[INFO] 19:44:54:346 kernel/(12482:12482): Se Inicializan semaforos
[INFO] 19:44:54:346 kernel/(12482:12482): Se Inician Hilos
[INFO] 19:52:15:887 kernel/(12811:12811): INICIANDO LOG kernel...
[INFO] 19:52:15:887 kernel/(12811:12811): Se Inicializan semaforos
[INFO] 19:52:15:887 kernel/(12811:12811): Se Inician Hilos
[INFO] 19:52:52:208 kernel/(12862:12862): INICIANDO LOG kernel...
[INFO] 19:52:52:208 kernel/(12862:12862): Se Inicializan semaforos
[INFO] 19:52:52:208 kernel/(12862:12862): Se Inician Hilos
[INFO] 19:53:54:214 kernel/(12907:12907): INICIANDO LOG kernel...
[INFO] 19:53:54:214 kernel/(12907:12907): Se Inicializan semaforos
[INFO] 19:53:54:214 kernel/(12907:12907): Se Inician Hilos
[INFO] 19:54:24:483 kernel/(12952:12952): INICIANDO LOG kernel...
[INFO] 19:54:24:483 kernel/(12952:12952): Se Inicializan semaforos
[INFO] 19:54:24:483 kernel/(12952:12952): Se Inician Hilos
[INFO] 19:55:42:766 kernel/(13020:13020): INICIANDO LOG kernel...
[INFO] 19:55:42:766 kernel/(13020:13020): Se Inicializan semaforos
[INFO] 19:55:42:766 kernel/(13020:13020): Se Inician Hilos
[INFO] 19:56:22:631 kernel/(13155:13155): INICIANDO LOG kernel...
[INFO] 19:56:22:639 kernel/(13155:13155): Se Inicializan semaforos
[INFO] 19:56:22:639 kernel/(13155:13155): Se Inician Hilos
[INFO] 19:58:38:043 kernel/(13228:13228): INICIANDO LOG kernel...
[INFO] 19:58:38:051 kernel/(13228:13228): Se Inicializan semaforos
[INFO] 19:58:38:051 kernel/(13228:13228): Se Inician Hilos
[INFO] 20:01:39:195 kernel/(13294:13294): INICIANDO LOG kernel...
[INFO] 20:01:39:195 kernel/(13294:13294): Se Inicializan semaforos
[INFO] 20:01:39:195 kernel/(13294:13294): Se Inician Hilos
[INFO] 20:03:23:033 kernel/(13449:13449): INICIANDO LOG kernel...
[INFO] 20:03:23:033 kernel/(13449:13449): Se Inicializan semaforos
[INFO] 20:03:23:034 kernel/(13449:13449): Se Inician Hilos
[INFO] 20:04:49:849 kernel/(2759:2759): INICIANDO LOG kernel...
[INFO] 20:04:49:849 kernel/(2759:2759): Se Inicializan semaforos
[INFO] 20:04:49:849 kernel/(2759:2759): Se Inician Hilos
[INFO] 20:06:57:587 kernel/(3252:3252): INICIANDO LOG kernel...
[INFO] 20:06:57:587 kernel/(3252:3252): Se Inicializan semaforos
[INFO] 20:06:57:587 kernel/(3252:3252): Se Inician Hilos
[INFO] 20:09:11:284 kernel/(3355:3355): INICIANDO LOG kernel...
[INFO] 20:09:11:284 kernel/(3355:3355): Se Inicializan semaforos
[INFO] 20:09:11:284 kernel/(3355:3355): Se Inician Hilos
[INFO] 20:10:27:589 kernel/(3619:3619): INICIANDO LOG kernel...
[INFO] 20:10:27:589 kernel/(3619:3619): Se Inicializan semaforos
[INFO] 20:10:27:589 kernel/(3619:3619): Se Inician Hilos
[INFO] 20:10:27:596 kernel/(3619:3622): Hilo Blocked-SuspendedBlocked iniciando
[INFO] 20:12:04:279 kernel/(3687:3687): INICIANDO LOG kernel...
[INFO] 20:12:04:279 kernel/(3687:3687): Se Inicializan semaforos
[INFO] 20:12:04:279 kernel/(3687:3687): Se Inician Hilos
[INFO] 20:12:08:798 kernel/(3687:3700): Hilo Blocked-SuspendedBlocked iniciando
[INFO] 20:12:08:799 kernel/(3687:3701): Hilo SuspendedBlocked-SuspendedReady iniciando
[INFO] 20:12:08:803 kernel/(3687:3702): Hilo Blocked-Ready iniciando
[INFO] 20:12:45:508 kernel/(3753:3753): INICIANDO LOG kernel...
[INFO] 20:12:45:509 kernel/(3753:3753): Se Inicializan semaforos
[INFO] 20:12:45:509 kernel/(3753:3753): Se Inician Hilos
[INFO] 20:13:07:371 kernel/(3753:3765): Hilo Blocked-SuspendedBlocked iniciando
[INFO] 20:13:07:383 kernel/(3753:3772): Hilo SuspendedBlocked-SuspendedReady iniciando
[INFO] 20:14:20:113 kernel/(3867:3867): INICIANDO LOG kernel...
[INFO] 20:14:20:113 kernel/(3867:3867): Se Inicializan semaforos
[INFO] 20:14:20:113 kernel/(3867:3867): Se Inician Hilos
[INFO] 20:14:24:058 kernel/(3867:3884): Hilo Blocked-SuspendedBlocked iniciando
[INFO] 20:14:24:062 kernel/(3867:3885): Hilo SuspendedBlocked-SuspendedReady iniciando
[INFO] 20:15:19:216 kernel/(3946:3946): INICIANDO LOG kernel...
[INFO] 20:15:19:216 kernel/(3946:3946): Se Inicializan semaforos
[INFO] 20:15:19:216 kernel/(3946:3946): Se Inician Hilos
[INFO] 20:19:42:616 kernel/(4115:4115): INICIANDO LOG kernel...
[INFO] 20:19:42:616 kernel/(4115:4115): Se Inicializan semaforos
[INFO] 20:19:42:617 kernel/(4115:4115): Se Inician Hilos
[INFO] 20:19:49:642 kernel/(4128:4128): INICIANDO LOG kernel...
[INFO] 20:19:49:643 kernel/(4128:4128): Se Inicializan semaforos
[INFO] 20:19:49:643 kernel/(4128:4128): Se Inician Hilos
[INFO] 20:21:53:504 kernel/(4178:4178): INICIANDO LOG kernel...
[INFO] 20:21:53:504 kernel/(4178:4178): Se Inicializan semaforos
[INFO] 20:21:53:504 kernel/(4178:4178): Se Inician Hilos
[INFO] 20:22:17:928 kernel/(4232:4232): INICIANDO LOG kernel...
[INFO] 20:22:17:929 kernel/(4232:4232): Se Inicializan semaforos
[INFO] 20:22:17:929 kernel/(4232:4232): Se Inician Hilos
[INFO] 20:22:17:929 kernel/(4232:4244): Hilo Blocked-Ready iniciando
[INFO] 20:22:17:929 kernel/(4232:4243): Hilo SuspendedBlocked-SuspendedReady iniciando
[INFO] 20:22:17:929 kernel/(4232:4242): Hilo Blocked-SuspendedBlocked iniciando
[INFO] 20:26:33:521 kernel/(4381:4381): INICIANDO LOG kernel...
[INFO] 20:26:33:521 kernel/(4381:4381): Se Inicializan semaforos
[INFO] 20:26:33:521 kernel/(4381:4381): Se Inician Hilos
[INFO] 20:27:47:318 kernel/(4468:4468): INICIANDO LOG kernel...
[INFO] 20:27:47:318 kernel/(4468:4468): Se Inicializan semaforos
[INFO] 20:27:47:318 kernel/(4468:4468): Se Inician Hilos
[INFO] 20:28:26:749 kernel/(4513:4513): INICIANDO LOG kernel...
[INFO] 20:28:26:749 kernel/(4513:4513): Se Inicializan semaforos
[INFO] 20:28:26:749 kernel/(4513:4513): Se Inician Hilos
[INFO] 20:30:50:779 kernel/(4613:4613): INICIANDO LOG kernel...
[INFO] 20:30:50:780 kernel/(4613:4613): Se Inicializan semaforos
[INFO] 20:30:50:780 kernel/(4613:4613): Se Inician Hilos
[INFO] 20:31:52:626 kernel/(4684:4684): INICIANDO LOG kernel...
[INFO] 20:31:52:627 kernel/(4684:4684): Se Inicializan semaforos
[INFO] 20:31:52:627 kernel/(4684:4684): Se Inician Hilos
[INFO] 20:31:52:629 kernel/(4684:4694): Hilo Blocked-SuspendedBlocked iniciando
[INFO] 20:32:01:143 kernel/(4684:4701): Hilo SuspendedBlocked-SuspendedReady iniciando
[INFO] 20:35:39:177 kernel/(4826:4826): INICIANDO LOG kernel...
[INFO] 20:35:39:177 kernel/(4826:4826): Se Inicializan semaforos
[INFO] 20:35:39:177 kernel/(4826:4826): Se Inician Hilos
[INFO] 20:35:41:921 kernel/(4826:4837): Hilo SuspendedBlocked-SuspendedReady iniciando
[INFO] 20:35:41:921 kernel/(4826:4836): Hilo Blocked-SuspendedBlocked iniciando
[INFO] 20:36:04:042 kernel/(4900:4900): INICIANDO LOG kernel...
[INFO] 20:36:04:043 kernel/(4900:4900): Se Inicializan semaforos
[INFO] 20:36:04:043 kernel/(4900:4900): Se Inician Hilos
[INFO] 20:36:04:052 kernel/(4900:4910): Hilo Blocked-SuspendedBlocked iniciando
[INFO] 20:43:42:336 kernel/(5153:5153): INICIANDO LOG kernel...
[INFO] 20:43:42:336 kernel/(5153:5153): Se Inicializan semaforos
[INFO] 20:43:42:336 kernel/(5153:5153): Se Inician Hilos
[INFO] 20:43:42:337 kernel/(5153:5164): Hilo Blocked-SuspendedBlocked iniciando
[INFO] 20:43:42:338 kernel/(5153:5165): Hilo SuspendedBlocked-SuspendedReady iniciando
[INFO] 20:43:44:034 kernel/(5153:5171): Hilo Blocked-Ready iniciando
[INFO] 20:57:32:983 kernel/(5517:5517): INICIANDO LOG kernel...
[INFO] 20:57:32:983 kernel/(5517:5517): Se Inicializan semaforos
[INFO] 20:57:32:984 kernel/(5517:5517): Se Inician Hilos
[INFO] 20:57:32:986 kernel/(5517:5529): Hilo Blocked-SuspendedBlocked iniciando
[INFO] 20:57:35:109 kernel/(5517:5535): Hilo SuspendedBlocked-SuspendedReady iniciando
[INFO] 20:58:40:949 kernel/(5595:5595): INICIANDO LOG kernel...
[INFO] 20:58:40:949 kernel/(5595:5595): Se Inicializan semaforos
[INFO] 20:58:40:949 kernel/(5595:5595): Se Inician Hilos
[INFO] 21:00:53:158 kernel/(5690:5690): INICIANDO LOG kernel...
[INFO] 21:00:53:158 kernel/(5690:5690): Se Inicializan semaforos
[INFO] 21:00:53:158 kernel/(5690:5690): Se Inician Hilos
[INFO] 21:00:53:180 kernel/(5690:5702): Hilo Blocked-SuspendedBlocked iniciando
[INFO] 21:00:53:181 kernel/(5690:5703): Hilo SuspendedBlocked-SuspendedReady iniciando
[INFO] 21:03:20:911 kernel/(5794:5794): INICIANDO LOG kernel...
[INFO] 21:03:20:911 kernel/(5794:5794): Se Inicializan semaforos
[INFO] 21:03:20:911 kernel/(5794:5794): Se Inician Hilos
[INFO] 21:03:20:919 kernel/(5794:5804): Hilo Blocked-SuspendedBlocked iniciando
[INFO] 21:03:20:920 kernel/(5794:5805): Hilo SuspendedBlocked-SuspendedReady iniciando
[INFO] 21:04:33:348 kernel/(5869:5869): INICIANDO LOG kernel...
[INFO] 21:04:33:349 kernel/(5869:5869): Se Inicializan semaforos
[INFO] 21:04:33:349 kernel/(5869:5869): Se Inician Hilos
[INFO] 21:05:42:988 kernel/(6070:6070): INICIANDO LOG kernel...
[INFO] 21:05:42:989 kernel/(6070:6070): Se Inicializan semaforos
[INFO] 21:05:42:989 kernel/(6070:6070): Se Inician Hilos
[INFO] 21:05:42:994 kernel/(6070:6080): Hilo Blocked-SuspendedBlocked iniciando
[INFO] 21:05:42:995 kernel/(6070:6081): Hilo SuspendedBlocked-SuspendedReady iniciando
[INFO] 21:08:48:587 kernel/(6187:6187): INICIANDO LOG kernel...
[INFO] 21:08:48:588 kernel/(6187:6187): Se Inicializan semaforos
[INFO] 21:08:48:588 kernel/(6187:6187): Se Inician Hilos
[INFO] 21:08:48:600 kernel/(6187:6196): Hilo Blocked-SuspendedBlocked iniciando
[INFO] 21:08:48:603 kernel/(6187:6197): Hilo SuspendedBlocked-SuspendedReady iniciando
[INFO] 21:09:26:190 kernel/(6240:6240): INICIANDO LOG kernel...
[INFO] 21:09:26:191 kernel/(6240:6240): Se Inicializan semaforos
[INFO] 21:09:26:191 kernel/(6240:6240): Se Inician Hilos
[INFO] 21:09:26:206 kernel/(6240:6251): Hilo Blocked-SuspendedBlocked iniciando
[INFO] 21:09:26:208 kernel/(6240:6252): Hilo SuspendedBlocked-SuspendedReady iniciando
[INFO] 21:09:26:211 kernel/(6240:6253): Hilo Blocked-Ready iniciando
[INFO] 21:11:42:801 kernel/(6334:6334): INICIANDO LOG kernel...
[INFO] 21:11:42:801 kernel/(6334:6334): Se Inicializan semaforos
[INFO] 21:11:42:801 kernel/(6334:6334): Se Inician Hilos
[INFO] 21:12:38:638 kernel/(6383:6383): INICIANDO LOG kernel...
[INFO] 21:12:38:638 kernel/(6383:6383): Se Inicializan semaforos
[INFO] 21:12:38:638 kernel/(6383:6383): Se Inician Hilos
[INFO] 21:16:56:990 kernel/(6511:6511): INICIANDO LOG kernel...
[INFO] 21:16:56:990 kernel/(6511:6511): Se Inicializan semaforos
[INFO] 21:16:56:990 kernel/(6511:6511): Se Inician Hilos
[INFO] 22:07:25:019 kernel/(7712:7712): INICIANDO LOG kernel...
[INFO] 22:07:25:019 kernel/(7712:7712): Se Inicializan semaforos
[INFO] 22:07:25:019 kernel/(7712:7712): Se Inician Hilos
[INFO] 23:09:47:730 kernel/(8783:8783): INICIANDO LOG kernel...
[INFO] 23:09:47:731 kernel/(8783:8783): Se Inicializan semaforos
[INFO] 23:09:47:731 kernel/(8783:8783): Se Inician Hilos
[INFO] 00:11:05:749 kernel/(9982:9982): INICIANDO LOG kernel...
[INFO] 00:11:05:749 kernel/(9982:9982): Se Inicializan semaforos
[INFO] 00:11:05:749 kernel/(9982:9982): Se Inician Hilos
[INFO] 00:12:22:728 kernel/(10089:10089): INICIANDO LOG kernel...
[INFO] 00:12:22:728 kernel/(10089:10089): Se Inicializan semaforos
[INFO] 00:12:22:728 kernel/(10089:10089): Se Inician Hilos
[INFO] 00:13:11:164 kernel/(10147:10147): INICIANDO LOG kernel...
[INFO] 00:13:11:165 kernel/(10147:10147): Se Inicializan semaforos
[INFO] 00:13:11:165 kernel/(10147:10147): Se Inician Hilos
[INFO] 00:14:26:933 kernel/(10192:10192): INICIANDO LOG kernel...
[INFO] 00:14:26:933 kernel/(10192:10192): Se Inicializan semaforos
[INFO] 00:14:26:933 kernel/(10192:10192): Se Inician Hilos
[INFO] 00:16:34:794 kernel/(10268:10268): INICIANDO LOG kernel...
[INFO] 00:16:34:794 kernel/(10268:10268): Se Inicializan semaforos
[INFO] 00:16:34:794 kernel/(10268:10268): Se Inician Hilos
[INFO] 00:31:53:434 kernel/(10624:10624): INICIANDO LOG kernel...
[INFO] 00:31:53:434 kernel/(10624:10624): Se Inicializan semaforos
[INFO] 00:31:53:434 kernel/(10624:10624): Se Inician Hilos
[INFO] 00:32:00:101 kernel/(10658:10658): INICIANDO LOG kernel...
[INFO] 00:32:00:101 kernel/(10658:10658): Se Inicializan semaforos
[INFO] 00:32:00:101 kernel/(10658:10658): Se Inician Hilos
[INFO] 00:33:43:213 kernel/(10766:10766): INICIANDO LOG kernel...
[INFO] 00:33:43:213 kernel/(10766:10766): Se Inicializan semaforos
[INFO] 00:33:43:213 kernel/(10766:10766): Se Inician Hilos
[INFO] 00:33:56:619 kernel/(10803:10803): INICIANDO LOG kernel...
[INFO] 00:33:56:619 kernel/(10803:10803): Se Inicializan semaforos
[INFO] 00:33:56:619 kernel/(10803:10803): Se Inician Hilos
[INFO] 00:33:59:989 kernel/(10822:10822): INICIANDO LOG kernel...
[INFO] 00:33:59:990 kernel/(10822:10822): Se Inicializan semaforos
[INFO] 00:33:59:990 kernel/(10822:10822): Se Inician Hilos
[INFO] 00:34:06:930 kernel/(10841:10841): INICIANDO LOG kernel...
[INFO] 00:34:06:931 kernel/(10841:10841): Se Inicializan semaforos
[INFO] 00:34:06:931 kernel/(10841:10841): Se Inician Hilos
[INFO] 00:34:25:545 kernel/(10882:10882): INICIANDO LOG kernel...
[INFO] 00:34:25:546 kernel/(10882:10882): Se Inicializan semaforos
[INFO] 00:34:25:546 kernel/(10882:10882): Se Inician Hilos
[INFO] 00:35:16:222 kernel/(10990:10990): INICIANDO LOG kernel...
[INFO] 00:35:16:222 kernel/(10990:10990): Se Inicializan semaforos
[INFO] 00:35:16:227 kernel/(10990:10990): Se Inician Hilos
[INFO] 00:35:36:537 kernel/(11031:11031): INICIANDO LOG kernel...
[INFO] 00:35:36:537 kernel/(11031:11031): Se Inicializan semaforos
[INFO] 00:35:36:537 kernel/(11031:11031): Se Inician Hilos
[INFO] 00:38:22:046 kernel/(11086:11086): INICIANDO LOG kernel...
[INFO] 00:38:22:047 kernel/(11086:11086): Se Inicializan semaforos
[INFO] 00:38:22:047 kernel/(11086:11086): Se Inician Hilos
[INFO] 00:44:34:377 kernel/(11277:11277): INICIANDO LOG kernel...
[INFO] 00:44:34:377 kernel/(11277:11277): Se Inicializan semaforos
[INFO] 00:44:34:377 kernel/(11277:11277): Se Inician Hilos
[INFO] 00:48:13:251 kernel/(11457:11457): INICIANDO LOG kernel...
[INFO] 00:48:13:252 kernel/(11457:11457): Se Inicializan semaforos
[INFO] 00:48:13:252 kernel/(11457:11457): Se Inician Hilos
[INFO] 18:18:45:201 kernel/(6206:6206): INICIANDO LOG kernel...
[INFO] 18:18:45:201 kernel/(6206:6206): Se Inicializan semaforos
[INFO] 18:18:45:201 kernel/(6206:6206): Se Inician Hilos
[INFO] 18:51:10:726 kernel/(8676:8676): INICIANDO LOG kernel...
[INFO] 18:51:10:727 kernel/(8676:8676): Se Inicializan semaforos
[INFO] 18:51:10:727 kernel/(8676:8676): Se Inician Hilos
[INFO] 18:51:57:035 kernel/(8750:8750): INICIANDO LOG kernel...
[INFO] 18:51:57:035 kernel/(8750:8750): Se Inicializan semaforos
[INFO] 18:51:57:035 kernel/(8750:8750): Se Inician Hilos
[INFO] 18:53:08:229 kernel/(8838:8838): INICIANDO LOG kernel...
[INFO] 18:53:08:229 kernel/(8838:8838): Se Inicializan semaforos
[INFO] 18:53:08:229 kernel/(8838:8838): Se Inician Hilos
[INFO] 18:55:36:963 kernel/(9075:9075): INICIANDO LOG kernel...
[INFO] 18:55:36:963 kernel/(9075:9075): Se Inicializan semaforos
[INFO] 18:55:36:963 kernel/(9075:9075): Se Inician Hilos
[INFO] 18:57:06:026 kernel/(9142:9142): INICIANDO LOG kernel...
[INFO] 18:57:06:026 kernel/(9142:9142): Se Inicializan semaforos
[INFO] 18:57:06:026 kernel/(9142:9142): Se Inician Hilos
[INFO] 19:02:14:380 kernel/(9654:9654): INICIANDO LOG kernel...
[INFO] 19:02:14:380 kernel/(9654:9654): Se Inicializan semaforos
[INFO] 19:02:14:380 kernel/(9654:9654): Se Inician Hilos
[INFO] 19:04:07:624 kernel/(9730:9730): INICIANDO LOG kernel...
[INFO] 19:04:07:624 kernel/(9730:9730): Se Inicializan semaforos
[INFO] 19:04:07:624 kernel/(9730:9730): Se Inician Hilos
[INFO] 19:04:07:632 kernel/(9730:9740): Hilo Blocked-SuspendedBlocked iniciando
[INFO] 19:04:07:645 kernel/(9730:9741): Hilo SuspendedBlocked-SuspendedReady iniciando
[INFO] 19:05:28:315 kernel/(9769:9769): INICIANDO LOG kernel...
[INFO] 19:05:28:315 kernel/(9769:9769): Se Inicializan semaforos
[INFO] 19:05:28:315 kernel/(9769:9769): Se Inician Hilos
[INFO] 19:05:46:404 kernel/(9782:9782): INICIANDO LOG kernel...
[INFO] 19:05:46:404 kernel/(9782:9782): Se Inicializan semaforos
[INFO] 19:05:46:404 kernel/(9782:9782): Se Inician Hilos
[INFO] 19:06:05:871 kernel/(9788:9788): INICIANDO LOG kernel...
[INFO] 19:06:05:871 kernel/(9788:9788): Se Inicializan semaforos
[INFO] 19:06:05:871 kernel/(9788:9788): Se Inician Hilos
[INFO] 19:08:45:569 kernel/(9813:9813): INICIANDO LOG kernel...
[INFO] 19:08:45:569 kernel/(9813:9813): Se Inicializan semaforos
[INFO] 19:08:45:569 kernel/(9813:9813): Se Inician Hilos
[INFO] 19:10:38:055 kernel/(9839:9839): INICIANDO LOG kernel...
[INFO] 19:10:38:055 kernel/(9839:9839): Se Inicializan semaforos
[INFO] 19:10:38:055 kernel/(9839:9839): Se Inician Hilos
[INFO] 19:10:38:058 kernel/(9839:9842): Hilo Blocked-SuspendedBlocked iniciando
[INFO] 19:13:25:987 kernel/(9987:9987): INICIANDO LOG kernel...
[INFO] 19:13:25:989 kernel/(9987:9987): Se Inicializan semaforos
[INFO] 19:13:25:989 kernel/(9987:9987): Se Inician Hilos
[INFO] 19:16:11:116 kernel/(10017:10017): INICIANDO LOG kernel...
[INFO] 19:16:11:117 kernel/(10017:10017): Se Inicializan semaforos
[INFO] 19:16:11:117 kernel/(10017:10017): Se Inician Hilos
[INFO] 19:16:11:117 kernel/(10017:10020): Hilo Blocked-SuspendedBlocked iniciando
[INFO] 19:16:11:118 kernel/(10017:10021): Hilo SuspendedBlocked-SuspendedReady iniciando
[INFO] 19:23:24:663 kernel/(10690:10690): INICIANDO LOG kernel...
[INFO] 19:23:24:663 kernel/(10690:10690): Se Inicializan semaforos
[INFO] 19:23:24:663 kernel/(10690:10690): Se Inician Hilos
[INFO] 19:28:33:099 kernel/(10825:10825): INICIANDO LOG kernel...
[INFO] 19:28:33:099 kernel/(10825:10825): Se Inicializan semaforos
[INFO] 19:28:33:099 kernel/(10825:10825): Se Inician Hilos
[INFO] 19:29:22:833 kernel/(10923:10923): INICIANDO LOG kernel...
[INFO] 19:29:22:833 kernel/(10923:10923): Se Inicializan semaforos
[INFO] 19:29:22:833 kernel/(10923:10923): Se Inician Hilos
[INFO] 19:31:03:515 kernel/(10982:10982): INICIANDO LOG kernel...
[INFO] 19:31:03:515 kernel/(10982:10982): Se Inicializan semaforos
[INFO] 19:31:03:515 kernel/(10982:10982): Se Inician Hilos
[INFO] 15:28:33:465 kernel/(18905:18905): INICIANDO LOG kernel...
[INFO] 15:28:33:467 kernel/(18905:18905): Se Inicializan semaforos
[INFO] 15:28:33:467 kernel/(18905:18905): Se Inician Hilos
[INFO] 16:06:35:269 kernel/(19326:19326): INICIANDO LOG kernel...
[INFO] 16:06:35:272 kernel/(19326:19326): Se Inicializan semaforos
[INFO] 16:06:35:272 kernel/(19326:19326): Se Inician Hilos
[INFO] 16:08:30:147 kernel/(19471:19471): INICIANDO LOG kernel...
[INFO] 16:08:30:149 kernel/(19471:19471): Se Inicializan semaforos
[INFO] 16:08:30:149 kernel/(19471:19471): Se Inician Hilos
[INFO] 16:09:40:354 kernel/(19664:19664): INICIANDO LOG kernel...
[INFO] 16:09:40:357 kernel/(19664:19664): Se Inicializan semaforos
[INFO] 16:09:40:357 kernel/(19664:19664): Se Inician Hilos
[INFO] 16:15:19:734 kernel/(19950:19950): INICIANDO LOG kernel...
[INFO] 16:15:19:744 kernel/(19950:19950): Se Inicializan semaforos
[INFO] 16:15:19:744 kernel/(19950:19950): Se Inician Hilos
[INFO] 16:20:33:482 kernel/(20242:20242): INICIANDO LOG kernel...
[INFO] 16:20:33:485 kernel/(20242:20242): Se Inicializan semaforos
[INFO] 16:20:33:485 kernel/(20242:20242): Se Inician Hilos
[INFO] 16:21:21:750 kernel/(20450:20450): INICIANDO LOG kernel...
[INFO] 16:21:21:750 kernel/(20450:20450): Se Inicializan semaforos
[INFO] 16:21:21:750 kernel/(20450:20450): Se Inician Hilos
[INFO] 16:35:25:037 kernel/(20945:20945): INICIANDO LOG kernel...
[INFO] 16:35:25:037 kernel/(20945:20945): Se Inicializan semaforos
[INFO] 16:35:25:037 kernel/(20945:20945): Se Inician Hilos
[INFO] 16:36:02:455 kernel/(21131:21131): INICIANDO LOG kernel...
[INFO] 16:36:02:455 kernel/(21131:21131): Se Inicializan semaforos
[INFO] 16:36:02:455 kernel/(21131:21131): Se Inician Hilos
[INFO] 16:37:32:123 kernel/(21355:21355): INICIANDO LOG kernel...
[INFO] 16:37:32:129 kernel/(21355:21355): Se Inicializan semaforos
[INFO] 16:37:32:129 kernel/(21355:21355): Se Inician Hilos
[INFO] 16:39:44:430 kernel/(21646:21646): INICIANDO LOG kernel...
[INFO] 16:39:44:433 kernel/(21646:21646): Se Inicializan semaforos
[INFO] 16:39:44:434 kernel/(21646:21646): Se Inician Hilos
[INFO] 16:41:17:259 kernel/(21878:21878): INICIANDO LOG kernel...
[INFO] 16:41:17:263 kernel/(21878:21878): Se Inicializan semaforos
[INFO] 16:41:17:263 kernel/(21878:21878): Se Inician Hilos
[INFO] 17:15:19:427 kernel/(23022:23022): INICIANDO LOG kernel...
[INFO] 17:15:19:428 kernel/(23022:23022): Se Inicializan semaforos
[INFO] 17:15:19:428 kernel/(23022:23022): Se Inician Hilos
[INFO] 17:15:52:189 kernel/(23210:23210): INICIANDO LOG kernel...
[INFO] 17:15:52:189 kernel/(23210:23210): Se Inicializan semaforos
[INFO] 17:15:52:189 kernel/(23210:23210): Se Inician Hilos
[INFO] 17:18:43:338 kernel/(23464:23464): INICIANDO LOG kernel...
[INFO] 17:18:43:341 kernel/(23464:23464): Se Inicializan semaforos
[INFO] 17:18:43:341 kernel/(23464:23464): Se Inician Hilos
[INFO] 17:36:50:096 kernel/(23970:23970): INICIANDO LOG kernel...
[INFO] 17:36:50:103 kernel/(23970:23970): Se Inicializan semaforos
[INFO] 17:36:50:103 kernel/(23970:23970): Se Inician Hilos
[INFO] 17:37:55:260 kernel/(24166:24166): INICIANDO LOG kernel...
[INFO] 17:37:55:265 kernel/(24166:24166): Se Inicializan semaforos
[INFO] 17:37:55:265 kernel/(24166:24166): Se Inician Hilos
[INFO] 17:47:19:066 kernel/(24551:24551): INICIANDO LOG kernel...
[INFO] 17:47:19:071 kernel/(24551:24551): Se Inicializan semaforos
[INFO] 17:47:19:071 kernel/(24551:24551): Se Inician Hilos
[INFO] 17:48:25:613 kernel/(24748:24748): INICIANDO LOG kernel...
[INFO] 17:48:25:616 kernel/(24748:24748): Se Inicializan semaforos
[INFO] 17:48:25:616 kernel/(24748:24748): Se Inician Hilos
[INFO] 17:51:03:381 kernel/(25029:25029): INICIANDO LOG kernel...
[INFO] 17:51:03:381 kernel/(25029:25029): Se Inicializan semaforos
[INFO] 17:51:03:381 kernel/(25029:25029): Se Inician Hilos
[INFO] 17:52:04:091 kernel/(25249:25249): INICIANDO LOG kernel...
[INFO] 17:52:04:097 kernel/(25249:25249): Se Inicializan semaforos
[INFO] 17:52:04:097 kernel/(25249:25249): Se Inician Hilos
[INFO] 17:53:17:544 kernel/(25481:25481): INICIANDO LOG kernel...
[INFO] 17:53:17:545 kernel/(25481:25481): Se Inicializan semaforos
[INFO] 17:53:17:545 kernel/(25481:25481): Se Inician Hilos
[INFO] 17:58:21:109 kernel/(25868:25868): INICIANDO LOG kernel...
[INFO] 17:58:21:109 kernel/(25868:25868): Se Inicializan semaforos
[INFO] 17:58:21:109 kernel/(25868:25868): Se Inician Hilos
[INFO] 17:59:58:042 kernel/(26189:26189): INICIANDO LOG kernel...
[INFO] 17:59:58:048 kernel/(26189:26189): Se Inicializan semaforos
[INFO] 17:59:58:048 kernel/(26189:26189): Se Inician Hilos
[INFO] 18:00:18:401 kernel/(26376:26376): INICIANDO LOG kernel...
[INFO] 18:00:18:405 kernel/(26376:26376): Se Inicializan semaforos
[INFO] 18:00:18:405 kernel/(26376:26376): Se Inician Hilos
[INFO] 20:28:36:437 kernel/(27550:27550): INICIANDO LOG kernel...
[INFO] 20:28:36:437 kernel/(27550:27550): Se Inicializan semaforos
[INFO] 20:28:36:437 kernel/(27550:27550): Se Inician Hilos
[INFO] 20:28:52:198 kernel/(27695:27695): INICIANDO LOG kernel...
[INFO] 20:28:52:198 kernel/(27695:27695): Se Inicializan semaforos
[INFO] 20:28:52:198 kernel/(27695:27695): Se Inician Hilos
[INFO] 20:29:45:265 kernel/(27904:27904): INICIANDO LOG kernel...
[INFO] 20:29:45:266 kernel/(27904:27904): Se Inicializan semaforos
[INFO] 20:29:45:266 kernel/(27904:27904): Se Inician Hilos
[INFO] 20:31:04:606 kernel/(28119:28119): INICIANDO LOG kernel...
[INFO] 20:31:04:613 kernel/(28119:28119): Se Inicializan semaforos
[INFO] 20:31:04:613 kernel/(28119:28119): Se Inician Hilos
[INFO] 21:55:26:334 kernel/(6392:6392): INICIANDO LOG kernel...
[INFO] 21:55:26:334 kernel/(6392:6392): Se Inicializan semaforos
[INFO] 21:55:26:334 kernel/(6392:6392): Se Inician Hilos
[INFO] 22:02:09:566 kernel/(6939:6939): INICIANDO LOG kernel...
[INFO] 22:02:09:567 kernel/(6939:6939): Se Inicializan semaforos
[INFO] 22:02:09:567 kernel/(6939:6939): Se Inician Hilos
[INFO] 22:02:09:569 kernel/(6939:6942): Hilo Blocked-SuspendedBlocked iniciando
[INFO] 22:02:09:573 kernel/(6939:6943): Hilo SuspendedBlocked-SuspendedReady iniciando
[INFO] 22:03:53:128 kernel/(6962:6962): INICIANDO LOG kernel...
[INFO] 22:03:53:128 kernel/(6962:6962): Se Inicializan semaforos
[INFO] 22:03:53:128 kernel/(6962:6962): Se Inician Hilos
[INFO] 22:04:58:274 kernel/(6989:6989): INICIANDO LOG kernel...
[INFO] 22:04:58:274 kernel/(6989:6989): Se Inicializan semaforos
[INFO] 22:04:58:274 kernel/(6989:6989): Se Inician Hilos
[INFO] 22:04:58:285 kernel/(6989:6992): Hilo Blocked-SuspendedBlocked iniciando
[INFO] 22:04:58:288 kernel/(6989:6993): Hilo SuspendedBlocked-SuspendedReady iniciando
[INFO] 22:06:18:761 kernel/(7033:7033): INICIANDO LOG kernel...
[INFO] 22:06:18:761 kernel/(7033:7033): Se Inicializan semaforos
[INFO] 22:06:18:761 kernel/(7033:7033): Se Inician Hilos
[INFO] 22:06:18:762 kernel/(7033:7036): Hilo Blocked-SuspendedBlocked iniciando
[INFO] 22:11:16:087 kernel/(7090:7090): INICIANDO LOG kernel...
[INFO] 22:11:16:088 kernel/(7090:7090): Se Inicializan semaforos
[INFO] 22:11:16:088 kernel/(7090:7090): Se Inician Hilos
[INFO] 22:11:16:090 kernel/(7090:7094): Hilo SuspendedBlocked-SuspendedReady iniciando
[INFO] 22:11:16:090 kernel/(7090:7093): Hilo Blocked-SuspendedBlocked iniciando
[INFO] 22:11:16:090 kernel/(7090:7095): Hilo Blocked-Ready iniciando
[INFO] 22:14:56:762 kernel/(7236:7236): INICIANDO LOG kernel...
[INFO] 22:14:56:762 kernel/(7236:7236): Se Inicializan semaforos
[INFO] 22:14:56:764 kernel/(7236:7236): Se Inician Hilos
[INFO] 22:14:56:765 kernel/(7236:7239): Hilo Blocked-SuspendedBlocked iniciando
[INFO] 22:14:56:765 kernel/(7236:7241): Hilo Blocked-Ready iniciando
[INFO] 22:14:56:765 kernel/(7236:7240): Hilo SuspendedBlocked-SuspendedReady iniciando
[INFO] 22:24:27:147 kernel/(7482:7482): INICIANDO LOG kernel...
[INFO] 22:24:27:147 kernel/(7482:7482): Se Inicializan semaforos
[INFO] 22:24:27:147 kernel/(7482:7482): Se Inician Hilos
[INFO] 22:25:04:416 kernel/(7549:7549): INICIANDO LOG kernel...
[INFO] 22:25:04:416 kernel/(7549:7549): Se Inicializan semaforos
[INFO] 22:25:04:416 kernel/(7549:7549): Se Inician Hilos
[INFO] 22:25:04:418 kernel/(7549:7554): Hilo Blocked-Ready iniciando
[INFO] 22:25:44:313 kernel/(7612:7612): INICIANDO LOG kernel...
[INFO] 22:25:44:313 kernel/(7612:7612): Se Inicializan semaforos
[INFO] 22:25:44:313 kernel/(7612:7612): Se Inician Hilos
[INFO] 22:25:44:315 kernel/(7612:7617): Hilo Blocked-Ready iniciando
[INFO] 22:25:44:315 kernel/(7612:7616): Hilo SuspendedBlocked-SuspendedReady iniciando
[INFO] 22:25:44:315 kernel/(7612:7615): Hilo Blocked-SuspendedBlocked iniciando
[INFO] 22:36:32:339 kernel/(7971:7971): INICIANDO LOG kernel...
[INFO] 22:36:32:340 kernel/(7971:7971): Se Inicializan semaforos
[INFO] 22:36:32:340 kernel/(7971:7971): Se Inician Hilos
[INFO] 22:36:32:341 kernel/(7971:7974): Hilo Blocked-SuspendedBlocked iniciando
[INFO] 22:36:32:341 kernel/(7971:7975): Hilo SuspendedBlocked-SuspendedReady iniciando
[INFO] 22:36:32:342 kernel/(7971:7976): Hilo Blocked-Ready iniciando
[INFO] 22:37:11:761 kernel/(8027:8027): INICIANDO LOG kernel...
[INFO] 22:37:11:761 kernel/(8027:8027): Se Inicializan semaforos
[INFO] 22:37:11:761 kernel/(8027:8027): Se Inician Hilos
[INFO] 22:37:11:765 kernel/(8027:8031): Hilo SuspendedBlocked-SuspendedReady iniciando
[INFO] 22:37:11:766 kernel/(8027:8030): Hilo Blocked-SuspendedBlocked iniciando
[INFO] 22:37:11:772 kernel/(8027:8032): Hilo Blocked-Ready iniciando
[INFO] 22:37:54:785 kernel/(8094:8094): INICIANDO LOG kernel...
[INFO] 22:37:54:785 kernel/(8094:8094): Se Inicializan semaforos
[INFO] 22:37:54:785 kernel/(8094:8094): Se Inician Hilos
[INFO] 22:37:54:787 kernel/(8094:8097): Hilo Blocked-SuspendedBlocked iniciando
[INFO] 22:37:54:787 kernel/(8094:8098): Hilo SuspendedBlocked-SuspendedReady iniciando
[INFO] 22:37:54:788 kernel/(8094:8099): Hilo Blocked-Ready iniciando
[INFO] 22:41:34:289 kernel/(8199:8199): INICIANDO LOG kernel...
[INFO] 22:41:34:289 kernel/(8199:8199): Se Inicializan semaforos
[INFO] 22:41:34:289 kernel/(8199:8199): Se Inician Hilos
[INFO] 22:42:10:539 kernel/(8270:8270): INICIANDO LOG kernel...
[INFO] 22:42:10:539 kernel/(8270:8270): Se Inicializan semaforos
[INFO] 22:42:10:539 kernel/(8270:8270): Se Inician Hilos
[INFO] 22:42:15:026 kernel/(8278:8278): INICIANDO LOG kernel...
[INFO] 22:42:15:026 kernel/(8278:8278): Se Inicializan semaforos
[INFO] 22:42:15:026 kernel/(8278:8278): Se Inician Hilos
[INFO] 22:42:15:026 kernel/(8278:8283): Hilo Blocked-Ready iniciando
[INFO] 22:45:43:825 kernel/(8400:8400): INICIANDO LOG kernel...
[INFO] 22:45:43:825 kernel/(8400:8400): Se Inicializan semaforos
[INFO] 22:45:43:825 kernel/(8400:8400): Se Inician Hilos
[INFO] 22:47:47:885 kernel/(8540:8540): INICIANDO LOG kernel...
[INFO] 22:47:47:885 kernel/(8540:8540): Se Inicializan semaforos
[INFO] 22:47:47:886 kernel/(8540:8540): Se Inician Hilos
[INFO] 22:53:18:972 kernel/(8821:8821): INICIANDO LOG kernel...
[INFO] 22:53:18:972 kernel/(8821:8821): Se Inicializan semaforos
[INFO] 22:53:18:972 kernel/(8821:8821): Se Inician Hilos
[INFO] 22:53:18:974 kernel/(8821:8826): Hilo Blocked-Ready iniciando
[INFO] 22:53:18:979 kernel/(8821:8825): Hilo SuspendedBlocked-SuspendedReady iniciando
[INFO] 22:53:18:979 kernel/(8821:8824): Hilo Blocked-SuspendedBlocked iniciando
[INFO] 22:59:38:207 kernel/(8990:8990): INICIANDO LOG kernel...
[INFO] 22:59:38:207 kernel/(8990:8990): Se Inicializan semaforos
[INFO] 22:59:38:207 kernel/(8990:8990): Se Inician Hilos
[INFO] 22:59:57:768 kernel/(9011:9011): INICIANDO LOG kernel...
[INFO] 22:59:57:768 kernel/(9011:9011): Se Inicializan semaforos
[INFO] 22:59:57:768 kernel/(9011:9011): Se Inician Hilos
[INFO] 22:59:57:771 kernel/(9011:9015): Hilo SuspendedBlocked-SuspendedReady iniciando
[INFO] 22:59:57:771 kernel/(9011:9014): Hilo Blocked-SuspendedBlocked iniciando
[INFO] 23:01:12:221 kernel/(9039:9039): INICIANDO LOG kernel...
[INFO] 23:01:12:221 kernel/(9039:9039): Se Inicializan semaforos
[INFO] 23:01:12:221 kernel/(9039:9039): Se Inician Hilos
[INFO] 23:04:02:153 kernel/(9186:9186): INICIANDO LOG kernel...
[INFO] 23:04:02:153 kernel/(9186:9186): Se Inicializan semaforos
[INFO] 23:04:02:153 kernel/(9186:9186): Se Inician Hilos
[INFO] 23:04:02:153 kernel/(9186:9191): Hilo Blocked-Ready iniciando
[INFO] 23:04:08:407 kernel/(9192:9192): INICIANDO LOG kernel...
[INFO] 23:04:08:408 kernel/(9192:9192): Se Inicializan semaforos
[INFO] 23:04:08:408 kernel/(9192:9192): Se Inician Hilos
[INFO] 23:04:15:273 kernel/(9198:9198): INICIANDO LOG kernel...
[INFO] 23:04:15:274 kernel/(9198:9198): Se Inicializan semaforos
[INFO] 23:04:15:274 kernel/(9198:9198): Se Inician Hilos
[INFO] 23:04:24:930 kernel/(9204:9204): INICIANDO LOG kernel...
[INFO] 23:04:24:930 kernel/(9204:9204): Se Inicializan semaforos
[INFO] 23:04:24:930 kernel/(9204:9204): Se Inician Hilos
[INFO] 23:04:24:934 kernel/(9204:9207): Hilo Blocked-SuspendedBlocked iniciando
[INFO] 23:04:55:662 kernel/(9287:9287): INICIANDO LOG kernel...
[INFO] 23:04:55:663 kernel/(9287:9287): Se Inicializan semaforos
[INFO] 23:04:55:663 kernel/(9287:9287): Se Inician Hilos
[INFO] 23:05:56:001 kernel/(9349:9349): INICIANDO LOG kernel...
[INFO] 23:05:56:002 kernel/(9349:9349): Se Inicializan semaforos
[INFO] 23:05:56:002 kernel/(9349:9349): Se Inician Hilos
[INFO] 23:05:56:002 kernel/(9349:9353): Hilo SuspendedBlocked-SuspendedReady iniciando
[INFO] 23:05:56:003 kernel/(9349:9352): Hilo Blocked-SuspendedBlocked iniciando
[INFO] 23:06:45:822 kernel/(9409:9409): INICIANDO LOG kernel...
[INFO] 23:06:45:822 kernel/(9409:9409): Se Inicializan semaforos
[INFO] 23:06:45:823 kernel/(9409:9409): Se Inician Hilos
[INFO] 23:06:45:825 kernel/(9409:9412): Hilo Blocked-SuspendedBlocked iniciando
[INFO] 23:06:45:825 kernel/(9409:9413): Hilo SuspendedBlocked-SuspendedReady iniciando
[INFO] 23:06:45:825 kernel/(9409:9414): Hilo Blocked-Ready iniciando
[INFO] 23:07:27:952 kernel/(9469:9469): INICIANDO LOG kernel...
[INFO] 23:07:27:953 kernel/(9469:9469): Se Inicializan semaforos
[INFO] 23:07:27:953 kernel/(9469:9469): Se Inician Hilos
[INFO] 23:07:27:958 kernel/(9469:9473): Hilo SuspendedBlocked-SuspendedReady iniciando
[INFO] 23:07:27:958 kernel/(9469:9472): Hilo Blocked-SuspendedBlocked iniciando
[INFO] 23:07:27:959 kernel/(9469:9474): Hilo Blocked-Ready iniciando
[INFO] 23:10:23:035 kernel/(9625:9625): INICIANDO LOG kernel...
[INFO] 23:10:23:036 kernel/(9625:9625): Se Inicializan semaforos
[INFO] 23:10:23:036 kernel/(9625:9625): Se Inician Hilos
[INFO] 23:11:13:471 kernel/(9694:9694): INICIANDO LOG kernel...
[INFO] 23:11:13:471 kernel/(9694:9694): Se Inicializan semaforos
[INFO] 23:11:13:471 kernel/(9694:9694): Se Inician Hilos
[INFO] 23:11:13:473 kernel/(9694:9697): Hilo Blocked-SuspendedBlocked iniciando
[INFO] 23:11:18:448 kernel/(9699:9699): INICIANDO LOG kernel...
[INFO] 23:11:18:449 kernel/(9699:9699): Se Inicializan semaforos
[INFO] 23:11:18:449 kernel/(9699:9699): Se Inician Hilos
[INFO] 23:11:18:451 kernel/(9699:9704): Hilo Blocked-Ready iniciando
[INFO] 23:11:18:451 kernel/(9699:9702): Hilo Blocked-SuspendedBlocked iniciando
[INFO] 23:11:18:451 kernel/(9699:9703): Hilo SuspendedBlocked-SuspendedReady iniciando
[INFO] 23:11:37:747 kernel/(9746:9746): INICIANDO LOG kernel...
[INFO] 23:11:37:748 kernel/(9746:9746): Se Inicializan semaforos
[INFO] 23:11:37:748 kernel/(9746:9746): Se Inician Hilos
[INFO] 23:11:37:749 kernel/(9746:9751): Hilo Blocked-Ready iniciando
[INFO] 23:15:22:770 kernel/(9852:9852): INICIANDO LOG kernel...
[INFO] 23:15:22:771 kernel/(9852:9852): Se Inicializan semaforos
[INFO] 23:15:22:771 kernel/(9852:9852): Se Inician Hilos
[INFO] 23:21:53:867 kernel/(10061:10061): INICIANDO LOG kernel...
[INFO] 23:21:53:867 kernel/(10061:10061): Se Inicializan semaforos
[INFO] 23:21:53:867 kernel/(10061:10061): Se Inician Hilos
[INFO] 23:21:53:868 kernel/(10061:10064): Hilo Blocked-SuspendedBlocked iniciando
[INFO] 23:23:32:998 kernel/(10176:10176): INICIANDO LOG kernel...
[INFO] 23:23:33:002 kernel/(10176:10176): Se Inicializan semaforos
[INFO] 23:23:33:002 kernel/(10176:10176): Se Inician Hilos
[INFO] 23:23:33:003 kernel/(10176:10181): Hilo Blocked-Ready iniciando
[INFO] 23:23:33:004 kernel/(10176:10180): Hilo SuspendedBlocked-SuspendedReady iniciando
[INFO] 23:23:33:004 kernel/(10176:10179): Hilo Blocked-SuspendedBlocked iniciando
[INFO] 23:27:49:819 kernel/(10260:10260): INICIANDO LOG kernel...
[INFO] 23:27:49:819 kernel/(10260:10260): Se Inicializan semaforos
[INFO] 23:27:49:819 kernel/(10260:10260): Se Inician Hilos
[INFO] 23:36:09:764 kernel/(10576:10576): INICIANDO LOG kernel...
[INFO] 23:36:09:764 kernel/(10576:10576): Se Inicializan semaforos
[INFO] 23:36:09:765 kernel/(10576:10576): Se Inician Hilos
[INFO] 23:41:36:893 kernel/(10677:10677): INICIANDO LOG kernel...
[INFO] 23:41:36:893 kernel/(10677:10677): Se Inicializan semaforos
[INFO] 23:41:36:893 kernel/(10677:10677): Se Inician Hilos
[INFO] 23:45:15:476 kernel/(10732:10732): INICIANDO LOG kernel...
[INFO] 23:45:15:477 kernel/(10732:10732): Se Inicializan semaforos
[INFO] 23:45:15:477 kernel/(10732:10732): Se Inician Hilos
[INFO] 23:45:15:480 kernel/(10732:10735): Hilo Blocked-SuspendedBlocked iniciando
[INFO] 23:54:49:891 kernel/(11000:11000): INICIANDO LOG kernel...
[INFO] 23:54:49:891 kernel/(11000:11000): Se Inicializan semaforos
[INFO] 23:54:49:891 kernel/(11000:11000): Se Inician Hilos
[INFO] 23:55:00:285 kernel/(11010:11010): INICIANDO LOG kernel...
[INFO] 23:55:00:286 kernel/(11010:11010): Se Inicializan semaforos
[INFO] 23:55:00:286 kernel/(11010:11010): Se Inician Hilos
[INFO] 00:00:36:397 kernel/(11132:11132): INICIANDO LOG kernel...
[INFO] 00:00:36:397 kernel/(11132:11132): Se Inicializan semaforos
[INFO] 00:00:36:398 kernel/(11132:11132): Se Inician Hilos
[INFO] 00:00:36:400 kernel/(11132:11135): Hilo Blocked-SuspendedBlocked iniciando
[INFO] 00:00:36:401 kernel/(11132:11136): Hilo SuspendedBlocked-SuspendedReady iniciando
[INFO] 00:01:50:585 kernel/(11200:11200): INICIANDO LOG kernel...
[INFO] 00:01:50:585 kernel/(11200:11200): Se Inicializan semaforos
[INFO] 00:01:50:586 kernel/(11200:11200): Se Inician Hilos
[INFO] 00:01:50:588 kernel/(11200:11203): Hilo Blocked-SuspendedBlocked iniciando
[INFO] 00:01:50:589 kernel/(11200:11204): Hilo SuspendedBlocked-SuspendedReady iniciando
[INFO] 00:06:57:976 kernel/(11371:11371): INICIANDO LOG kernel...
[INFO] 00:06:57:976 kernel/(11371:11371): Se Inicializan semaforos
[INFO] 00:06:57:976 kernel/(11371:11371): Se Inician Hilos
[INFO] 00:07:01:462 kernel/(11377:11377): INICIANDO LOG kernel...
[INFO] 00:07:01:463 kernel/(11377:11377): Se Inicializan semaforos
[INFO] 00:07:01:463 kernel/(11377:11377): Se Inician Hilos
[INFO] 00:07:01:465 kernel/(11377:11382): Hilo Blocked-Ready iniciando
[INFO] 00:07:01:465 kernel/(11377:11381): Hilo SuspendedBlocked-SuspendedReady iniciando
[INFO] 00:07:01:465 kernel/(11377:11380): Hilo Blocked-SuspendedBlocked iniciando
[INFO] 00:07:09:035 kernel/(11383:11383): INICIANDO LOG kernel...
[INFO] 00:07:09:036 kernel/(11383:11383): Se Inicializan semaforos
[INFO] 00:07:09:036 kernel/(11383:11383): Se Inician Hilos
[INFO] 00:07:43:781 kernel/(11450:11450): INICIANDO LOG kernel...
[INFO] 00:07:43:781 kernel/(11450:11450): Se Inicializan semaforos
[INFO] 00:07:43:782 kernel/(11450:11450): Se Inician Hilos
[INFO] 00:08:15:021 kernel/(11503:11503): INICIANDO LOG kernel...
[INFO] 00:08:15:023 kernel/(11503:11503): Se Inicializan semaforos
[INFO] 00:08:15:023 kernel/(11503:11503): Se Inician Hilos
[INFO] 00:15:49:115 kernel/(11668:11668): INICIANDO LOG kernel...
[INFO] 00:15:49:116 kernel/(11668:11668): Se Inicializan semaforos
[INFO] 00:15:49:116 kernel/(11668:11668): Se Inician Hilos
[INFO] 00:16:20:491 kernel/(11726:11726): INICIANDO LOG kernel...
[INFO] 00:16:20:491 kernel/(11726:11726): Se Inicializan semaforos
[INFO] 00:16:20:491 kernel/(11726:11726): Se Inician Hilos
[INFO] 00:16:20:491 kernel/(11726:11729): Hilo Blocked-SuspendedBlocked iniciando
[INFO] 00:16:20:493 kernel/(11726:11730): Hilo SuspendedBlocked-SuspendedReady iniciando
[INFO] 00:25:34:663 kernel/(11942:11942): INICIANDO LOG kernel...
[INFO] 00:25:34:663 kernel/(11942:11942): Se Inicializan semaforos
[INFO] 00:25:34:663 kernel/(11942:11942): Se Inician Hilos
[INFO] 00:25:37:975 kernel/(11948:11948): INICIANDO LOG kernel...
[INFO] 00:25:37:975 kernel/(11948:11948): Se Inicializan semaforos
[INFO] 00:25:37:975 kernel/(11948:11948): Se Inician Hilos
[INFO] 00:25:37:977 kernel/(11948:11951): Hilo Blocked-SuspendedBlocked iniciando
[INFO] 00:26:02:058 kernel/(12021:12021): INICIANDO LOG kernel...
[INFO] 00:26:02:058 kernel/(12021:12021): Se Inicializan semaforos
[INFO] 00:26:02:059 kernel/(12021:12021): Se Inician Hilos
[INFO] 00:28:58:373 kernel/(12134:12134): INICIANDO LOG kernel...
[INFO] 00:28:58:373 kernel/(12134:12134): Se Inicializan semaforos
[INFO] 00:28:58:377 kernel/(12134:12134): Se Inician Hilos
[INFO] 00:28:58:378 kernel/(12134:12138): Hilo SuspendedBlocked-SuspendedReady iniciando
[INFO] 00:28:58:378 kernel/(12134:12137): Hilo Blocked-SuspendedBlocked iniciando
[INFO] 00:28:58:379 kernel/(12134:12139): Hilo Blocked-Ready iniciando
[INFO] 00:37:15:656 kernel/(12371:12371): INICIANDO LOG kernel...
[INFO] 00:37:15:659 kernel/(12371:12371): Se Inicializan semaforos
[INFO] 00:37:15:659 kernel/(12371:12371): Se Inician Hilos
[INFO] 00:38:17:310 kernel/(12451:12451): INICIANDO LOG kernel...
[INFO] 00:38:17:311 kernel/(12451:12451): Se Inicializan semaforos
[INFO] 00:38:17:311 kernel/(12451:12451): Se Inician Hilos
[INFO] 00:38:22:563 kernel/(12460:12460): INICIANDO LOG kernel...
[INFO] 00:38:22:564 kernel/(12460:12460): Se Inicializan semaforos
[INFO] 00:38:22:564 kernel/(12460:12460): Se Inician Hilos
[INFO] 00:38:22:565 kernel/(12460:12465): Hilo Blocked-Ready iniciando
[INFO] 00:41:29:389 kernel/(12540:12540): INICIANDO LOG kernel...
[INFO] 00:41:29:390 kernel/(12540:12540): Se Inicializan semaforos
[INFO] 00:41:29:390 kernel/(12540:12540): Se Inician Hilos
[INFO] 00:41:48:955 kernel/(12594:12594): INICIANDO LOG kernel...
[INFO] 00:41:48:955 kernel/(12594:12594): Se Inicializan semaforos
[INFO] 00:41:48:955 kernel/(12594:12594): Se Inician Hilos
[INFO] 00:45:55:884 kernel/(12744:12744): INICIANDO LOG kernel...
[INFO] 00:45:55:888 kernel/(12744:12744): Se Inicializan semaforos
[INFO] 00:45:55:888 kernel/(12744:12744): Se Inician Hilos
[INFO] 10:44:01:607 kernel/(30899:30899): INICIANDO LOG kernel...
[INFO] 10:44:01:609 kernel/(30899:30899): Se Inicializan semaforos
[INFO] 10:44:01:609 kernel/(30899:30899): Se Inician Hilos
[INFO] 10:44:50:991 kernel/(31049:31049): INICIANDO LOG kernel...
[INFO] 10:44:50:991 kernel/(31049:31049): Se Inicializan semaforos
[INFO] 10:44:50:996 kernel/(31049:31049): Se Inician Hilos
[INFO] 10:45:06:349 kernel/(31174:31174): INICIANDO LOG kernel...
[INFO] 10:45:06:350 kernel/(31174:31174): Se Inicializan semaforos
[INFO] 10:45:06:350 kernel/(31174:31174): Se Inician Hilos
[INFO] 10:47:58:347 kernel/(31446:31446): INICIANDO LOG kernel...
[INFO] 10:47:58:354 kernel/(31446:31446): Se Inicializan semaforos
[INFO] 10:47:58:354 kernel/(31446:31446): Se Inician Hilos
[INFO] 10:52:22:368 kernel/(31707:31707): INICIANDO LOG kernel...
[INFO] 10:52:22:370 kernel/(31707:31707): Se Inicializan semaforos
[INFO] 10:52:22:370 kernel/(31707:31707): Se Inician Hilos
[INFO] 10:59:30:363 kernel/(31980:31980): INICIANDO LOG kernel...
[INFO] 10:59:30:369 kernel/(31980:31980): Se Inicializan semaforos
[INFO] 10:59:30:369 kernel/(31980:31980): Se Inician Hilos
[INFO] 11:04:38:230 kernel/(32280:32280): INICIANDO LOG kernel...
[INFO] 11:04:38:230 kernel/(32280:32280): Se Inicializan semaforos
[INFO] 11:04:38:230 kernel/(32280:32280): Se Inician Hilos
[INFO] 11:04:57:436 kernel/(32405:32405): INICIANDO LOG kernel...
[INFO] 11:04:57:437 kernel/(32405:32405): Se Inicializan semaforos
[INFO] 11:04:57:437 kernel/(32405:32405): Se Inician Hilos
[INFO] 11:05:26:404 kernel/(32588:32588): INICIANDO LOG kernel...
[INFO] 11:05:26:407 kernel/(32588:32588): Se Inicializan semaforos
[INFO] 11:05:26:407 kernel/(32588:32588): Se Inician Hilos
[INFO] 11:20:56:745 kernel/(602:602): INICIANDO LOG kernel...
[INFO] 11:20:56:746 kernel/(602:602): Se Inicializan semaforos
[INFO] 11:20:56:746 kernel/(602:602): Se Inician Hilos
[INFO] 11:23:44:075 kernel/(894:894): INICIANDO LOG kernel...
[INFO] 11:23:44:078 kernel/(894:894): Se Inicializan semaforos
[INFO] 11:23:44:078 kernel/(894:894): Se Inician Hilos
[INFO] 11:42:18:384 kernel/(1663:1663): INICIANDO LOG kernel...
[INFO] 11:42:18:385 kernel/(1663:1663): Se Inicializan semaforos
[INFO] 11:42:18:385 kernel/(1663:1663): Se Inician Hilos
[INFO] 11:44:50:071 kernel/(1925:1925): INICIANDO LOG kernel...
[INFO] 11:44:50:072 kernel/(1925:1925): Se Inicializan semaforos
[INFO] 11:44:50:072 kernel/(1925:1925): Se Inician Hilos
[INFO] 11:48:45:730 kernel/(2187:2187): INICIANDO LOG kernel...
[INFO] 11:48:45:730 kernel/(2187:2187): Se Inicializan semaforos
[INFO] 11:48:45:730 kernel/(2187:2187): Se Inician Hilos
[INFO] 11:48:59:287 kernel/(2311:2311): INICIANDO LOG kernel...
[INFO] 11:48:59:293 kernel/(2311:2311): Se Inicializan semaforos
[INFO] 11:48:59:293 kernel/(2311:2311): Se Inician Hilos
[INFO] 11:53:22:836 kernel/(2552:2552): INICIANDO LOG kernel...
[INFO] 11:53:22:843 kernel/(2552:2552): Se Inicializan semaforos
[INFO] 11:53:22:843 kernel/(2552:2552): Se Inician Hilos
[INFO] 12:00:11:965 kernel/(2924:2924): INICIANDO LOG kernel...
[INFO] 12:00:11:976 kernel/(2924:2924): Se Inicializan semaforos
[INFO] 12:00:11:976 kernel/(2924:2924): Se Inician Hilos
[INFO] 12:13:32:762 kernel/(3337:3337): INICIANDO LOG kernel...
[INFO] 12:13:32:762 kernel/(3337:3337): Se Inicializan semaforos
[INFO] 12:13:32:762 kernel/(3337:3337): Se Inician Hilos
[INFO] 12:18:29:550 kernel/(3615:3615): INICIANDO LOG kernel...
[INFO] 12:18:29:555 kernel/(3615:3615): Se Inicializan semaforos
[INFO] 12:18:29:555 kernel/(3615:3615): Se Inician Hilos
[INFO] 12:18:36:668 kernel/(3719:3719): INICIANDO LOG kernel...
[INFO] 12:18:36:673 kernel/(3719:3719): Se Inicializan semaforos
[INFO] 12:18:36:673 kernel/(3719:3719): Se Inician Hilos
[INFO] 12:22:49:979 kernel/(4039:4039): INICIANDO LOG kernel...
[INFO] 12:22:49:982 kernel/(4039:4039): Se Inicializan semaforos
[INFO] 12:22:49:982 kernel/(4039:4039): Se Inician Hilos
[INFO] 12:22:56:983 kernel/(4127:4127): INICIANDO LOG kernel...
[INFO] 12:22:56:983 kernel/(4127:4127): Se Inicializan semaforos
[INFO] 12:22:56:983 kernel/(4127:4127): Se Inician Hilos
[INFO] 12:24:47:334 kernel/(4325:4325): INICIANDO LOG kernel...
[INFO] 12:24:47:334 kernel/(4325:4325): Se Inicializan semaforos
[INFO] 12:24:47:334 kernel/(4325:4325): Se Inician Hilos
[INFO] 12:26:51:817 kernel/(4531:4531): INICIANDO LOG kernel...
[INFO] 12:26:51:817 kernel/(4531:4531): Se Inicializan semaforos
[INFO] 12:26:51:817 kernel/(4531:4531): Se Inician Hilos
[INFO] 13:25:46:054 kernel/(4438:4438): INICIANDO LOG kernel...
[INFO] 13:25:46:054 kernel/(4438:4438): Se Inicializan semaforos
[INFO] 13:25:46:054 kernel/(4438:4438): Se Inician Hilos
[INFO] 13:25:46:058 kernel/(4438:4441): Hilo Blocked-SuspendedBlocked iniciando
[INFO] 13:27:23:695 kernel/(4459:4459): INICIANDO LOG kernel...
[INFO] 13:27:23:695 kernel/(4459:4459): Se Inicializan semaforos
[INFO] 13:27:23:695 kernel/(4459:4459): Se Inician Hilos
[INFO] 13:27:23:700 kernel/(4459:4464): Hilo Blocked-Ready iniciando
[INFO] 13:30:16:149 kernel/(4574:4574): INICIANDO LOG kernel...
[INFO] 13:30:16:150 kernel/(4574:4574): Se Inicializan semaforos
[INFO] 13:30:16:150 kernel/(4574:4574): Se Inician Hilos
[INFO] 13:30:16:152 kernel/(4574:4577): Hilo Blocked-SuspendedBlocked iniciando
[INFO] 13:35:39:067 kernel/(4701:4701): INICIANDO LOG kernel...
[INFO] 13:35:39:067 kernel/(4701:4701): Se Inicializan semaforos
[INFO] 13:35:39:067 kernel/(4701:4701): Se Inician Hilos
[INFO] 13:37:17:405 kernel/(4953:4953): INICIANDO LOG kernel...
[INFO] 13:37:17:406 kernel/(4953:4953): Se Inicializan semaforos
[INFO] 13:37:17:406 kernel/(4953:4953): Se Inician Hilos
[INFO] 13:41:25:409 kernel/(5205:5205): INICIANDO LOG kernel...
[INFO] 13:41:25:410 kernel/(5205:5205): Se Inicializan semaforos
[INFO] 13:41:25:410 kernel/(5205:5205): Se Inician Hilos
[INFO] 13:41:44:739 kernel/(5223:5223): INICIANDO LOG kernel...
[INFO] 13:41:44:740 kernel/(5223:5223): Se Inicializan semaforos
[INFO] 13:41:44:740 kernel/(5223:5223): Se Inician Hilos
[INFO] 13:41:44:751 kernel/(5223:5226): Hilo Blocked-SuspendedBlocked iniciando
[INFO] 13:42:37:638 kernel/(5291:5291): INICIANDO LOG kernel...
[INFO] 13:42:37:639 kernel/(5291:5291): Se Inicializan semaforos
[INFO] 13:42:37:639 kernel/(5291:5291): Se Inician Hilos
[INFO] 13:42:37:641 kernel/(5291:5294): Hilo Blocked-SuspendedBlocked iniciando
[INFO] 13:42:37:642 kernel/(5291:5295): Hilo SuspendedBlocked-SuspendedReady iniciando
[INFO] 13:46:26:604 kernel/(5399:5399): INICIANDO LOG kernel...
[INFO] 13:46:26:605 kernel/(5399:5399): Se Inicializan semaforos
[INFO] 13:46:26:605 kernel/(5399:5399): Se Inician Hilos
[INFO] 13:46:26:605 kernel/(5399:5402): Hilo Blocked-SuspendedBlocked iniciando
[INFO] 13:46:26:605 kernel/(5399:5403): Hilo SuspendedBlocked-SuspendedReady iniciando
[INFO] 13:46:26:606 kernel/(5399:5404): Hilo Blocked-Ready iniciando
[INFO] 13:47:33:798 kernel/(5438:5438): INICIANDO LOG kernel...
[INFO] 13:47:33:798 kernel/(5438:5438): Se Inicializan semaforos
[INFO] 13:47:33:798 kernel/(5438:5438): Se Inician Hilos
[INFO] 13:47:33:799 kernel/(5438:5441): Hilo Blocked-SuspendedBlocked iniciando
[INFO] 13:47:38:900 kernel/(5444:5444): INICIANDO LOG kernel...
[INFO] 13:47:38:900 kernel/(5444:5444): Se Inicializan semaforos
[INFO] 13:47:38:900 kernel/(5444:5444): Se Inician Hilos
[INFO] 13:47:38:903 kernel/(5444:5447): Hilo Blocked-SuspendedBlocked iniciando
[INFO] 13:48:08:311 kernel/(5455:5455): INICIANDO LOG kernel...
[INFO] 13:48:08:311 kernel/(5455:5455): Se Inicializan semaforos
[INFO] 13:48:08:311 kernel/(5455:5455): Se Inician Hilos
[INFO] 13:48:35:655 kernel/(5486:5486): INICIANDO LOG kernel...
[INFO] 13:48:35:656 kernel/(5486:5486): Se Inicializan semaforos
[INFO] 13:48:35:656 kernel/(5486:5486): Se Inician Hilos
[INFO] 13:48:35:662 kernel/(5486:5489): Hilo Blocked-SuspendedBlocked iniciando
[INFO] 13:48:35:663 kernel/(5486:5490): Hilo SuspendedBlocked-SuspendedReady iniciando
[INFO] 13:49:03:389 kernel/(5511:5511): INICIANDO LOG kernel...
[INFO] 13:49:03:390 kernel/(5511:5511): Se Inicializan semaforos
[INFO] 13:49:03:390 kernel/(5511:5511): Se Inician Hilos
[INFO] 13:49:03:392 kernel/(5511:5514): Hilo Blocked-SuspendedBlocked iniciando
[INFO] 13:50:41:911 kernel/(5572:5572): INICIANDO LOG kernel...
[INFO] 13:50:41:911 kernel/(5572:5572): Se Inicializan semaforos
[INFO] 13:50:41:911 kernel/(5572:5572): Se Inician Hilos
[INFO] 13:50:41:915 kernel/(5572:5575): Hilo Blocked-SuspendedBlocked iniciando
[INFO] 13:50:41:915 kernel/(5572:5576): Hilo SuspendedBlocked-SuspendedReady iniciando
[INFO] 13:50:41:920 kernel/(5572:5577): Hilo Blocked-Ready iniciando
[INFO] 13:51:32:040 kernel/(5657:5657): INICIANDO LOG kernel...
[INFO] 13:51:32:040 kernel/(5657:5657): Se Inicializan semaforos
[INFO] 13:51:32:041 kernel/(5657:5657): Se Inician Hilos
[INFO] 13:51:32:042 kernel/(5657:5660): Hilo Blocked-SuspendedBlocked iniciando
[INFO] 13:51:32:042 kernel/(5657:5661): Hilo SuspendedBlocked-SuspendedReady iniciando
[INFO] 13:51:32:043 kernel/(5657:5662): Hilo Blocked-Ready iniciando
[INFO] 13:52:14:410 kernel/(5727:5727): INICIANDO LOG kernel...
[INFO] 13:52:14:411 kernel/(5727:5727): Se Inicializan semaforos
[INFO] 13:52:14:411 kernel/(5727:5727): Se Inician Hilos
[INFO] 13:52:14:420 kernel/(5727:5731): Hilo SuspendedBlocked-SuspendedReady iniciando
[INFO] 13:52:14:421 kernel/(5727:5730): Hilo Blocked-SuspendedBlocked iniciando
[INFO] 13:52:14:422 kernel/(5727:5732): Hilo Blocked-Ready iniciando
[INFO] 13:52:50:703 kernel/(5773:5773): INICIANDO LOG kernel...
[INFO] 13:52:50:704 kernel/(5773:5773): Se Inicializan semaforos
[INFO] 13:52:50:704 kernel/(5773:5773): Se Inician Hilos
[INFO] 13:52:50:718 kernel/(5773:5787): Hilo Blocked-SuspendedBlocked iniciando
[INFO] 13:52:50:722 kernel/(5773:5788): Hilo SuspendedBlocked-SuspendedReady iniciando
[INFO] 15:07:07:299 kernel/(6528:6528): INICIANDO LOG kernel...
[INFO] 15:07:07:300 kernel/(6528:6528): Se Inicializan semaforos
[INFO] 15:07:07:300 kernel/(6528:6528): Se Inician Hilos
[INFO] 15:07:07:300 kernel/(6528:6531): Hilo Blocked-SuspendedBlocked iniciando
[INFO] 15:08:34:946 kernel/(6600:6600): INICIANDO LOG kernel...
[INFO] 15:08:34:946 kernel/(6600:6600): Se Inicializan semaforos
[INFO] 15:08:34:946 kernel/(6600:6600): Se Inician Hilos
[INFO] 15:08:34:958 kernel/(6600:6609): Hilo Blocked-SuspendedBlocked iniciando
[INFO] 15:08:34:968 kernel/(6600:6610): Hilo SuspendedBlocked-SuspendedReady iniciando
[INFO] 15:11:44:955 kernel/(6699:6699): INICIANDO LOG kernel...
[INFO] 15:11:44:956 kernel/(6699:6699): Se Inicializan semaforos
[INFO] 15:11:44:956 kernel/(6699:6699): Se Inician Hilos
[INFO] 15:11:50:134 kernel/(6699:6709): Hilo SuspendedBlocked-SuspendedReady iniciando
[INFO] 15:11:50:136 kernel/(6699:6708): Hilo Blocked-SuspendedBlocked iniciando
[INFO] 15:15:59:663 kernel/(6839:6839): INICIANDO LOG kernel...
[INFO] 15:15:59:663 kernel/(6839:6839): Se Inicializan semaforos
[INFO] 15:15:59:663 kernel/(6839:6839): Se Inician Hilos
[INFO] 15:15:59:663 kernel/(6839:6844): Hilo Blocked-Ready iniciando
[INFO] 15:18:26:910 kernel/(6964:6964): INICIANDO LOG kernel...
[INFO] 15:18:26:911 kernel/(6964:6964): Se Inicializan semaforos
[INFO] 15:18:26:911 kernel/(6964:6964): Se Inician Hilos
[INFO] 15:25:25:340 kernel/(7239:7239): INICIANDO LOG kernel...
[INFO] 15:25:25:340 kernel/(7239:7239): Se Inicializan semaforos
[INFO] 15:25:25:340 kernel/(7239:7239): Se Inician Hilos
[INFO] 15:25:25:341 kernel/(7239:7242): Hilo Blocked-SuspendedBlocked iniciando
[INFO] 15:25:25:341 kernel/(7239:7243): Hilo SuspendedBlocked-SuspendedReady iniciando
[INFO] 15:25:25:341 kernel/(7239:7244): Hilo Blocked-Ready iniciando
[INFO] 15:26:24:770 kernel/(7316:7316): INICIANDO LOG kernel...
[INFO] 15:26:24:770 kernel/(7316:7316): Se Inicializan semaforos
[INFO] 15:26:24:770 kernel/(7316:7316): Se Inician Hilos
[INFO] 15:26:24:771 kernel/(7316:7319): Hilo Blocked-SuspendedBlocked iniciando
[INFO] 15:26:24:771 kernel/(7316:7320): Hilo SuspendedBlocked-SuspendedReady iniciando
[INFO] 15:26:24:771 kernel/(7316:7321): Hilo Blocked-Ready iniciando
[INFO] 15:26:34:527 kernel/(7322:7322): INICIANDO LOG kernel...
[INFO] 15:26:34:527 kernel/(7322:7322): Se Inicializan semaforos
[INFO] 15:26:34:527 kernel/(7322:7322): Se Inician Hilos
[INFO] 15:26:57:381 kernel/(7371:7371): INICIANDO LOG kernel...
[INFO] 15:26:57:381 kernel/(7371:7371): Se Inicializan semaforos
[INFO] 15:26:57:381 kernel/(7371:7371): Se Inician Hilos
[INFO] 15:26:57:382 kernel/(7371:7374): Hilo Blocked-SuspendedBlocked iniciando
[INFO] 15:26:57:383 kernel/(7371:7375): Hilo SuspendedBlocked-SuspendedReady iniciando
[INFO] 15:32:34:798 kernel/(7620:7620): INICIANDO LOG kernel...
[INFO] 15:32:34:798 kernel/(7620:7620): Se Inicializan semaforos
[INFO] 15:32:34:798 kernel/(7620:7620): Se Inician Hilos
[INFO] 15:32:34:807 kernel/(7620:7625): Hilo Blocked-Ready iniciando
[INFO] 15:33:23:588 kernel/(7649:7649): INICIANDO LOG kernel...
[INFO] 15:33:23:588 kernel/(7649:7649): Se Inicializan semaforos
[INFO] 15:33:23:589 kernel/(7649:7649): Se Inician Hilos
[INFO] 15:35:45:902 kernel/(7766:7766): INICIANDO LOG kernel...
[INFO] 15:35:45:902 kernel/(7766:7766): Se Inicializan semaforos
[INFO] 15:35:45:903 kernel/(7766:7766): Se Inician Hilos
[INFO] 15:35:45:905 kernel/(7766:7769): Hilo Blocked-SuspendedBlocked iniciando
[INFO] 15:42:44:384 kernel/(7949:7949): INICIANDO LOG kernel...
[INFO] 15:42:44:385 kernel/(7949:7949): Se Inicializan semaforos
[INFO] 15:42:44:385 kernel/(7949:7949): Se Inician Hilos
[INFO] 15:42:44:386 kernel/(7949:7953): Hilo SuspendedBlocked-SuspendedReady iniciando
[INFO] 15:42:44:387 kernel/(7949:7952): Hilo Blocked-SuspendedBlocked iniciando
[INFO] 15:43:20:673 kernel/(7969:7969): INICIANDO LOG kernel...
[INFO] 15:43:20:673 kernel/(7969:7969): Se Inicializan semaforos
[INFO] 15:43:20:673 kernel/(7969:7969): Se Inician Hilos
[INFO] 15:43:20:674 kernel/(7969:7973): Hilo SuspendedBlocked-SuspendedReady iniciando
[INFO] 15:43:20:674 kernel/(7969:7974): Hilo Blocked-Ready iniciando
[INFO] 15:45:28:073 kernel/(8024:8024): INICIANDO LOG kernel...
[INFO] 15:45:28:074 kernel/(8024:8024): Se Inicializan semaforos
[INFO] 15:45:28:074 kernel/(8024:8024): Se Inician Hilos
[INFO] 15:52:37:930 kernel/(8167:8167): INICIANDO LOG kernel...
[INFO] 15:52:37:931 kernel/(8167:8167): Se Inicializan semaforos
[INFO] 15:52:37:931 kernel/(8167:8167): Se Inician Hilos
[INFO] 15:52:37:931 kernel/(8167:8171): Hilo SuspendedBlocked-SuspendedReady iniciando
[INFO] 15:52:37:931 kernel/(8167:8172): Hilo Blocked-Ready iniciando
[INFO] 15:52:37:931 kernel/(8167:8170): Hilo Blocked-SuspendedBlocked iniciando
[INFO] 15:57:53:475 kernel/(8388:8388): INICIANDO LOG kernel...
[INFO] 15:57:53:476 kernel/(8388:8388): Se Inicializan semaforos
[INFO] 15:57:53:476 kernel/(8388:8388): Se Inician Hilos
[INFO] 15:57:53:480 kernel/(8388:8391): Hilo Blocked-SuspendedBlocked iniciando
[INFO] 15:57:53:481 kernel/(8388:8392): Hilo SuspendedBlocked-SuspendedReady iniciando
[INFO] 15:59:30:982 kernel/(8463:8463): INICIANDO LOG kernel...
[INFO] 15:59:30:982 kernel/(8463:8463): Se Inicializan semaforos
[INFO] 15:59:30:982 kernel/(8463:8463): Se Inician Hilos
[INFO] 15:59:30:982 kernel/(8463:8468): Hilo Blocked-Ready iniciando
[INFO] 15:59:30:984 kernel/(8463:8467): Hilo SuspendedBlocked-SuspendedReady iniciando
[INFO] 16:02:52:776 kernel/(8600:8600): INICIANDO LOG kernel...
[INFO] 16:02:52:776 kernel/(8600:8600): Se Inicializan semaforos
[INFO] 16:02:52:776 kernel/(8600:8600): Se Inician Hilos
[INFO] 16:02:52:783 kernel/(8600:8610): Hilo Blocked-SuspendedBlocked iniciando
[INFO] 16:02:52:792 kernel/(8600:8611): Hilo SuspendedBlocked-SuspendedReady iniciando
[INFO] 16:06:29:177 kernel/(8687:8687): INICIANDO LOG kernel...
[INFO] 16:06:29:177 kernel/(8687:8687): Se Inicializan semaforos
[INFO] 16:06:29:177 kernel/(8687:8687): Se Inician Hilos
[INFO] 16:07:11:385 kernel/(8747:8747): INICIANDO LOG kernel...
[INFO] 16:07:11:385 kernel/(8747:8747): Se Inicializan semaforos
[INFO] 16:07:11:385 kernel/(8747:8747): Se Inician Hilos
[INFO] 16:07:16:729 kernel/(8747:8759): Hilo SuspendedBlocked-SuspendedReady iniciando
[INFO] 16:07:16:733 kernel/(8747:8758): Hilo Blocked-SuspendedBlocked iniciando
[INFO] 16:10:45:250 kernel/(8809:8809): INICIANDO LOG kernel...
[INFO] 16:10:45:250 kernel/(8809:8809): Se Inicializan semaforos
[INFO] 16:10:45:250 kernel/(8809:8809): Se Inician Hilos
[INFO] 16:10:45:251 kernel/(8809:8814): Hilo Blocked-Ready iniciando
[INFO] 16:10:45:251 kernel/(8809:8813): Hilo SuspendedBlocked-SuspendedReady iniciando
[INFO] 16:10:45:251 kernel/(8809:8812): Hilo Blocked-SuspendedBlocked iniciando
[INFO] 16:14:56:538 kernel/(8861:8861): INICIANDO LOG kernel...
[INFO] 16:14:56:538 kernel/(8861:8861): Se Inicializan semaforos
[INFO] 16:14:56:538 kernel/(8861:8861): Se Inician Hilos
[INFO] 16:19:23:146 kernel/(8998:8998): INICIANDO LOG kernel...
[INFO] 16:19:23:147 kernel/(8998:8998): Se Inicializan semaforos
[INFO] 16:19:23:150 kernel/(8998:8998): Se Inician Hilos
[INFO] 16:21:22:768 kernel/(9042:9042): INICIANDO LOG kernel...
[INFO] 16:21:22:768 kernel/(9042:9042): Se Inicializan semaforos
[INFO] 16:21:22:768 kernel/(9042:9042): Se Inician Hilos
[INFO] 16:24:57:725 kernel/(9159:9159): INICIANDO LOG kernel...
[INFO] 16:24:57:725 kernel/(9159:9159): Se Inicializan semaforos
[INFO] 16:24:57:725 kernel/(9159:9159): Se Inician Hilos
[INFO] 16:32:16:256 kernel/(9715:9715): INICIANDO LOG kernel...
[INFO] 16:32:16:257 kernel/(9715:9715): Se Inicializan semaforos
[INFO] 16:32:16:257 kernel/(9715:9715): Se Inician Hilos
[INFO] 16:32:45:065 kernel/(9735:9735): INICIANDO LOG kernel...
[INFO] 16:32:45:066 kernel/(9735:9735): Se Inicializan semaforos
[INFO] 16:32:45:066 kernel/(9735:9735): Se Inician Hilos
[INFO] 16:33:50:863 kernel/(9823:9823): INICIANDO LOG kernel...
[INFO] 16:33:50:863 kernel/(9823:9823): Se Inicializan semaforos
[INFO] 16:33:50:863 kernel/(9823:9823): Se Inician Hilos
[INFO] 16:33:50:864 kernel/(9823:9828): Hilo Blocked-SuspendedBlocked iniciando
[INFO] 16:33:50:864 kernel/(9823:9829): Hilo SuspendedBlocked-SuspendedReady iniciando
[INFO] 16:33:50:864 kernel/(9823:9830): Hilo Blocked-Ready iniciando
[INFO] 16:49:34:682 kernel/(10198:10198): INICIANDO LOG kernel...
[INFO] 16:49:34:682 kernel/(10198:10198): Se Inicializan semaforos
[INFO] 16:49:34:682 kernel/(10198:10198): Se Inician Hilos
[INFO] 16:49:34:686 kernel/(10198:10201): Hilo Blocked-SuspendedBlocked iniciando
[INFO] 16:49:34:686 kernel/(10198:10202): Hilo SuspendedBlocked-SuspendedReady iniciando
[INFO] 16:49:34:686 kernel/(10198:10203): Hilo Blocked-Ready iniciando
[INFO] 17:09:45:044 kernel/(10550:10550): INICIANDO LOG kernel...
[INFO] 17:09:45:045 kernel/(10550:10550): Se Inicializan semaforos
[INFO] 17:09:45:045 kernel/(10550:10550): Se Inician Hilos
[INFO] 17:11:50:238 kernel/(10694:10694): INICIANDO LOG kernel...
[INFO] 17:11:50:238 kernel/(10694:10694): Se Inicializan semaforos
[INFO] 17:11:50:238 kernel/(10694:10694): Se Inician Hilos
[INFO] 17:11:50:243 kernel/(10694:10697): Hilo Blocked-SuspendedBlocked iniciando
[INFO] 17:11:50:247 kernel/(10694:10698): Hilo SuspendedBlocked-SuspendedReady iniciando
[INFO] 17:11:50:249 kernel/(10694:10699): Hilo Blocked-Ready iniciando
[INFO] 17:12:42:348 kernel/(10751:10751): INICIANDO LOG kernel...
[INFO] 17:12:42:349 kernel/(10751:10751): Se Inicializan semaforos
[INFO] 17:12:42:349 kernel/(10751:10751): Se Inician Hilos
[INFO] 17:12:42:354 kernel/(10751:10760): Hilo Blocked-SuspendedBlocked iniciando
[INFO] 17:12:42:359 kernel/(10751:10761): Hilo SuspendedBlocked-SuspendedReady iniciando
[INFO] 17:33:53:318 kernel/(11574:11574): INICIANDO LOG kernel...
[INFO] 17:33:53:319 kernel/(11574:11574): Se Inicializan semaforos
[INFO] 17:33:53:319 kernel/(11574:11574): Se Inician Hilos
[INFO] 17:33:53:319 kernel/(11574:11578): Hilo Blocked-Ready iniciando
[INFO] 17:33:53:320 kernel/(11574:11577): Hilo SuspendedBlocked-SuspendedReady iniciando
[INFO] 17:38:39:943 kernel/(11735:11735): INICIANDO LOG kernel...
[INFO] 17:38:39:943 kernel/(11735:11735): Se Inicializan semaforos
[INFO] 17:38:39:943 kernel/(11735:11735): Se Inician Hilos
[INFO] 17:38:39:944 kernel/(11735:11738): Hilo SuspendedBlocked-SuspendedReady iniciando
[INFO] 17:38:39:944 kernel/(11735:11739): Hilo Blocked-Ready iniciando
[INFO] 17:39:40:316 kernel/(11808:11808): INICIANDO LOG kernel...
[INFO] 17:39:40:316 kernel/(11808:11808): Se Inicializan semaforos
[INFO] 17:39:40:316 kernel/(11808:11808): Se Inician Hilos
[INFO] 17:39:40:317 kernel/(11808:11811): Hilo SuspendedBlocked-SuspendedReady iniciando
[INFO] 17:49:13:462 kernel/(12099:12099): INICIANDO LOG kernel...
[INFO] 17:49:13:462 kernel/(12099:12099): Se Inicializan semaforos
[INFO] 17:49:13:462 kernel/(12099:12099): Se Inician Hilos
[INFO] 17:49:13:463 kernel/(12099:12102): Hilo SuspendedBlocked-SuspendedReady iniciando
[INFO] 17:49:13:463 kernel/(12099:12103): Hilo Blocked-Ready iniciando
[INFO] 17:52:19:544 kernel/(12248:12248): INICIANDO LOG kernel...
[INFO] 17:52:19:546 kernel/(12248:12248): Se Inicializan semaforos
[INFO] 17:52:19:547 kernel/(12248:12248): Se Inician Hilos
[INFO] 17:52:19:548 kernel/(12248:12252): Hilo Blocked-Ready iniciando
[INFO] 17:52:19:548 kernel/(12248:12251): Hilo SuspendedBlocked-SuspendedReady iniciando
[INFO] 18:01:17:092 kernel/(12605:12605): INICIANDO LOG kernel...
[INFO] 18:01:17:092 kernel/(12605:12605): Se Inicializan semaforos
[INFO] 18:01:17:092 kernel/(12605:12605): Se Inician Hilos
[INFO] 18:01:17:094 kernel/(12605:12608): Hilo SuspendedBlocked-SuspendedReady iniciando
[INFO] 18:01:17:094 kernel/(12605:12609): Hilo Blocked-Ready iniciando
[INFO] 18:05:50:174 kernel/(12707:12707): INICIANDO LOG kernel...
[INFO] 18:05:50:174 kernel/(12707:12707): Se Inicializan semaforos
[INFO] 18:05:50:175 kernel/(12707:12707): Se Inician Hilos
[INFO] 18:15:23:489 kernel/(12922:12922): INICIANDO LOG kernel...
[INFO] 18:15:23:489 kernel/(12922:12922): Se Inicializan semaforos
[INFO] 18:15:23:489 kernel/(12922:12922): Se Inician Hilos
[INFO] 18:15:23:494 kernel/(12922:12925): Hilo SuspendedBlocked-SuspendedReady iniciando
[INFO] 18:21:22:016 kernel/(13071:13071): INICIANDO LOG kernel...
[INFO] 18:21:22:016 kernel/(13071:13071): Se Inicializan semaforos
[INFO] 18:21:22:016 kernel/(13071:13071): Se Inician Hilos
[INFO] 18:21:22:016 kernel/(13071:13074): Hilo SuspendedBlocked-SuspendedReady iniciando
[INFO] 18:21:22:017 kernel/(13071:13075): Hilo Blocked-Ready iniciando
[INFO] 18:25:23:981 kernel/(13153:13153): INICIANDO LOG kernel...
[INFO] 18:25:23:982 kernel/(13153:13153): Se Inicializan semaforos
[INFO] 18:25:23:982 kernel/(13153:13153): Se Inician Hilos
[INFO] 18:27:17:152 kernel/(13192:13192): INICIANDO LOG kernel...
[INFO] 18:27:17:152 kernel/(13192:13192): Se Inicializan semaforos
[INFO] 18:27:17:153 kernel/(13192:13192): Se Inician Hilos
[INFO] 18:27:17:159 kernel/(13192:13195): Hilo SuspendedBlocked-SuspendedReady iniciando
[INFO] 18:29:09:906 kernel/(13220:13220): INICIANDO LOG kernel...
[INFO] 18:29:09:906 kernel/(13220:13220): Se Inicializan semaforos
[INFO] 18:29:09:906 kernel/(13220:13220): Se Inician Hilos
[INFO] 18:29:09:907 kernel/(13220:13224): Hilo Blocked-Ready iniciando
[INFO] 18:29:09:908 kernel/(13220:13223): Hilo SuspendedBlocked-SuspendedReady iniciando
[INFO] 18:34:15:243 kernel/(13352:13352): INICIANDO LOG kernel...
[INFO] 18:34:15:243 kernel/(13352:13352): Se Inicializan semaforos
[INFO] 18:34:15:243 kernel/(13352:13352): Se Inician Hilos
[INFO] 18:35:00:012 kernel/(13418:13418): INICIANDO LOG kernel...
[INFO] 18:35:00:012 kernel/(13418:13418): Se Inicializan semaforos
[INFO] 18:35:00:013 kernel/(13418:13418): Se Inician Hilos
[INFO] 18:35:00:014 kernel/(13418:13422): Hilo Blocked-Ready iniciando
[INFO] 18:35:00:014 kernel/(13418:13421): Hilo SuspendedBlocked-SuspendedReady iniciando
[INFO] 18:35:50:686 kernel/(13480:13480): INICIANDO LOG kernel...
[INFO] 18:35:50:686 kernel/(13480:13480): Se Inicializan semaforos
[INFO] 18:35:50:686 kernel/(13480:13480): Se Inician Hilos
[INFO] 18:36:00:548 kernel/(13488:13488): INICIANDO LOG kernel...
[INFO] 18:36:00:548 kernel/(13488:13488): Se Inicializan semaforos
[INFO] 18:36:00:548 kernel/(13488:13488): Se Inician Hilos
[INFO] 22:39:30:838 kernel/(16766:16766): INICIANDO LOG kernel...
[INFO] 22:39:30:839 kernel/(16766:16766): Se Inicializan semaforos
[INFO] 22:39:30:839 kernel/(16766:16766): Se Inician Hilos
[INFO] 22:40:17:765 kernel/(16817:16817): INICIANDO LOG kernel...
[INFO] 22:40:17:767 kernel/(16817:16817): Se Inicializan semaforos
[INFO] 22:40:17:768 kernel/(16817:16817): Se Inician Hilos
[INFO] 22:40:17:770 kernel/(16817:16820): Hilo SuspendedBlocked-SuspendedReady iniciando
[INFO] 22:43:02:233 kernel/(16984:16984): INICIANDO LOG kernel...
[INFO] 22:43:02:234 kernel/(16984:16984): Se Inicializan semaforos
[INFO] 22:43:02:234 kernel/(16984:16984): Se Inician Hilos
[INFO] 22:43:24:006 kernel/(17004:17004): INICIANDO LOG kernel...
[INFO] 22:43:24:007 kernel/(17004:17004): Se Inicializan semaforos
[INFO] 22:43:24:007 kernel/(17004:17004): Se Inician Hilos
[INFO] 22:43:24:008 kernel/(17004:17007): Hilo SuspendedBlocked-SuspendedReady iniciando
[INFO] 22:44:40:527 kernel/(17137:17137): INICIANDO LOG kernel...
[INFO] 22:44:40:529 kernel/(17137:17137): Se Inicializan semaforos
[INFO] 22:44:40:529 kernel/(17137:17137): Se Inician Hilos
[INFO] 22:44:40:532 kernel/(17137:17140): Hilo Blocked-SuspendedBlocked iniciando
[INFO] 22:44:40:532 kernel/(17137:17141): Hilo SuspendedBlocked-SuspendedReady iniciando
[INFO] 22:48:17:014 kernel/(17286:17286): INICIANDO LOG kernel...
[INFO] 22:48:17:015 kernel/(17286:17286): Se Inicializan semaforos
[INFO] 22:48:17:015 kernel/(17286:17286): Se Inician Hilos
[INFO] 22:48:17:017 kernel/(17286:17289): Hilo Blocked-SuspendedBlocked iniciando
[INFO] 22:48:17:018 kernel/(17286:17290): Hilo SuspendedBlocked-SuspendedReady iniciando
[INFO] 22:56:32:197 kernel/(17536:17536): INICIANDO LOG kernel...
[INFO] 22:56:32:197 kernel/(17536:17536): Se Inicializan semaforos
[INFO] 22:56:32:197 kernel/(17536:17536): Se Inician Hilos
[INFO] 22:56:32:200 kernel/(17536:17539): Hilo Blocked-SuspendedBlocked iniciando
[INFO] 22:56:32:200 kernel/(17536:17541): Hilo Blocked-Ready iniciando
[INFO] 22:56:32:201 kernel/(17536:17540): Hilo SuspendedBlocked-SuspendedReady iniciando
[INFO] 23:02:46:842 kernel/(17717:17717): INICIANDO LOG kernel...
[INFO] 23:02:46:843 kernel/(17717:17717): Se Inicializan semaforos
[INFO] 23:02:46:843 kernel/(17717:17717): Se Inician Hilos
[INFO] 23:04:44:500 kernel/(17774:17774): INICIANDO LOG kernel...
[INFO] 23:04:44:501 kernel/(17774:17774): Se Inicializan semaforos
[INFO] 23:04:44:501 kernel/(17774:17774): Se Inician Hilos
[INFO] 23:04:44:503 kernel/(17774:17780): Hilo Blocked-Ready iniciando
[INFO] 23:21:35:132 kernel/(18215:18215): INICIANDO LOG kernel...
[INFO] 23:21:35:133 kernel/(18215:18215): Se Inicializan semaforos
[INFO] 23:21:35:133 kernel/(18215:18215): Se Inician Hilos
[INFO] 00:07:57:301 kernel/(19264:19264): INICIANDO LOG kernel...
[INFO] 00:07:57:304 kernel/(19264:19264): Se Inicializan semaforos
[INFO] 00:07:57:304 kernel/(19264:19264): Se Inician Hilos
[INFO] 00:13:28:311 kernel/(19634:19634): INICIANDO LOG kernel...
[INFO] 00:13:28:336 kernel/(19634:19634): Se Inicializan semaforos
[INFO] 00:13:28:336 kernel/(19634:19634): Se Inician Hilos
[INFO] 00:13:44:402 kernel/(19652:19652): INICIANDO LOG kernel...
[INFO] 00:13:44:403 kernel/(19652:19652): Se Inicializan semaforos
[INFO] 00:13:44:403 kernel/(19652:19652): Se Inician Hilos
[INFO] 00:13:44:404 kernel/(19652:19655): Hilo Blocked-SuspendedBlocked iniciando
[INFO] 00:13:44:407 kernel/(19652:19656): Hilo SuspendedBlocked-SuspendedReady iniciando
[INFO] 00:14:45:012 kernel/(19746:19746): INICIANDO LOG kernel...
[INFO] 00:14:45:012 kernel/(19746:19746): Se Inicializan semaforos
[INFO] 00:14:45:012 kernel/(19746:19746): Se Inician Hilos
[INFO] 00:14:45:014 kernel/(19746:19749): Hilo Blocked-SuspendedBlocked iniciando
[INFO] 00:14:45:014 kernel/(19746:19750): Hilo SuspendedBlocked-SuspendedReady iniciando
[INFO] 00:15:22:710 kernel/(19802:19802): INICIANDO LOG kernel...
[INFO] 00:15:22:710 kernel/(19802:19802): Se Inicializan semaforos
[INFO] 00:15:22:710 kernel/(19802:19802): Se Inician Hilos
[INFO] 00:15:22:712 kernel/(19802:19805): Hilo Blocked-SuspendedBlocked iniciando
[INFO] 00:15:22:712 kernel/(19802:19807): Hilo Blocked-Ready iniciando
[INFO] 00:15:22:713 kernel/(19802:19806): Hilo SuspendedBlocked-SuspendedReady iniciando
[INFO] 00:19:28:153 kernel/(20130:20130): INICIANDO LOG kernel...
[INFO] 00:19:28:154 kernel/(20130:20130): Se Inicializan semaforos
[INFO] 00:19:28:154 kernel/(20130:20130): Se Inician Hilos
[INFO] 00:19:28:154 kernel/(20130:20133): Hilo Blocked-SuspendedBlocked iniciando
[INFO] 00:19:28:154 kernel/(20130:20134): Hilo SuspendedBlocked-SuspendedReady iniciando
[INFO] 00:19:28:155 kernel/(20130:20135): Hilo Blocked-Ready iniciando
[INFO] 00:21:24:696 kernel/(20255:20255): INICIANDO LOG kernel...
[INFO] 00:21:24:697 kernel/(20255:20255): Se Inicializan semaforos
[INFO] 00:21:24:697 kernel/(20255:20255): Se Inician Hilos
[INFO] 00:21:26:453 kernel/(20261:20261): INICIANDO LOG kernel...
[INFO] 00:21:26:454 kernel/(20261:20261): Se Inicializan semaforos
[INFO] 00:21:26:454 kernel/(20261:20261): Se Inician Hilos
[INFO] 00:21:31:768 kernel/(20265:20265): INICIANDO LOG kernel...
[INFO] 00:21:31:768 kernel/(20265:20265): Se Inicializan semaforos
[INFO] 00:21:31:768 kernel/(20265:20265): Se Inician Hilos
[INFO] 00:21:51:926 kernel/(20308:20308): INICIANDO LOG kernel...
[INFO] 00:21:51:926 kernel/(20308:20308): Se Inicializan semaforos
[INFO] 00:21:51:927 kernel/(20308:20308): Se Inician Hilos
[INFO] 00:21:51:929 kernel/(20308:20311): Hilo Blocked-SuspendedBlocked iniciando
[INFO] 00:21:51:930 kernel/(20308:20313): Hilo Blocked-Ready iniciando
[INFO] 00:21:51:930 kernel/(20308:20312): Hilo SuspendedBlocked-SuspendedReady iniciando
[INFO] 00:24:45:414 kernel/(20359:20359): INICIANDO LOG kernel...
[INFO] 00:24:45:414 kernel/(20359:20359): Se Inicializan semaforos
[INFO] 00:24:45:414 kernel/(20359:20359): Se Inician Hilos
[INFO] 00:24:45:416 kernel/(20359:20362): Hilo Blocked-SuspendedBlocked iniciando
[INFO] 00:24:45:420 kernel/(20359:20363): Hilo SuspendedBlocked-SuspendedReady iniciando
[INFO] 00:24:45:421 kernel/(20359:20364): Hilo Blocked-Ready iniciando
[INFO] 00:27:49:100 kernel/(20421:20421): INICIANDO LOG kernel...
[INFO] 00:27:49:100 kernel/(20421:20421): Se Inicializan semaforos
[INFO] 00:27:49:100 kernel/(20421:20421): Se Inician Hilos
[INFO] 00:27:49:103 kernel/(20421:20424): Hilo Blocked-SuspendedBlocked iniciando
[INFO] 00:31:37:975 kernel/(20642:20642): INICIANDO LOG kernel...
[INFO] 00:31:37:976 kernel/(20642:20642): Se Inicializan semaforos
[INFO] 00:31:37:976 kernel/(20642:20642): Se Inician Hilos
[INFO] 00:31:37:978 kernel/(20642:20645): Hilo Blocked-SuspendedBlocked iniciando
[INFO] 00:31:37:978 kernel/(20642:20647): Hilo Blocked-Ready iniciando
[INFO] 00:31:37:979 kernel/(20642:20646): Hilo SuspendedBlocked-SuspendedReady iniciando
[INFO] 00:33:44:126 kernel/(20801:20801): INICIANDO LOG kernel...
[INFO] 00:33:44:128 kernel/(20801:20801): Se Inicializan semaforos
[INFO] 00:33:44:128 kernel/(20801:20801): Se Inician Hilos
[INFO] 00:41:25:163 kernel/(21027:21027): INICIANDO LOG kernel...
[INFO] 00:41:25:164 kernel/(21027:21027): Se Inicializan semaforos
[INFO] 00:41:25:164 kernel/(21027:21027): Se Inician Hilos
[INFO] 00:41:25:168 kernel/(21027:21031): Hilo SuspendedBlocked-SuspendedReady iniciando
[INFO] 00:41:25:169 kernel/(21027:21030): Hilo Blocked-SuspendedBlocked iniciando
[INFO] 00:41:46:921 kernel/(21077:21077): INICIANDO LOG kernel...
[INFO] 00:41:46:921 kernel/(21077:21077): Se Inicializan semaforos
[INFO] 00:41:46:921 kernel/(21077:21077): Se Inician Hilos
[INFO] 00:41:46:923 kernel/(21077:21081): Hilo SuspendedBlocked-SuspendedReady iniciando
[INFO] 00:41:46:924 kernel/(21077:21080): Hilo Blocked-SuspendedBlocked iniciando
[INFO] 00:41:46:924 kernel/(21077:21082): Hilo Blocked-Ready iniciando
[INFO] 00:44:26:125 kernel/(21260:21260): INICIANDO LOG kernel...
[INFO] 00:44:26:127 kernel/(21260:21260): Se Inicializan semaforos
[INFO] 00:44:26:128 kernel/(21260:21260): Se Inician Hilos
[INFO] 00:44:26:129 kernel/(21260:21263): Hilo Blocked-SuspendedBlocked iniciando
[INFO] 00:44:26:130 kernel/(21260:21264): Hilo SuspendedBlocked-SuspendedReady iniciando
[INFO] 00:44:26:130 kernel/(21260:21265): Hilo Blocked-Ready iniciando
[INFO] 00:53:19:379 kernel/(21705:21705): INICIANDO LOG kernel...
[INFO] 00:53:19:411 kernel/(21705:21705): Se Inicializan semaforos
[INFO] 00:53:19:411 kernel/(21705:21705): Se Inician Hilos
[INFO] 00:55:38:895 kernel/(21764:21764): INICIANDO LOG kernel...
[INFO] 00:55:38:895 kernel/(21764:21764): Se Inicializan semaforos
[INFO] 00:55:38:895 kernel/(21764:21764): Se Inician Hilos
[INFO] 00:55:38:898 kernel/(21764:21767): Hilo Blocked-SuspendedBlocked iniciando
[INFO] 00:55:51:101 kernel/(21778:21778): INICIANDO LOG kernel...
[INFO] 00:55:51:101 kernel/(21778:21778): Se Inicializan semaforos
[INFO] 00:55:51:101 kernel/(21778:21778): Se Inician Hilos
[INFO] 00:55:51:103 kernel/(21778:21781): Hilo Blocked-SuspendedBlocked iniciando
[INFO] 00:55:51:103 kernel/(21778:21782): Hilo SuspendedBlocked-SuspendedReady iniciando
[INFO] 00:55:51:103 kernel/(21778:21783): Hilo Blocked-Ready iniciando
[INFO] 00:56:53:098 kernel/(21831:21831): INICIANDO LOG kernel...
[INFO] 00:56:53:099 kernel/(21831:21831): Se Inicializan semaforos
[INFO] 00:56:53:099 kernel/(21831:21831): Se Inician Hilos
[INFO] 01:17:28:590 kernel/(22493:22493): INICIANDO LOG kernel...
[INFO] 01:17:28:591 kernel/(22493:22493): Se Inicializan semaforos
[INFO] 01:17:28:591 kernel/(22493:22493): Se Inician Hilos
[INFO] 01:17:28:592 kernel/(22493:22496): Hilo Blocked-SuspendedBlocked iniciando
[INFO] 01:17:28:592 kernel/(22493:22497): Hilo SuspendedBlocked-SuspendedReady iniciando
[INFO] 01:17:42:509 kernel/(22530:22530): INICIANDO LOG kernel...
[INFO] 01:17:42:510 kernel/(22530:22530): Se Inicializan semaforos
[INFO] 01:17:42:510 kernel/(22530:22530): Se Inician Hilos
[INFO] 01:17:42:514 kernel/(22530:22534): Hilo Blocked-SuspendedBlocked iniciando
[INFO] 01:17:42:517 kernel/(22530:22536): Hilo Blocked-Ready iniciando
[INFO] 01:17:42:519 kernel/(22530:22535): Hilo SuspendedBlocked-SuspendedReady iniciando
[INFO] 01:18:27:859 kernel/(22599:22599): INICIANDO LOG kernel...
[INFO] 01:18:27:859 kernel/(22599:22599): Se Inicializan semaforos
[INFO] 01:18:27:859 kernel/(22599:22599): Se Inician Hilos
[INFO] 01:18:27:860 kernel/(22599:22602): Hilo Blocked-SuspendedBlocked iniciando
[INFO] 01:18:27:860 kernel/(22599:22603): Hilo SuspendedBlocked-SuspendedReady iniciando
[INFO] 01:18:27:861 kernel/(22599:22604): Hilo Blocked-Ready iniciando
[INFO] 01:26:48:503 kernel/(22867:22867): INICIANDO LOG kernel...
[INFO] 01:26:48:505 kernel/(22867:22867): Se Inicializan semaforos
[INFO] 01:26:48:507 kernel/(22867:22867): Se Inician Hilos
[INFO] 01:26:48:509 kernel/(22867:22870): Hilo Blocked-SuspendedBlocked iniciando
[INFO] 01:26:48:510 kernel/(22867:22871): Hilo SuspendedBlocked-SuspendedReady iniciando
[INFO] 01:26:48:511 kernel/(22867:22872): Hilo Blocked-Ready iniciando
[INFO] 01:26:49:826 kernel/(22877:22877): INICIANDO LOG kernel...
[INFO] 01:26:49:827 kernel/(22877:22877): Se Inicializan semaforos
[INFO] 01:26:49:827 kernel/(22877:22877): Se Inician Hilos
[INFO] 01:26:51:254 kernel/(22883:22883): INICIANDO LOG kernel...
[INFO] 01:26:51:254 kernel/(22883:22883): Se Inicializan semaforos
[INFO] 01:26:51:254 kernel/(22883:22883): Se Inician Hilos
[INFO] 01:26:51:256 kernel/(22883:22886): Hilo Blocked-SuspendedBlocked iniciando
[INFO] 01:26:51:256 kernel/(22883:22887): Hilo SuspendedBlocked-SuspendedReady iniciando
[INFO] 01:26:51:256 kernel/(22883:22887): Hilo SuspendedBlocked-SuspendedReady iniciando
[INFO] 01:27:13:800 kernel/(22926:22926): INICIANDO LOG kernel...
[INFO] 01:27:13:800 kernel/(22926:22926): Se Inicializan semaforos
[INFO] 01:27:13:800 kernel/(22926:22926): Se Inician Hilos
[INFO] 01:27:13:804 kernel/(22926:22931): Hilo Blocked-Ready iniciando
[INFO] 01:27:13:804 kernel/(22926:22930): Hilo SuspendedBlocked-SuspendedReady iniciando
[INFO] 01:27:13:804 kernel/(22926:22929): Hilo Blocked-SuspendedBlocked iniciando
[INFO] 08:07:44:831 kernel/(18091:18091): INICIANDO LOG kernel...
[INFO] 08:07:44:831 kernel/(18091:18091): Se Inicializan semaforos
[INFO] 08:07:44:832 kernel/(18091:18091): Se Inician Hilos
[INFO] 08:20:05:557 kernel/(18504:18504): INICIANDO LOG kernel...
[INFO] 08:20:05:560 kernel/(18504:18504): Se Inicializan semaforos
[INFO] 08:20:05:560 kernel/(18504:18504): Se Inician Hilos
[INFO] 08:24:50:289 kernel/(18760:18760): INICIANDO LOG kernel...
[INFO] 08:24:50:289 kernel/(18760:18760): Se Inicializan semaforos
[INFO] 08:24:50:289 kernel/(18760:18760): Se Inician Hilos
[INFO] 08:24:18:979 kernel/(19130:19130): INICIANDO LOG kernel...
[INFO] 08:24:18:979 kernel/(19130:19130): Se Inicializan semaforos
[INFO] 08:24:18:979 kernel/(19130:19130): Se Inician Hilos
[INFO] 08:36:38:139 kernel/(19496:19496): INICIANDO LOG kernel...
[INFO] 08:36:38:140 kernel/(19496:19496): Se Inicializan semaforos
[INFO] 08:36:38:140 kernel/(19496:19496): Se Inician Hilos
[INFO] 08:47:29:069 kernel/(19759:19759): INICIANDO LOG kernel...
[INFO] 08:47:29:071 kernel/(19759:19759): Se Inicializan semaforos
[INFO] 08:47:29:071 kernel/(19759:19759): Se Inician Hilos
[INFO] 09:22:10:350 kernel/(20356:20356): INICIANDO LOG kernel...
[INFO] 09:22:10:350 kernel/(20356:20356): Se Inicializan semaforos
[INFO] 09:22:10:350 kernel/(20356:20356): Se Inician Hilos
[INFO] 09:22:31:638 kernel/(20605:20605): INICIANDO LOG kernel...
[INFO] 09:22:31:638 kernel/(20605:20605): Se Inicializan semaforos
[INFO] 09:22:31:638 kernel/(20605:20605): Se Inician Hilos
[INFO] 11:59:15:517 kernel/(22206:22206): INICIANDO LOG kernel...
[INFO] 11:59:15:523 kernel/(22206:22206): Se Inicializan semaforos
[INFO] 11:59:15:523 kernel/(22206:22206): Se Inician Hilos
[INFO] 11:59:23:913 kernel/(22286:22286): INICIANDO LOG kernel...
[INFO] 11:59:23:913 kernel/(22286:22286): Se Inicializan semaforos
[INFO] 11:59:23:913 kernel/(22286:22286): Se Inician Hilos
[INFO] 12:37:29:551 kernel/(23009:23009): INICIANDO LOG kernel...
[INFO] 12:37:29:551 kernel/(23009:23009): Se Inicializan semaforos
[INFO] 12:37:29:551 kernel/(23009:23009): Se Inician Hilos
[INFO] 08:20:30:317 kernel/(28269:28269): INICIANDO LOG kernel...
[INFO] 08:20:30:317 kernel/(28269:28269): Se Inicializan semaforos
[INFO] 08:20:30:317 kernel/(28269:28269): Se Inician Hilos
[INFO] 08:22:32:292 kernel/(28433:28433): INICIANDO LOG kernel...
[INFO] 08:22:32:298 kernel/(28433:28433): Se Inicializan semaforos
[INFO] 08:22:32:299 kernel/(28433:28433): Se Inician Hilos
[INFO] 08:22:32:301 kernel/(28433:28440): Hilo SuspendedBlocked-SuspendedReady iniciando
[INFO] 08:39:44:210 kernel/(29525:29525): INICIANDO LOG kernel...
[INFO] 08:39:44:216 kernel/(29525:29525): Se Inicializan semaforos
[INFO] 08:39:44:216 kernel/(29525:29525): Se Inician Hilos
[INFO] 08:39:49:660 kernel/(29638:29638): INICIANDO LOG kernel...
[INFO] 08:39:49:661 kernel/(29638:29638): Se Inicializan semaforos
[INFO] 08:39:49:661 kernel/(29638:29638): Se Inician Hilos
[INFO] 08:41:10:247 kernel/(29931:29931): INICIANDO LOG kernel...
[INFO] 08:41:10:251 kernel/(29931:29931): Se Inicializan semaforos
[INFO] 08:41:10:252 kernel/(29931:29931): Se Inician Hilos
[INFO] 08:44:01:632 kernel/(30260:30260): INICIANDO LOG kernel...
[INFO] 08:44:01:633 kernel/(30260:30260): Se Inicializan semaforos
[INFO] 08:44:01:633 kernel/(30260:30260): Se Inician Hilos
[INFO] 08:46:39:942 kernel/(30449:30449): INICIANDO LOG kernel...
[INFO] 08:46:39:942 kernel/(30449:30449): Se Inicializan semaforos
[INFO] 08:46:39:942 kernel/(30449:30449): Se Inician Hilos
[INFO] 08:56:45:294 kernel/(30940:30940): INICIANDO LOG kernel...
[INFO] 08:56:45:298 kernel/(30940:30940): Se Inicializan semaforos
[INFO] 08:56:45:299 kernel/(30940:30940): Se Inician Hilos
[INFO] 08:59:11:588 kernel/(31233:31233): INICIANDO LOG kernel...
[INFO] 08:59:11:603 kernel/(31233:31233): Se Inicializan semaforos
[INFO] 08:59:11:603 kernel/(31233:31233): Se Inician Hilos
[INFO] 09:00:56:082 kernel/(31489:31489): INICIANDO LOG kernel...
[INFO] 09:00:56:083 kernel/(31489:31489): Se Inicializan semaforos
[INFO] 09:00:56:083 kernel/(31489:31489): Se Inician Hilos
[INFO] 09:10:38:640 kernel/(31967:31967): INICIANDO LOG kernel...
[INFO] 09:10:38:649 kernel/(31967:31967): Se Inicializan semaforos
[INFO] 09:10:38:649 kernel/(31967:31967): Se Inician Hilos
[INFO] 09:11:56:754 kernel/(32254:32254): INICIANDO LOG kernel...
[INFO] 09:11:56:754 kernel/(32254:32254): Se Inicializan semaforos
[INFO] 09:11:56:754 kernel/(32254:32254): Se Inician Hilos
[INFO] 09:18:10:788 kernel/(32543:32543): INICIANDO LOG kernel...
[INFO] 09:18:10:791 kernel/(32543:32543): Se Inicializan semaforos
[INFO] 09:18:10:791 kernel/(32543:32543): Se Inician Hilos
[INFO] 09:55:08:605 kernel/(1553:1553): INICIANDO LOG kernel...
[INFO] 09:55:08:606 kernel/(1553:1553): Se Inicializan semaforos
[INFO] 09:55:08:606 kernel/(1553:1553): Se Inician Hilos
[INFO] 10:15:01:721 kernel/(2153:2153): INICIANDO LOG kernel...
[INFO] 10:15:01:722 kernel/(2153:2153): Se Inicializan semaforos
[INFO] 10:15:01:722 kernel/(2153:2153): Se Inician Hilos
[INFO] 10:16:12:065 kernel/(2418:2418): INICIANDO LOG kernel...
[INFO] 10:16:12:066 kernel/(2418:2418): Se Inicializan semaforos
[INFO] 10:16:12:066 kernel/(2418:2418): Se Inician Hilos
[INFO] 10:24:02:412 kernel/(2750:2750): INICIANDO LOG kernel...
[INFO] 10:24:02:417 kernel/(2750:2750): Se Inicializan semaforos
[INFO] 10:24:02:417 kernel/(2750:2750): Se Inician Hilos
[INFO] 10:26:08:013 kernel/(3060:3060): INICIANDO LOG kernel...
[INFO] 10:26:08:013 kernel/(3060:3060): Se Inicializan semaforos
[INFO] 10:26:08:013 kernel/(3060:3060): Se Inician Hilos
[INFO] 10:31:10:971 kernel/(3465:3465): INICIANDO LOG kernel...
[INFO] 10:31:10:977 kernel/(3465:3465): Se Inicializan semaforos
[INFO] 10:31:10:977 kernel/(3465:3465): Se Inician Hilos
[INFO] 10:58:49:052 kernel/(4215:4215): INICIANDO LOG kernel...
[INFO] 10:58:49:053 kernel/(4215:4215): Se Inicializan semaforos
[INFO] 10:58:49:053 kernel/(4215:4215): Se Inician Hilos
[INFO] 11:02:20:862 kernel/(4518:4518): INICIANDO LOG kernel...
[INFO] 11:02:20:863 kernel/(4518:4518): Se Inicializan semaforos
[INFO] 11:02:20:863 kernel/(4518:4518): Se Inician Hilos
[INFO] 11:05:13:908 kernel/(4816:4816): INICIANDO LOG kernel...
[INFO] 11:05:13:908 kernel/(4816:4816): Se Inicializan semaforos
[INFO] 11:05:13:908 kernel/(4816:4816): Se Inician Hilos
[INFO] 11:08:10:279 kernel/(5083:5083): INICIANDO LOG kernel...
[INFO] 11:08:10:282 kernel/(5083:5083): Se Inicializan semaforos
[INFO] 11:08:10:282 kernel/(5083:5083): Se Inician Hilos
[INFO] 11:16:00:334 kernel/(5343:5343): INICIANDO LOG kernel...
[INFO] 11:16:00:336 kernel/(5343:5343): Se Inicializan semaforos
[INFO] 11:16:00:336 kernel/(5343:5343): Se Inician Hilos
[INFO] 11:16:13:167 kernel/(5515:5515): INICIANDO LOG kernel...
[INFO] 11:16:13:174 kernel/(5515:5515): Se Inicializan semaforos
[INFO] 11:16:13:174 kernel/(5515:5515): Se Inician Hilos
[INFO] 11:24:36:950 kernel/(5808:5808): INICIANDO LOG kernel...
[INFO] 11:24:36:950 kernel/(5808:5808): Se Inicializan semaforos
[INFO] 11:24:36:950 kernel/(5808:5808): Se Inician Hilos
[INFO] 11:28:15:968 kernel/(6055:6055): INICIANDO LOG kernel...
[INFO] 11:28:15:976 kernel/(6055:6055): Se Inicializan semaforos
[INFO] 11:28:15:977 kernel/(6055:6055): Se Inician Hilos
[INFO] 11:39:21:426 kernel/(6455:6455): INICIANDO LOG kernel...
[INFO] 11:39:21:430 kernel/(6455:6455): Se Inicializan semaforos
[INFO] 11:39:21:431 kernel/(6455:6455): Se Inician Hilos
[INFO] 11:44:08:536 kernel/(6764:6764): INICIANDO LOG kernel...
[INFO] 11:44:08:541 kernel/(6764:6764): Se Inicializan semaforos
[INFO] 11:44:08:541 kernel/(6764:6764): Se Inician Hilos
[INFO] 11:44:40:541 kernel/(6939:6939): INICIANDO LOG kernel...
[INFO] 11:44:40:542 kernel/(6939:6939): Se Inicializan semaforos
[INFO] 11:44:40:542 kernel/(6939:6939): Se Inician Hilos
[INFO] 11:48:23:968 kernel/(7185:7185): INICIANDO LOG kernel...
[INFO] 11:48:23:971 kernel/(7185:7185): Se Inicializan semaforos
[INFO] 11:48:23:971 kernel/(7185:7185): Se Inician Hilos
[INFO] 11:49:06:658 kernel/(7614:7614): INICIANDO LOG kernel...
[INFO] 11:49:06:661 kernel/(7614:7614): Se Inicializan semaforos
[INFO] 11:49:06:661 kernel/(7614:7614): Se Inician Hilos
[INFO] 12:28:54:623 kernel/(8271:8271): INICIANDO LOG kernel...
[INFO] 12:28:54:623 kernel/(8271:8271): Se Inicializan semaforos
[INFO] 12:28:54:623 kernel/(8271:8271): Se Inician Hilos
[INFO] 12:40:28:792 kernel/(8687:8687): INICIANDO LOG kernel...
[INFO] 12:40:28:793 kernel/(8687:8687): Se Inicializan semaforos
[INFO] 12:40:28:793 kernel/(8687:8687): Se Inician Hilos
[INFO] 12:42:12:119 kernel/(9043:9043): INICIANDO LOG kernel...
[INFO] 12:42:12:120 kernel/(9043:9043): Se Inicializan semaforos
[INFO] 12:42:12:121 kernel/(9043:9043): Se Inician Hilos
[INFO] 12:52:36:558 kernel/(9657:9657): INICIANDO LOG kernel...
[INFO] 12:52:36:561 kernel/(9657:9657): Se Inicializan semaforos
[INFO] 12:52:36:561 kernel/(9657:9657): Se Inician Hilos
[INFO] 12:53:11:022 kernel/(9955:9955): INICIANDO LOG kernel...
[INFO] 12:53:11:023 kernel/(9955:9955): Se Inicializan semaforos
[INFO] 12:53:11:023 kernel/(9955:9955): Se Inician Hilos
[INFO] 12:59:28:841 kernel/(10382:10382): INICIANDO LOG kernel...
[INFO] 12:59:28:849 kernel/(10382:10382): Se Inicializan semaforos
[INFO] 12:59:28:849 kernel/(10382:10382): Se Inician Hilos
[INFO] 13:06:23:277 kernel/(10835:10835): INICIANDO LOG kernel...
[INFO] 13:06:23:279 kernel/(10835:10835): Se Inicializan semaforos
[INFO] 13:06:23:280 kernel/(10835:10835): Se Inician Hilos
[INFO] 14:43:13:472 kernel/(11934:11934): INICIANDO LOG kernel...
[INFO] 14:43:13:477 kernel/(11934:11934): Se Inicializan semaforos
[INFO] 14:43:13:477 kernel/(11934:11934): Se Inician Hilos
[INFO] 14:43:59:123 kernel/(12168:12168): INICIANDO LOG kernel...
[INFO] 14:43:59:123 kernel/(12168:12168): Se Inicializan semaforos
[INFO] 14:43:59:123 kernel/(12168:12168): Se Inician Hilos
[INFO] 14:47:44:658 kernel/(12438:12438): INICIANDO LOG kernel...
[INFO] 14:47:44:661 kernel/(12438:12438): Se Inicializan semaforos
[INFO] 14:47:44:661 kernel/(12438:12438): Se Inician Hilos
[INFO] 15:55:25:965 kernel/(13262:13262): INICIANDO LOG kernel...
[INFO] 15:55:25:969 kernel/(13262:13262): Se Inicializan semaforos
[INFO] 15:55:25:969 kernel/(13262:13262): Se Inician Hilos
[INFO] 15:58:07:025 kernel/(13459:13459): INICIANDO LOG kernel...
[INFO] 15:58:07:030 kernel/(13459:13459): Se Inicializan semaforos
[INFO] 15:58:07:030 kernel/(13459:13459): Se Inician Hilos
[INFO] 16:06:20:006 kernel/(13806:13806): INICIANDO LOG kernel...
[INFO] 16:06:20:006 kernel/(13806:13806): Se Inicializan semaforos
[INFO] 16:06:20:006 kernel/(13806:13806): Se Inician Hilos
[INFO] 16:25:25:257 kernel/(14464:14464): INICIANDO LOG kernel...
[INFO] 16:25:25:273 kernel/(14464:14464): Se Inicializan semaforos
[INFO] 16:25:25:273 kernel/(14464:14464): Se Inician Hilos
[INFO] 16:26:06:587 kernel/(14701:14701): INICIANDO LOG kernel...
[INFO] 16:26:06:590 kernel/(14701:14701): Se Inicializan semaforos
[INFO] 16:26:06:590 kernel/(14701:14701): Se Inician Hilos
[INFO] 16:30:22:449 kernel/(14983:14983): INICIANDO LOG kernel...
[INFO] 16:30:22:452 kernel/(14983:14983): Se Inicializan semaforos
[INFO] 16:30:22:452 kernel/(14983:14983): Se Inician Hilos
[INFO] 16:32:33:285 kernel/(15245:15245): INICIANDO LOG kernel...
[INFO] 16:32:33:287 kernel/(15245:15245): Se Inicializan semaforos
[INFO] 16:32:33:287 kernel/(15245:15245): Se Inician Hilos
[INFO] 17:08:52:069 kernel/(15893:15893): INICIANDO LOG kernel...
[INFO] 17:08:52:077 kernel/(15893:15893): Se Inicializan semaforos
[INFO] 17:08:52:077 kernel/(15893:15893): Se Inician Hilos
[INFO] 17:11:27:694 kernel/(16136:16136): INICIANDO LOG kernel...
[INFO] 17:11:27:697 kernel/(16136:16136): Se Inicializan semaforos
[INFO] 17:11:27:697 kernel/(16136:16136): Se Inician Hilos
[INFO] 17:16:14:191 kernel/(16462:16462): INICIANDO LOG kernel...
[INFO] 17:16:14:191 kernel/(16462:16462): Se Inicializan semaforos
[INFO] 17:16:14:191 kernel/(16462:16462): Se Inician Hilos
[INFO] 17:19:14:172 kernel/(16717:16717): INICIANDO LOG kernel...
[INFO] 17:19:14:173 kernel/(16717:16717): Se Inicializan semaforos
[INFO] 17:19:14:173 kernel/(16717:16717): Se Inician Hilos
[INFO] 17:24:14:441 kernel/(17036:17036): INICIANDO LOG kernel...
[INFO] 17:24:14:443 kernel/(17036:17036): Se Inicializan semaforos
[INFO] 17:24:14:443 kernel/(17036:17036): Se Inician Hilos
[INFO] 17:31:03:127 kernel/(17456:17456): INICIANDO LOG kernel...
[INFO] 17:31:03:132 kernel/(17456:17456): Se Inicializan semaforos
[INFO] 17:31:03:132 kernel/(17456:17456): Se Inician Hilos
[INFO] 17:34:03:283 kernel/(17756:17756): INICIANDO LOG kernel...
[INFO] 17:34:03:283 kernel/(17756:17756): Se Inicializan semaforos
[INFO] 17:34:03:283 kernel/(17756:17756): Se Inician Hilos
[INFO] 17:41:56:068 kernel/(4722:4722): INICIANDO LOG kernel...
[INFO] 17:41:56:087 kernel/(4722:4722): Se Inicializan semaforos
[INFO] 17:41:56:087 kernel/(4722:4722): Se Inician Hilos
[INFO] 17:42:48:308 kernel/(4970:4970): INICIANDO LOG kernel...
[INFO] 17:42:48:311 kernel/(4970:4970): Se Inicializan semaforos
[INFO] 17:42:48:313 kernel/(4970:4970): Se Inician Hilos
[INFO] 17:51:26:922 kernel/(5597:5597): INICIANDO LOG kernel...
[INFO] 17:51:26:929 kernel/(5597:5597): Se Inicializan semaforos
[INFO] 17:51:26:930 kernel/(5597:5597): Se Inician Hilos
[INFO] 18:02:44:709 kernel/(6119:6119): INICIANDO LOG kernel...
[INFO] 18:02:44:711 kernel/(6119:6119): Se Inicializan semaforos
[INFO] 18:02:44:714 kernel/(6119:6119): Se Inician Hilos
[INFO] 18:05:43:733 kernel/(6430:6430): INICIANDO LOG kernel...
[INFO] 18:05:43:736 kernel/(6430:6430): Se Inicializan semaforos
[INFO] 18:05:43:737 kernel/(6430:6430): Se Inician Hilos
[INFO] 18:08:24:293 kernel/(6677:6677): INICIANDO LOG kernel...
[INFO] 18:08:24:296 kernel/(6677:6677): Se Inicializan semaforos
[INFO] 18:08:24:297 kernel/(6677:6677): Se Inician Hilos
[INFO] 17:16:09:936 kernel/(5807:5807): INICIANDO LOG kernel...
[INFO] 17:16:09:987 kernel/(5807:5807): Se Inicializan semaforos
[INFO] 17:16:09:989 kernel/(5807:5807): Se Inician Hilos
[INFO] 17:17:55:037 kernel/(5823:5823): INICIANDO LOG kernel...
[INFO] 17:17:55:087 kernel/(5823:5823): Se Inicializan semaforos
[INFO] 17:17:55:089 kernel/(5823:5823): Se Inician Hilos
[INFO] 17:18:29:119 kernel/(5840:5840): INICIANDO LOG kernel...
[INFO] 17:18:29:169 kernel/(5840:5840): Se Inicializan semaforos
[INFO] 17:18:29:171 kernel/(5840:5840): Se Inician Hilos
[INFO] 17:25:07:940 kernel/(6024:6024): INICIANDO LOG kernel...
[INFO] 17:25:07:990 kernel/(6024:6024): Se Inicializan semaforos
[INFO] 17:25:07:992 kernel/(6024:6024): Se Inician Hilos
[INFO] 17:25:44:574 kernel/(6045:6045): INICIANDO LOG kernel...
[INFO] 17:25:44:575 kernel/(6045:6045): Se Inicializan semaforos
[INFO] 17:25:44:575 kernel/(6045:6045): Se Inician Hilos
[INFO] 17:26:18:926 kernel/(6074:6074): INICIANDO LOG kernel...
[INFO] 17:26:18:926 kernel/(6074:6074): Se Inicializan semaforos
[INFO] 17:26:18:927 kernel/(6074:6074): Se Inician Hilos
[INFO] 17:26:52:393 kernel/(6348:6348): INICIANDO LOG kernel...
[INFO] 17:26:52:393 kernel/(6348:6348): Se Inicializan semaforos
[INFO] 17:26:52:394 kernel/(6348:6348): Se Inician Hilos
[INFO] 17:27:22:139 kernel/(6374:6374): INICIANDO LOG kernel...
[INFO] 17:27:22:193 kernel/(6374:6374): Se Inicializan semaforos
[INFO] 17:27:22:195 kernel/(6374:6374): Se Inician Hilos
[INFO] 17:43:34:238 kernel/(6857:6857): INICIANDO LOG kernel...
[INFO] 17:43:34:288 kernel/(6857:6857): Se Inicializan semaforos
[INFO] 17:43:34:290 kernel/(6857:6857): Se Inician Hilos
[INFO] 17:43:58:079 kernel/(6877:6877): INICIANDO LOG kernel...
[INFO] 17:43:58:130 kernel/(6877:6877): Se Inicializan semaforos
[INFO] 17:43:58:131 kernel/(6877:6877): Se Inician Hilos
[INFO] 17:46:30:633 kernel/(6965:6965): INICIANDO LOG kernel...
[INFO] 17:46:30:683 kernel/(6965:6965): Se Inicializan semaforos
[INFO] 17:46:30:684 kernel/(6965:6965): Se Inician Hilos
[INFO] 18:13:31:317 kernel/(7490:7490): INICIANDO LOG kernel...
[INFO] 18:13:31:367 kernel/(7490:7490): Se Inicializan semaforos
[INFO] 18:13:31:368 kernel/(7490:7490): Se Inician Hilos
[INFO] 18:18:21:823 kernel/(7806:7806): INICIANDO LOG kernel...
[INFO] 18:18:21:873 kernel/(7806:7806): Se Inicializan semaforos
[INFO] 18:18:21:874 kernel/(7806:7806): Se Inician Hilos
[INFO] 18:18:35:034 kernel/(7823:7823): INICIANDO LOG kernel...
[INFO] 18:18:35:085 kernel/(7823:7823): Se Inicializan semaforos
[INFO] 18:18:35:087 kernel/(7823:7823): Se Inician Hilos
[INFO] 18:21:12:393 kernel/(7892:7892): INICIANDO LOG kernel...
[INFO] 18:21:12:444 kernel/(7892:7892): Se Inicializan semaforos
[INFO] 18:21:12:446 kernel/(7892:7892): Se Inician Hilos
[INFO] 18:24:53:564 kernel/(8079:8079): INICIANDO LOG kernel...
[INFO] 18:24:53:615 kernel/(8079:8079): Se Inicializan semaforos
[INFO] 18:24:53:617 kernel/(8079:8079): Se Inician Hilos
[INFO] 22:21:09:487 kernel/(4398:4398): INICIANDO LOG kernel...
[INFO] 22:21:09:502 kernel/(4398:4398): Se Inicializan semaforos
[INFO] 22:21:09:502 kernel/(4398:4398): Se Inician Hilos
[INFO] 22:21:51:113 kernel/(4501:4501): INICIANDO LOG kernel...
[INFO] 22:21:51:113 kernel/(4501:4501): Se Inicializan semaforos
[INFO] 22:21:51:113 kernel/(4501:4501): Se Inician Hilos
[INFO] 22:21:53:893 kernel/(4504:4504): INICIANDO LOG kernel...
[INFO] 22:21:53:894 kernel/(4504:4504): Se Inicializan semaforos
[INFO] 22:21:53:894 kernel/(4504:4504): Se Inician Hilos
[INFO] 22:21:58:031 kernel/(4507:4507): INICIANDO LOG kernel...
[INFO] 22:21:58:031 kernel/(4507:4507): Se Inicializan semaforos
[INFO] 22:21:58:031 kernel/(4507:4507): Se Inician Hilos
[INFO] 22:22:20:596 kernel/(4560:4560): INICIANDO LOG kernel...
[INFO] 22:22:20:597 kernel/(4560:4560): Se Inicializan semaforos
[INFO] 22:22:20:597 kernel/(4560:4560): Se Inician Hilos
[INFO] 22:25:11:285 kernel/(4784:4784): INICIANDO LOG kernel...
[INFO] 22:25:11:285 kernel/(4784:4784): Se Inicializan semaforos
[INFO] 22:25:11:285 kernel/(4784:4784): Se Inician Hilos
[INFO] 22:29:43:030 kernel/(5145:5145): INICIANDO LOG kernel...
[INFO] 22:29:43:031 kernel/(5145:5145): Se Inicializan semaforos
[INFO] 22:29:43:031 kernel/(5145:5145): Se Inician Hilos
[INFO] 22:36:06:618 kernel/(5592:5592): INICIANDO LOG kernel...
[INFO] 22:36:06:619 kernel/(5592:5592): Se Inicializan semaforos
[INFO] 22:36:06:619 kernel/(5592:5592): Se Inician Hilos
[INFO] 22:38:47:753 kernel/(5776:5776): INICIANDO LOG kernel...
[INFO] 22:38:47:753 kernel/(5776:5776): Se Inicializan semaforos
[INFO] 22:38:47:753 kernel/(5776:5776): Se Inician Hilos
[INFO] 22:43:02:848 kernel/(5912:5912): INICIANDO LOG kernel...
[INFO] 22:43:02:849 kernel/(5912:5912): Se Inicializan semaforos
[INFO] 22:43:02:849 kernel/(5912:5912): Se Inician Hilos
[INFO] 22:43:04:817 kernel/(5915:5915): INICIANDO LOG kernel...
[INFO] 22:43:04:818 kernel/(5915:5915): Se Inicializan semaforos
[INFO] 22:43:04:818 kernel/(5915:5915): Se Inician Hilos
[INFO] 22:43:26:054 kernel/(5926:5926): INICIANDO LOG kernel...
[INFO] 22:43:26:055 kernel/(5926:5926): Se Inicializan semaforos
[INFO] 22:43:26:055 kernel/(5926:5926): Se Inician Hilos
[INFO] 22:43:58:050 kernel/(5944:5944): INICIANDO LOG kernel...
[INFO] 22:43:58:050 kernel/(5944:5944): Se Inicializan semaforos
[INFO] 22:43:58:050 kernel/(5944:5944): Se Inician Hilos
[INFO] 22:44:07:279 kernel/(5953:5953): INICIANDO LOG kernel...
[INFO] 22:44:07:279 kernel/(5953:5953): Se Inicializan semaforos
[INFO] 22:44:07:279 kernel/(5953:5953): Se Inician Hilos
[INFO] 22:50:26:251 kernel/(6124:6124): INICIANDO LOG kernel...
[INFO] 22:50:26:251 kernel/(6124:6124): Se Inicializan semaforos
[INFO] 22:50:26:251 kernel/(6124:6124): Se Inician Hilos
[INFO] 22:50:40:002 kernel/(6135:6135): INICIANDO LOG kernel...
[INFO] 22:50:40:003 kernel/(6135:6135): Se Inicializan semaforos
[INFO] 22:50:40:003 kernel/(6135:6135): Se Inician Hilos
[INFO] 22:50:44:245 kernel/(6139:6139): INICIANDO LOG kernel...
[INFO] 22:50:44:245 kernel/(6139:6139): Se Inicializan semaforos
[INFO] 22:50:44:245 kernel/(6139:6139): Se Inician Hilos
[INFO] 22:50:48:352 kernel/(6144:6144): INICIANDO LOG kernel...
[INFO] 22:50:48:352 kernel/(6144:6144): Se Inicializan semaforos
[INFO] 22:50:48:352 kernel/(6144:6144): Se Inician Hilos
[INFO] 22:52:12:534 kernel/(6231:6231): INICIANDO LOG kernel...
[INFO] 22:52:12:535 kernel/(6231:6231): Se Inicializan semaforos
[INFO] 22:52:12:535 kernel/(6231:6231): Se Inician Hilos
[INFO] 22:52:22:955 kernel/(6243:6243): INICIANDO LOG kernel...
[INFO] 22:52:22:956 kernel/(6243:6243): Se Inicializan semaforos
[INFO] 22:52:22:956 kernel/(6243:6243): Se Inician Hilos
[INFO] 22:54:23:956 kernel/(6320:6320): INICIANDO LOG kernel...
[INFO] 22:54:23:956 kernel/(6320:6320): Se Inicializan semaforos
[INFO] 22:54:23:956 kernel/(6320:6320): Se Inician Hilos
[INFO] 22:55:42:424 kernel/(6342:6342): INICIANDO LOG kernel...
[INFO] 22:55:42:424 kernel/(6342:6342): Se Inicializan semaforos
[INFO] 22:55:42:424 kernel/(6342:6342): Se Inician Hilos
[INFO] 02:13:50:627 kernel/(3386:3386): INICIANDO LOG kernel...
[INFO] 02:13:50:628 kernel/(3386:3386): Se Inicializan semaforos
[INFO] 02:13:50:628 kernel/(3386:3386): Se Inician Hilos
[INFO] 02:17:58:145 kernel/(3423:3423): INICIANDO LOG kernel...
[INFO] 02:17:58:229 kernel/(3423:3423): Se Inicializan semaforos
[INFO] 02:17:58:232 kernel/(3423:3423): Se Inician Hilos
[INFO] 02:23:57:370 kernel/(3538:3538): INICIANDO LOG kernel...
[INFO] 02:23:57:371 kernel/(3538:3538): Se Inicializan semaforos
[INFO] 02:23:57:371 kernel/(3538:3538): Se Inician Hilos
[INFO] 02:25:37:717 kernel/(3551:3551): INICIANDO LOG kernel...
[INFO] 02:25:37:717 kernel/(3551:3551): Se Inicializan semaforos
[INFO] 02:25:37:718 kernel/(3551:3551): Se Inician Hilos
[INFO] 02:31:49:208 kernel/(3676:3676): INICIANDO LOG kernel...
[INFO] 02:31:49:292 kernel/(3676:3676): Se Inicializan semaforos
[INFO] 02:31:49:294 kernel/(3676:3676): Se Inician Hilos
[INFO] 02:31:56:592 kernel/(3683:3683): INICIANDO LOG kernel...
[INFO] 02:31:56:676 kernel/(3683:3683): Se Inicializan semaforos
[INFO] 02:31:56:679 kernel/(3683:3683): Se Inician Hilos
